Added Pin To Net: NetName=NetC1_1 Pin=C1-1
Added Pin To Net: NetName=GND Pin=C1-2
Added Pin To Net: NetName=+3.3V Pin=C2-1
Added Pin To Net: NetName=GND Pin=C2-2
Added Pin To Net: NetName=NetC1_1 Pin=C3-1
Added Pin To Net: NetName=GND Pin=C3-2
Added Pin To Net: NetName=+5V Pin=C4-1
Added Pin To Net: NetName=GND Pin=C4-2
Added Pin To Net: NetName=NetC1_1 Pin=C5-1
Added Pin To Net: NetName=GND Pin=C5-2
Added Pin To Net: NetName=NetC1_1 Pin=C6-1
Added Pin To Net: NetName=GND Pin=C6-2
Added Pin To Net: NetName=+9V Pin=C7-1
Added Pin To Net: NetName=GND Pin=C7-2
Added Pin To Net: NetName=GND Pin=C8-1
Added Pin To Net: NetName=NetC8_2 Pin=C8-2
Added Pin To Net: NetName=GND Pin=C9-1
Added Pin To Net: NetName=NetC8_2 Pin=C9-2
Added Pin To Net: NetName=GND Pin=C10-1
Added Pin To Net: NetName=-9V Pin=C10-2
Added Pin To Net: NetName=NetD1_1 Pin=D1-1
Added Pin To Net: NetName=NetD1_2 Pin=D1-2
Added Pin To Net: NetName=NetC8_2 Pin=D1-3
Added Pin To Net: NetName=NetC1_1 Pin=D1-4
Added Pin To Net: NetName=NetP1_2 Pin=R1-1
Added Pin To Net: NetName=+9V Pin=R1-2
Added Pin To Net: NetName=-9V Pin=R2-1
Added Pin To Net: NetName=NetP2_1 Pin=R2-2
Added Pin To Net: NetName=NetD2_2 Pin=U2-2
Added Pin To Net: NetName=NetD2_1 Pin=U2-3
Added Pin To Net: NetName=GND Pin=U2-5
Added Pin To Net: NetName=NetR7_1 Pin=U2-6
Added Pin To Net: NetName=NetR9_2 Pin=U2-7
Added Pin To Net: NetName=+5V Pin=U2-8
Added Pin To Net: NetName=NetC1_1 Pin=VR1-1
Added Pin To Net: NetName=GND Pin=VR1-2
Added Pin To Net: NetName=+3.3V Pin=VR1-3
Added Pin To Net: NetName=NetC1_1 Pin=VR2-1
Added Pin To Net: NetName=GND Pin=VR2-2
Added Pin To Net: NetName=+5V Pin=VR2-3
Added Pin To Net: NetName=NetC1_1 Pin=VR3-1
Added Pin To Net: NetName=NetP1_2 Pin=VR3-2
Added Pin To Net: NetName=+9V Pin=VR3-3
Added Pin To Net: NetName=NetC8_2 Pin=VR4-1
Added Pin To Net: NetName=NetC8_2 Pin=VR4-1
Added Pin To Net: NetName=NetC8_2 Pin=VR4-1
Added Pin To Net: NetName=NetC8_2 Pin=VR4-1
Added Pin To Net: NetName=NetP2_1 Pin=VR4-2
Added Pin To Net: NetName=-9V Pin=VR4-3
