Change Physical Footprint: Designator=C1 Old Footprint=CAPC1608N New Footprint=CAPC1608N
Change Physical Footprint: Designator=C2 Old Footprint=CAPC1608N New Footprint=CAPC1608N
Change Physical Footprint: Designator=C3 Old Footprint=CAPC1608N New Footprint=CAPC1608N
Change Physical Footprint: Designator=C4 Old Footprint=CAPC1608N New Footprint=CAPC1608N
Change Physical Footprint: Designator=C5 Old Footprint=Condo electro 13 New Footprint=Condo electro 13
Change Physical Footprint: Designator=C6 Old Footprint=CAPC1608N New Footprint=CAPC1608N
Change Physical Footprint: Designator=C7 Old Footprint=CAPC1608N New Footprint=CAPC1608N
Change Physical Footprint: Designator=C8 Old Footprint=Condo electro 13 New Footprint=Condo electro 13
Change Physical Footprint: Designator=C9 Old Footprint=CAPC1608N New Footprint=CAPC1608N
Change Physical Footprint: Designator=C10 Old Footprint=CAPC1608N New Footprint=CAPC1608N
Change Physical Footprint: Designator=C11 Old Footprint=CAPC1608N New Footprint=CAPC1608N
Change Physical Footprint: Designator=C12 Old Footprint=CAPC1608N New Footprint=CAPC1608N
Change Physical Footprint: Designator=C13 Old Footprint=CAPC1608N New Footprint=CAPC1608N
Change Physical Footprint: Designator=C14 Old Footprint=CAPC1608N New Footprint=CAPC1608N
Change Physical Footprint: Designator=C15 Old Footprint=CAPC1608N New Footprint=CAPC1608N
Change Physical Footprint: Designator=C16 Old Footprint=CAPC1608N New Footprint=CAPC1608N
Change Physical Footprint: Designator=C17 Old Footprint=CAPC1608N New Footprint=CAPC1608N
Change Physical Footprint: Designator=C18 Old Footprint=CAPC1608N New Footprint=CAPC1608N
Change Physical Footprint: Designator=C19 Old Footprint=CAPC1608N New Footprint=CAPC1608N
Change Physical Footprint: Designator=C20 Old Footprint=CAPC1608N New Footprint=CAPC1608N
Change Physical Footprint: Designator=C21 Old Footprint=CAPC1608N New Footprint=CAPC1608N
Change Physical Footprint: Designator=C22 Old Footprint=CAPC1608N New Footprint=CAPC1608N
Change Physical Footprint: Designator=C23 Old Footprint=CAPC1608N New Footprint=CAPC1608N
Change Physical Footprint: Designator=C24 Old Footprint=CAPC1608N New Footprint=CAPC1608N
Change Physical Footprint: Designator=C25 Old Footprint=CAPC1608N New Footprint=CAPC1608N
Change Physical Footprint: Designator=C26 Old Footprint=CAPC1608N New Footprint=CAPC1608N
Change Physical Footprint: Designator=C27 Old Footprint=CAPC1608N New Footprint=CAPC1608N
Change Physical Footprint: Designator=C28 Old Footprint=CAPC1608N New Footprint=CAPC1608N
Change Physical Footprint: Designator=C29 Old Footprint=CAPC1608N New Footprint=CAPC1608N
Change Physical Footprint: Designator=C30 Old Footprint=CAPC1608N New Footprint=CAPC1608N
Change Physical Footprint: Designator=C31 Old Footprint=CAPC1608N New Footprint=CAPC1608N
Change Physical Footprint: Designator=C32 Old Footprint=CAPC1608N New Footprint=CAPC1608N
Change Physical Footprint: Designator=C33 Old Footprint=CAPC1608N New Footprint=CAPC1608N
Change Physical Footprint: Designator=C34 Old Footprint=CAPC1608N New Footprint=CAPC1608N
Change Physical Footprint: Designator=C35 Old Footprint=CAPC1608N New Footprint=CAPC1608N
Change Physical Footprint: Designator=C36 Old Footprint=CAPC1608N New Footprint=CAPC1608N
Change Physical Footprint: Designator=C37 Old Footprint=CAPC1608N New Footprint=CAPC1608N
Change Physical Footprint: Designator=C38 Old Footprint=CAPC1608N New Footprint=CAPC1608N
Change Physical Footprint: Designator=C39 Old Footprint=CAPC1608N New Footprint=CAPC1608N
Change Physical Footprint: Designator=C40 Old Footprint=CAPC1608N New Footprint=CAPC1608N
Change Physical Footprint: Designator=C41 Old Footprint=CAPC1608N New Footprint=CAPC1608N
Change Physical Footprint: Designator=C42 Old Footprint=CAPC1608N New Footprint=CAPC1608N
Change Physical Footprint: Designator=C43 Old Footprint=CAPC1608N New Footprint=CAPC1608N
Change Physical Footprint: Designator=C44 Old Footprint=CAPC1608N New Footprint=CAPC1608N
Change Physical Footprint: Designator=C45 Old Footprint=CAPC1608N New Footprint=CAPC1608N
Change Physical Footprint: Designator=C46 Old Footprint=CAPC1608N New Footprint=CAPC1608N
Change Physical Footprint: Designator=C47 Old Footprint=CAPC1608N New Footprint=CAPC1608N
Change Physical Footprint: Designator=C48 Old Footprint=CAPC1608N New Footprint=CAPC1608N
Change Physical Footprint: Designator=C49 Old Footprint=CAPC1608N New Footprint=CAPC1608N
Change Physical Footprint: Designator=C50 Old Footprint=CAPC1608N New Footprint=CAPC1608N
Change Physical Footprint: Designator=C51 Old Footprint=CAPC1608N New Footprint=CAPC1608N
Change Physical Footprint: Designator=C52 Old Footprint=CAPC1608N New Footprint=CAPC1608N
Change Physical Footprint: Designator=C53 Old Footprint=CAPC1608N New Footprint=CAPC1608N
Change Physical Footprint: Designator=C54 Old Footprint=CAPC1608N New Footprint=CAPC1608N
Change Physical Footprint: Designator=C55 Old Footprint=CAPC1608N New Footprint=CAPC1608N
Change Physical Footprint: Designator=C56 Old Footprint=CAPC1608N New Footprint=CAPC1608N
Change Physical Footprint: Designator=C57 Old Footprint=CAPC1608N New Footprint=CAPC1608N
Change Physical Footprint: Designator=D1 Old Footprint=MB8S New Footprint=MB8S
Change Physical Footprint: Designator=D2 Old Footprint=1N914 New Footprint=1N914
Change Physical Footprint: Designator=D3 Old Footprint=1N914 New Footprint=1N914
Change Physical Footprint: Designator=D4 Old Footprint=LED New Footprint=LED
Change Physical Footprint: Designator=D5 Old Footprint=LED New Footprint=LED
Change Physical Footprint: Designator=D6 Old Footprint=LED New Footprint=LED
Change Physical Footprint: Designator=D7 Old Footprint=LED New Footprint=LED
Change Physical Footprint: Designator=D8 Old Footprint=LED New Footprint=LED
Change Physical Footprint: Designator=D9 Old Footprint=LED New Footprint=LED
Change Physical Footprint: Designator=D10 Old Footprint=LED New Footprint=LED
Change Physical Footprint: Designator=D11 Old Footprint=LED New Footprint=LED
Change Physical Footprint: Designator=D12 Old Footprint=LED New Footprint=LED
Change Physical Footprint: Designator=Display1 Old Footprint=Display New Footprint=Display
Change Physical Footprint: Designator=EA Old Footprint=EC12E New Footprint=EC12E
Change Physical Footprint: Designator=EB Old Footprint=EC12E New Footprint=EC12E
Change Physical Footprint: Designator=EC Old Footprint=EC12E New Footprint=EC12E
Change Physical Footprint: Designator=ED Old Footprint=EC12E New Footprint=EC12E
Change Physical Footprint: Designator=J1 Old Footprint=RJ11 New Footprint=RJ11
Change Physical Footprint: Designator=J2 Old Footprint=SOCKET MIDI New Footprint=SOCKET MIDI
Change Physical Footprint: Designator=J3 Old Footprint=SOCKET MIDI New Footprint=SOCKET MIDI
Change Physical Footprint: Designator=J4 Old Footprint=Header 3 New Footprint=Header 3
Change Physical Footprint: Designator=P1 Old Footprint=BOURNS Trim pot New Footprint=BOURNS Trim pot
Change Physical Footprint: Designator=P2 Old Footprint=BOURNS Trim pot New Footprint=BOURNS Trim pot
Change Physical Footprint: Designator=P3 Old Footprint=BOURNS Trim pot New Footprint=BOURNS Trim pot
Change Physical Footprint: Designator=P4 Old Footprint=BOURNS Trim pot New Footprint=BOURNS Trim pot
Change Physical Footprint: Designator=P5 Old Footprint=BOURNS Trim pot New Footprint=BOURNS Trim pot
Change Physical Footprint: Designator=P6 Old Footprint=BOURNS Trim pot New Footprint=BOURNS Trim pot
Change Physical Footprint: Designator=P7 Old Footprint=CAPC1608N New Footprint=CAPC1608N
Change Physical Footprint: Designator=P8 Old Footprint=BOURNS Trim pot New Footprint=BOURNS Trim pot
Change Physical Footprint: Designator=P9 Old Footprint=ALPS Potentiometer New Footprint=ALPS Potentiometer
Change Physical Footprint: Designator=P10 Old Footprint=BOURNS Trim pot New Footprint=BOURNS Trim pot
Change Physical Footprint: Designator=Power Old Footprint=Header 3 New Footprint=Header 3
Change Physical Footprint: Designator=Q1 Old Footprint=2N3906 New Footprint=2N3906
Change Physical Footprint: Designator=Q2 Old Footprint=2N3906 New Footprint=2N3906
Change Physical Footprint: Designator=Q3 Old Footprint=2N3906 New Footprint=2N3906
Change Physical Footprint: Designator=Q4 Old Footprint=2N3906 New Footprint=2N3906
Change Physical Footprint: Designator=R1 Old Footprint=CAPC1608N New Footprint=CAPC1608N
Change Physical Footprint: Designator=R2 Old Footprint=CAPC1608N New Footprint=CAPC1608N
Change Physical Footprint: Designator=R3 Old Footprint=CAPC1608N New Footprint=CAPC1608N
Change Physical Footprint: Designator=R4 Old Footprint=CAPC1608N New Footprint=CAPC1608N
Change Physical Footprint: Designator=R5 Old Footprint=CAPC1608N New Footprint=CAPC1608N
Change Physical Footprint: Designator=R6 Old Footprint=CAPC1608N New Footprint=CAPC1608N
Change Physical Footprint: Designator=R7 Old Footprint=CAPC1608N New Footprint=CAPC1608N
Change Physical Footprint: Designator=R8 Old Footprint=CAPC1608N New Footprint=CAPC1608N
Change Physical Footprint: Designator=R9 Old Footprint=CAPC1608N New Footprint=CAPC1608N
Change Physical Footprint: Designator=R10 Old Footprint=CAPC1608N New Footprint=CAPC1608N
Change Physical Footprint: Designator=R11 Old Footprint=CAPC1608N New Footprint=CAPC1608N
Change Physical Footprint: Designator=R12 Old Footprint=CAPC1608N New Footprint=CAPC1608N
Change Physical Footprint: Designator=R13 Old Footprint=CAPC1608N New Footprint=CAPC1608N
Change Physical Footprint: Designator=R14 Old Footprint=CAPC1608N New Footprint=CAPC1608N
Change Physical Footprint: Designator=R15 Old Footprint=CAPC1608N New Footprint=CAPC1608N
Change Physical Footprint: Designator=R16 Old Footprint=CAPC1608N New Footprint=CAPC1608N
Change Physical Footprint: Designator=R17 Old Footprint=CAPC1608N New Footprint=CAPC1608N
Change Physical Footprint: Designator=R18 Old Footprint=CAPC1608N New Footprint=CAPC1608N
Change Physical Footprint: Designator=R19 Old Footprint=CAPC1608N New Footprint=CAPC1608N
Change Physical Footprint: Designator=R20 Old Footprint=CAPC1608N New Footprint=CAPC1608N
Change Physical Footprint: Designator=R21 Old Footprint=CAPC1608N New Footprint=CAPC1608N
Change Physical Footprint: Designator=R22 Old Footprint=CAPC1608N New Footprint=CAPC1608N
Change Physical Footprint: Designator=R23 Old Footprint=CAPC1608N New Footprint=CAPC1608N
Change Physical Footprint: Designator=R24 Old Footprint=CAPC1608N New Footprint=CAPC1608N
Change Physical Footprint: Designator=R25 Old Footprint=CAPC1608N New Footprint=CAPC1608N
Change Physical Footprint: Designator=R26 Old Footprint=CAPC1608N New Footprint=CAPC1608N
Change Physical Footprint: Designator=R27 Old Footprint=CAPC1608N New Footprint=CAPC1608N
Change Physical Footprint: Designator=R28 Old Footprint=CAPC1608N New Footprint=CAPC1608N
Change Physical Footprint: Designator=R29 Old Footprint=CAPC1608N New Footprint=CAPC1608N
Change Physical Footprint: Designator=R30 Old Footprint=CAPC1608N New Footprint=CAPC1608N
Change Physical Footprint: Designator=R31 Old Footprint=CAPC1608N New Footprint=CAPC1608N
Change Physical Footprint: Designator=R32 Old Footprint=CAPC1608N New Footprint=CAPC1608N
Change Physical Footprint: Designator=R33 Old Footprint=CAPC1608N New Footprint=CAPC1608N
Change Physical Footprint: Designator=R34 Old Footprint=CAPC1608N New Footprint=CAPC1608N
Change Physical Footprint: Designator=R35 Old Footprint=CAPC1608N New Footprint=CAPC1608N
Change Physical Footprint: Designator=R36 Old Footprint=CAPC1608N New Footprint=CAPC1608N
Change Physical Footprint: Designator=R37 Old Footprint=CAPC1608N New Footprint=CAPC1608N
Change Physical Footprint: Designator=R38 Old Footprint=CAPC1608N New Footprint=CAPC1608N
Change Physical Footprint: Designator=R39 Old Footprint=CAPC1608N New Footprint=CAPC1608N
Change Physical Footprint: Designator=R40 Old Footprint=CAPC1608N New Footprint=CAPC1608N
Change Physical Footprint: Designator=R41 Old Footprint=CAPC1608N New Footprint=CAPC1608N
Change Physical Footprint: Designator=R42 Old Footprint=CAPC1608N New Footprint=CAPC1608N
Change Physical Footprint: Designator=R43 Old Footprint=CAPC1608N New Footprint=CAPC1608N
Change Physical Footprint: Designator=R44 Old Footprint=CAPC1608N New Footprint=CAPC1608N
Change Physical Footprint: Designator=R45 Old Footprint=CAPC1608N New Footprint=CAPC1608N
Change Physical Footprint: Designator=R46 Old Footprint=CAPC1608N New Footprint=CAPC1608N
Change Physical Footprint: Designator=R47 Old Footprint=CAPC1608N New Footprint=CAPC1608N
Change Physical Footprint: Designator=R48 Old Footprint=CAPC1608N New Footprint=CAPC1608N
Change Physical Footprint: Designator=R49 Old Footprint=CAPC1608N New Footprint=CAPC1608N
Change Physical Footprint: Designator=R50 Old Footprint=CAPC1608N New Footprint=CAPC1608N
Change Physical Footprint: Designator=R51 Old Footprint=CAPC1608N New Footprint=CAPC1608N
Change Physical Footprint: Designator=R52 Old Footprint=CAPC1608N New Footprint=CAPC1608N
Change Physical Footprint: Designator=R53 Old Footprint=CAPC1608N New Footprint=CAPC1608N
Change Physical Footprint: Designator=R54 Old Footprint=CAPC1608N New Footprint=CAPC1608N
Change Physical Footprint: Designator=R55 Old Footprint=CAPC1608N New Footprint=CAPC1608N
Change Physical Footprint: Designator=R56 Old Footprint=CAPC1608N New Footprint=CAPC1608N
Change Physical Footprint: Designator=R57 Old Footprint=CAPC1608N New Footprint=CAPC1608N
Change Physical Footprint: Designator=R58 Old Footprint=CAPC1608N New Footprint=CAPC1608N
Change Physical Footprint: Designator=R59 Old Footprint=CAPC1608N New Footprint=CAPC1608N
Change Physical Footprint: Designator=R60 Old Footprint=CAPC1608N New Footprint=CAPC1608N
Change Physical Footprint: Designator=R61 Old Footprint=CAPC1608N New Footprint=CAPC1608N
Change Physical Footprint: Designator=R62 Old Footprint=CAPC1608N New Footprint=CAPC1608N
Change Physical Footprint: Designator=R63 Old Footprint=CAPC1608N New Footprint=CAPC1608N
Change Physical Footprint: Designator=R64 Old Footprint=CAPC1608N New Footprint=CAPC1608N
Change Physical Footprint: Designator=R65 Old Footprint=CAPC1608N New Footprint=CAPC1608N
Change Physical Footprint: Designator=R66 Old Footprint=CAPC1608N New Footprint=CAPC1608N
Change Physical Footprint: Designator=R67 Old Footprint=CAPC1608N New Footprint=CAPC1608N
Change Physical Footprint: Designator=R68 Old Footprint=CAPC1608N New Footprint=CAPC1608N
Change Physical Footprint: Designator=R69 Old Footprint=CAPC1608N New Footprint=CAPC1608N
Change Physical Footprint: Designator=R70 Old Footprint=CAPC1608N New Footprint=CAPC1608N
Change Physical Footprint: Designator=R71 Old Footprint=CAPC1608N New Footprint=CAPC1608N
Change Physical Footprint: Designator=R72 Old Footprint=CAPC1608N New Footprint=CAPC1608N
Change Physical Footprint: Designator=R73 Old Footprint=CAPC1608N New Footprint=CAPC1608N
Change Physical Footprint: Designator=R74 Old Footprint=CAPC1608N New Footprint=CAPC1608N
Change Physical Footprint: Designator=R75 Old Footprint=CAPC1608N New Footprint=CAPC1608N
Change Physical Footprint: Designator=R76 Old Footprint=CAPC1608N New Footprint=CAPC1608N
Change Physical Footprint: Designator=R77 Old Footprint=CAPC1608N New Footprint=CAPC1608N
Change Physical Footprint: Designator=R78 Old Footprint=CAPC1608N New Footprint=CAPC1608N
Change Physical Footprint: Designator=R79 Old Footprint=CAPC1608N New Footprint=CAPC1608N
Change Physical Footprint: Designator=R80 Old Footprint=CAPC1608N New Footprint=CAPC1608N
Change Physical Footprint: Designator=R81 Old Footprint=CAPC1608N New Footprint=CAPC1608N
Change Physical Footprint: Designator=R82 Old Footprint=CAPC1608N New Footprint=CAPC1608N
Change Physical Footprint: Designator=R83 Old Footprint=CAPC1608N New Footprint=CAPC1608N
Change Physical Footprint: Designator=R84 Old Footprint=CAPC1608N New Footprint=CAPC1608N
Change Physical Footprint: Designator=R85 Old Footprint=CAPC1608N New Footprint=CAPC1608N
Change Physical Footprint: Designator=R86 Old Footprint=CAPC1608N New Footprint=CAPC1608N
Change Physical Footprint: Designator=R87 Old Footprint=CAPC1608N New Footprint=CAPC1608N
Change Physical Footprint: Designator=R88 Old Footprint=CAPC1608N New Footprint=CAPC1608N
Change Physical Footprint: Designator=R89 Old Footprint=CAPC1608N New Footprint=CAPC1608N
Change Physical Footprint: Designator=R90 Old Footprint=CAPC1608N New Footprint=CAPC1608N
Change Physical Footprint: Designator=R91 Old Footprint=CAPC1608N New Footprint=CAPC1608N
Change Physical Footprint: Designator=R92 Old Footprint=CAPC1608N New Footprint=CAPC1608N
Change Physical Footprint: Designator=R93 Old Footprint=CAPC1608N New Footprint=CAPC1608N
Change Physical Footprint: Designator=R94 Old Footprint=CAPC1608N New Footprint=CAPC1608N
Change Physical Footprint: Designator=R95 Old Footprint=CAPC1608N New Footprint=CAPC1608N
Change Physical Footprint: Designator=R96 Old Footprint=CAPC1608N New Footprint=CAPC1608N
Change Physical Footprint: Designator=R97 Old Footprint=CAPC1608N New Footprint=CAPC1608N
Change Physical Footprint: Designator=R98 Old Footprint=CAPC1608N New Footprint=CAPC1608N
Change Physical Footprint: Designator=R99 Old Footprint=CAPC1608N New Footprint=CAPC1608N
Change Physical Footprint: Designator=R100 Old Footprint=CAPC1608N New Footprint=CAPC1608N
Change Physical Footprint: Designator=R101 Old Footprint=CAPC1608N New Footprint=CAPC1608N
Change Physical Footprint: Designator=R102 Old Footprint=CAPC1608N New Footprint=CAPC1608N
Change Physical Footprint: Designator=R103 Old Footprint=CAPC1608N New Footprint=CAPC1608N
Change Physical Footprint: Designator=R104 Old Footprint=CAPC1608N New Footprint=CAPC1608N
Change Physical Footprint: Designator=R105 Old Footprint=CAPC1608N New Footprint=CAPC1608N
Change Physical Footprint: Designator=R106 Old Footprint=CAPC1608N New Footprint=CAPC1608N
Change Physical Footprint: Designator=R107 Old Footprint=CAPC1608N New Footprint=CAPC1608N
Change Physical Footprint: Designator=R108 Old Footprint=CAPC1608N New Footprint=CAPC1608N
Change Physical Footprint: Designator=R109 Old Footprint=CAPC1608N New Footprint=CAPC1608N
Change Physical Footprint: Designator=R110 Old Footprint=CAPC1608N New Footprint=CAPC1608N
Change Physical Footprint: Designator=R111 Old Footprint=CAPC1608N New Footprint=CAPC1608N
Change Physical Footprint: Designator=R112 Old Footprint=CAPC1608N New Footprint=CAPC1608N
Change Physical Footprint: Designator=R113 Old Footprint=CAPC1608N New Footprint=CAPC1608N
Change Physical Footprint: Designator=R114 Old Footprint=CAPC1608N New Footprint=CAPC1608N
Change Physical Footprint: Designator=R115 Old Footprint=CAPC1608N New Footprint=CAPC1608N
Change Physical Footprint: Designator=R116 Old Footprint=CAPC1608N New Footprint=CAPC1608N
Change Physical Footprint: Designator=S1 Old Footprint=PUSH BUTTON New Footprint=PUSH BUTTON
Change Physical Footprint: Designator=S2 Old Footprint=PUSH BUTTON New Footprint=PUSH BUTTON
Change Physical Footprint: Designator=S3 Old Footprint=PUSH BUTTON New Footprint=PUSH BUTTON
Change Physical Footprint: Designator=S4 Old Footprint=PUSH BUTTON New Footprint=PUSH BUTTON
Change Physical Footprint: Designator=S5 Old Footprint=PUSH BUTTON New Footprint=PUSH BUTTON
Change Physical Footprint: Designator=U1 Old Footprint=PIC32 New Footprint=PIC32
Change Physical Footprint: Designator=U2 Old Footprint=PCM1781 New Footprint=PCM1781
Change Physical Footprint: Designator=U3 Old Footprint=TL084 - Alim New Footprint=TL084 - Alim
Change Physical Footprint: Designator=U3A Old Footprint=TL084 - 3pads New Footprint=TL084 - 3pads
Change Physical Footprint: Designator=U3B Old Footprint=TL084 - 3pads New Footprint=TL084 - 3pads
Change Physical Footprint: Designator=U3C Old Footprint=TL084 - 3pads New Footprint=TL084 - 3pads
Change Physical Footprint: Designator=U3D Old Footprint=TL084 - 3pads New Footprint=TL084 - 3pads
Change Physical Footprint: Designator=U4 Old Footprint=TL084 - Alim New Footprint=TL084 - Alim
Change Physical Footprint: Designator=U4A Old Footprint=TL084 - 3pads New Footprint=TL084 - 3pads
Change Physical Footprint: Designator=U4B Old Footprint=TL084 - 3pads New Footprint=TL084 - 3pads
Change Physical Footprint: Designator=U4C Old Footprint=TL084 - 3pads New Footprint=TL084 - 3pads
Change Physical Footprint: Designator=U4D Old Footprint=TL084 - 3pads New Footprint=TL084 - 3pads
Change Physical Footprint: Designator=U5 Old Footprint=TL084 - Alim New Footprint=TL084 - Alim
Change Physical Footprint: Designator=U5A Old Footprint=TL084 - 3pads New Footprint=TL084 - 3pads
Change Physical Footprint: Designator=U5B Old Footprint=TL084 - 3pads New Footprint=TL084 - 3pads
Change Physical Footprint: Designator=U5C Old Footprint=TL084 - 3pads New Footprint=TL084 - 3pads
Change Physical Footprint: Designator=U5D Old Footprint=TL084 - 3pads New Footprint=TL084 - 3pads
Change Physical Footprint: Designator=U6 Old Footprint=TL084 - Alim New Footprint=TL084 - Alim
Change Physical Footprint: Designator=U6A Old Footprint=TL084 - 3pads New Footprint=TL084 - 3pads
Change Physical Footprint: Designator=U6B Old Footprint=TL084 - 3pads New Footprint=TL084 - 3pads
Change Physical Footprint: Designator=U6C Old Footprint=TL084 - 3pads New Footprint=TL084 - 3pads
Change Physical Footprint: Designator=U6D Old Footprint=TL084 - 3pads New Footprint=TL084 - 3pads
Change Physical Footprint: Designator=U7 Old Footprint=LM13700 - Alim New Footprint=LM13700 - Alim
Change Physical Footprint: Designator=U7A Old Footprint=LM13700 - A New Footprint=LM13700 - A
Change Physical Footprint: Designator=U7B Old Footprint=LM13700 - B New Footprint=LM13700 - B
Change Physical Footprint: Designator=U8 Old Footprint=LM13700 - Alim New Footprint=LM13700 - Alim
Change Physical Footprint: Designator=U8A Old Footprint=LM13700 - A New Footprint=LM13700 - A
Change Physical Footprint: Designator=U8C Old Footprint=LM13700 - C New Footprint=LM13700 - C
Change Physical Footprint: Designator=U9 Old Footprint=ADG704 New Footprint=ADG704
Change Physical Footprint: Designator=U10 Old Footprint=6N139 New Footprint=6N139
Change Physical Footprint: Designator=VR1 Old Footprint=LM1117-SOT New Footprint=LM1117-SOT
Change Physical Footprint: Designator=VR2 Old Footprint=LM1117-SOT New Footprint=LM1117-SOT
Change Physical Footprint: Designator=VR3 Old Footprint=LM1117-SOT New Footprint=LM1117-SOT
Change Physical Footprint: Designator=VR4 Old Footprint=LM337L New Footprint=LM337L
Change Physical Footprint: Designator=Y1 Old Footprint=Xtal New Footprint=Xtal
