Removed Pin From Net: NetName=+9V Pin=C58-1
Removed Pin From Net: NetName=GND Pin=C58-2
Removed Pin From Net: NetName=GND Pin=C59-1
Removed Pin From Net: NetName=-9V Pin=C59-2
Removed Pin From Net: NetName=NetR12_1 Pin=U1-4
Removed Pin From Net: NetName=NetR98_1 Pin=U1-5
Removed Pin From Net: NetName=NetR11_1 Pin=U1-6
Removed Pin From Net: NetName=NetR99_1 Pin=U1-8
Removed Pin From Net: NetName=NetR91_1 Pin=U1-11
Removed Pin From Net: NetName=NetR113_1 Pin=U1-12
Removed Pin From Net: NetName=NetR114_1 Pin=U1-13
Removed Pin From Net: NetName=NetR115_1 Pin=U1-14
Removed Pin From Net: NetName=NetJ2_5 Pin=U1-15
Removed Pin From Net: NetName=NetJ2_4 Pin=U1-16
Removed Pin From Net: NetName=NetR116_1 Pin=U1-17
Removed Pin From Net: NetName=NetR90_1 Pin=U1-18
Removed Pin From Net: NetName=NetR100_1 Pin=U1-22
Removed Pin From Net: NetName=NetDisplay1_4 Pin=U1-29
Removed Pin From Net: NetName=NetDisplay1_6 Pin=U1-30
Removed Pin From Net: NetName=+9V Pin=U27-1
Removed Pin From Net: NetName=+9V Pin=U28-1
Removed Pin From Net: NetName=-9V Pin=U31-1
Removed Pin From Net: NetName=+9V Pin=U31-2
Change Component Footprint: Designator=U11 Old Footprint=LM13700_2PADS New Footprint=LM13700 - C
Change Component Footprint: Designator=U9 Old Footprint=LM13700_5PADS New Footprint=LM13700 - A
Change Component Footprint: Designator=U12 Old Footprint=LM13700_5PADS New Footprint=LM13700 - A
Change Component Footprint: Designator=U8 Old Footprint=LM13700_5PADS New Footprint=LM13700 - B
Change Component Footprint: Designator=U4 Old Footprint=TL084_3PADS New Footprint=TL084 - 3pads
Change Component Footprint: Designator=U5 Old Footprint=TL084_3PADS New Footprint=TL084 - 3pads
Change Component Footprint: Designator=U6 Old Footprint=TL084_3PADS New Footprint=TL084 - 3pads
Change Component Footprint: Designator=U7 Old Footprint=TL084_3PADS New Footprint=TL084 - 3pads
Change Component Footprint: Designator=U10 Old Footprint=TL084_3PADS New Footprint=TL084 - 3pads
Change Component Footprint: Designator=U13 Old Footprint=TL084_3PADS New Footprint=TL084 - 3pads
Change Component Footprint: Designator=U14 Old Footprint=TL084_3PADS New Footprint=TL084 - 3pads
Change Component Footprint: Designator=U15 Old Footprint=TL084_3PADS New Footprint=TL084 - 3pads
Change Component Footprint: Designator=U16 Old Footprint=TL084_3PADS New Footprint=TL084 - 3pads
Change Component Footprint: Designator=U17 Old Footprint=TL084_3PADS New Footprint=TL084 - 3pads
Change Component Footprint: Designator=U18 Old Footprint=TL084_3PADS New Footprint=TL084 - 3pads
Change Component Footprint: Designator=U19 Old Footprint=TL084_3PADS New Footprint=TL084 - 3pads
Change Component Footprint: Designator=U20 Old Footprint=TL084_3PADS New Footprint=TL084 - 3pads
Change Component Footprint: Designator=U22 Old Footprint=TL084_3PADS New Footprint=TL084 - 3pads
Change Component Footprint: Designator=U23 Old Footprint=TL084_3PADS New Footprint=TL084 - 3pads
Change Component Footprint: Designator=U24 Old Footprint=TL084_3PADS New Footprint=TL084 - 3pads
Change Component Footprint: Designator=U25 Old Footprint=TL084_ALIM New Footprint=TL084 - Alim
Change Component Footprint: Designator=U26 Old Footprint=TL084_ALIM New Footprint=TL084 - Alim
Change Component Footprint: Designator=U29 Old Footprint=TL084_ALIM New Footprint=TL084 - Alim
Change Component Footprint: Designator=U30 Old Footprint=TL084_ALIM New Footprint=TL084 - Alim
Change Component Designator: OldDesignator=C24 NewDesignator=C25
Change Component Designator: OldDesignator=C25 NewDesignator=C28
Change Component Designator: OldDesignator=C26 NewDesignator=C33
Change Component Designator: OldDesignator=C27 NewDesignator=C34
Change Component Designator: OldDesignator=C28 NewDesignator=C36
Change Component Designator: OldDesignator=C29 NewDesignator=C39
Change Component Designator: OldDesignator=C30 NewDesignator=C40
Change Component Designator: OldDesignator=C31 NewDesignator=C41
Change Component Designator: OldDesignator=C32 NewDesignator=C42
Change Component Designator: OldDesignator=C33 NewDesignator=C43
Change Component Designator: OldDesignator=C34 NewDesignator=C44
Change Component Designator: OldDesignator=C35 NewDesignator=C47
Change Component Designator: OldDesignator=C36 NewDesignator=C48
Change Component Designator: OldDesignator=C37 NewDesignator=C49
Change Component Designator: OldDesignator=C38 NewDesignator=C50
Change Component Designator: OldDesignator=C39 NewDesignator=C51
Change Component Designator: OldDesignator=C40 NewDesignator=C52
Change Component Designator: OldDesignator=C41 NewDesignator=C53
Change Component Designator: OldDesignator=C42 NewDesignator=C54
Change Component Designator: OldDesignator=C43 NewDesignator=C55
Change Component Designator: OldDesignator=C44 NewDesignator=C56
Change Component Designator: OldDesignator=C45 NewDesignator=C57
Change Component Designator: OldDesignator=C46 NewDesignator=C24
Change Component Designator: OldDesignator=C47 NewDesignator=C26
Change Component Designator: OldDesignator=C48 NewDesignator=C27
Change Component Designator: OldDesignator=C49 NewDesignator=C29
Change Component Designator: OldDesignator=C50 NewDesignator=C30
Change Component Designator: OldDesignator=C51 NewDesignator=C31
Change Component Designator: OldDesignator=C52 NewDesignator=C32
Change Component Designator: OldDesignator=C53 NewDesignator=C35
Change Component Designator: OldDesignator=C54 NewDesignator=C37
Change Component Designator: OldDesignator=C55 NewDesignator=C38
Change Component Designator: OldDesignator=C56 NewDesignator=C45
Change Component Designator: OldDesignator=C57 NewDesignator=C46
Change Component Designator: OldDesignator=EA1 NewDesignator=EA
Change Component Designator: OldDesignator=EB1 NewDesignator=EB
Change Component Designator: OldDesignator=EC1 NewDesignator=EC
Change Component Designator: OldDesignator=ED1 NewDesignator=ED
Change Component Designator: OldDesignator=J1 NewDesignator=Power
Change Component Designator: OldDesignator=J2 NewDesignator=J1
Change Component Designator: OldDesignator=J3 NewDesignator=J2
Change Component Designator: OldDesignator=J4 NewDesignator=J3
Change Component Designator: OldDesignator=J5 NewDesignator=J4
Change Component Designator: OldDesignator=U2 NewDesignator=U10
Change Component Designator: OldDesignator=U3 NewDesignator=U2
Change Component Designator: OldDesignator=U4 NewDesignator=U3C
Change Component Designator: OldDesignator=U5 NewDesignator=U3B
Change Component Designator: OldDesignator=U6 NewDesignator=U3A
Change Component Designator: OldDesignator=U7 NewDesignator=U3D
Change Component Designator: OldDesignator=U8 NewDesignator=U7B
Change Component Designator: OldDesignator=U9 NewDesignator=U7A
Change Component Designator: OldDesignator=U10 NewDesignator=U4A
Change Component Designator: OldDesignator=U11 NewDesignator=U8C
Change Component Designator: OldDesignator=U12 NewDesignator=U8A
Change Component Designator: OldDesignator=U13 NewDesignator=U4B
Change Component Designator: OldDesignator=U14 NewDesignator=U4C
Change Component Designator: OldDesignator=U15 NewDesignator=U4D
Change Component Designator: OldDesignator=U16 NewDesignator=U5A
Change Component Designator: OldDesignator=U17 NewDesignator=U5B
Change Component Designator: OldDesignator=U18 NewDesignator=U5C
Change Component Designator: OldDesignator=U19 NewDesignator=U5D
Change Component Designator: OldDesignator=U20 NewDesignator=U6A
Change Component Designator: OldDesignator=U21 NewDesignator=U9
Change Component Designator: OldDesignator=U22 NewDesignator=U6B
Change Component Designator: OldDesignator=U23 NewDesignator=U6C
Change Component Designator: OldDesignator=U24 NewDesignator=U6D
Change Component Designator: OldDesignator=U25 NewDesignator=U4
Change Component Designator: OldDesignator=U26 NewDesignator=U3
Change Component Designator: OldDesignator=U29 NewDesignator=U5
Change Component Designator: OldDesignator=U30 NewDesignator=U6
Added Component: Designator=U7(LM13700 - Alim)
Added Component: Designator=U8(LM13700 - Alim)
Added Pin To Net: NetName=NetR98_1 Pin=U1-4
Added Pin To Net: NetName=NetR99_1 Pin=U1-5
Added Pin To Net: NetName=NetR91_1 Pin=U1-6
Added Pin To Net: NetName=NetR113_1 Pin=U1-11
Added Pin To Net: NetName=NetR114_1 Pin=U1-12
Added Pin To Net: NetName=NetR115_1 Pin=U1-13
Added Pin To Net: NetName=NetR116_1 Pin=U1-14
Added Pin To Net: NetName=NetR90_1 Pin=U1-15
Added Pin To Net: NetName=NetR100_1 Pin=U1-16
Added Pin To Net: NetName=NetJ2_5 Pin=U1-17
Added Pin To Net: NetName=NetJ2_4 Pin=U1-18
Added Pin To Net: NetName=NetR12_1 Pin=U1-29
Added Pin To Net: NetName=NetDisplay1_4 Pin=U1-30
Added Pin To Net: NetName=NetDisplay1_6 Pin=U1-31
Added Pin To Net: NetName=NetR11_1 Pin=U1-32
Added Pin To Net: NetName=+9V Pin=U7-1
Added Pin To Net: NetName=-9V Pin=U7-2
Added Pin To Net: NetName=+9V Pin=U8-1
Added Pin To Net: NetName=-9V Pin=U8-2
Change Net Name : Old Net Name=NetC24_1 New Net Name=NetC25_1
Change Net Name : Old Net Name=NetC24_2 New Net Name=NetC25_2
Change Net Name : Old Net Name=NetC25_1 New Net Name=NetC28_1
Change Net Name : Old Net Name=NetC25_2 New Net Name=NetC28_2
Change Net Name : Old Net Name=NetC26_2 New Net Name=NetC33_2
Change Net Name : Old Net Name=NetC27_2 New Net Name=NetC34_2
Change Net Name : Old Net Name=NetC28_1 New Net Name=NetC36_1
Change Net Name : Old Net Name=NetC28_2 New Net Name=NetC36_2
Change Net Name : Old Net Name=NetC29_2 New Net Name=NetC39_2
Change Net Name : Old Net Name=NetC30_2 New Net Name=NetC40_2
Change Net Name : Old Net Name=NetC31_2 New Net Name=NetC41_2
Change Net Name : Old Net Name=NetC32_2 New Net Name=NetC42_2
Change Net Name : Old Net Name=NetC33_2 New Net Name=NetC43_2
Change Net Name : Old Net Name=NetC34_2 New Net Name=NetC44_2
Change Net Name : Old Net Name=NetC35_1 New Net Name=NetC47_1
Change Net Name : Old Net Name=NetC35_2 New Net Name=NetC47_2
Change Net Name : Old Net Name=NetC36_1 New Net Name=NetC48_1
Change Net Name : Old Net Name=NetC37_1 New Net Name=NetC49_1
Change Net Name : Old Net Name=NetC37_2 New Net Name=NetC49_2
Change Net Name : Old Net Name=NetC38_2 New Net Name=NetC50_2
Change Net Name : Old Net Name=NetC39_2 New Net Name=NetC51_2
Change Net Name : Old Net Name=NetC40_2 New Net Name=NetC52_2
Change Net Name : Old Net Name=NetC41_2 New Net Name=NetC53_2
Change Net Name : Old Net Name=NetC42_2 New Net Name=NetC54_2
Change Net Name : Old Net Name=NetC43_2 New Net Name=NetC55_2
Change Net Name : Old Net Name=NetC44_2 New Net Name=NetC56_2
Change Net Name : Old Net Name=NetC45_2 New Net Name=NetC57_2
Change Net Name : Old Net Name=NetJ2_1 New Net Name=NetJ1_1
Change Net Name : Old Net Name=NetJ2_4 New Net Name=NetJ1_4
Change Net Name : Old Net Name=NetJ2_5 New Net Name=NetJ1_5
Change Net Name : Old Net Name=NetJ3_4 New Net Name=NetJ2_4
Change Net Name : Old Net Name=NetJ4_4 New Net Name=NetJ3_4
Change Net Name : Old Net Name=NetJ4_5 New Net Name=NetJ3_5
Change Net Name : Old Net Name=NetJ5_2 New Net Name=NetJ4_2
Change Net Name : Old Net Name=NetJ5_4 New Net Name=NetJ4_4
Added Class: Name=Alimentation
Added Class: Name=Controle du Filtre
Added Class: Name=DAC
Added Class: Name=Display
Added Class: Name=Encodeurs
Added Class: Name=Filtres
Added Class: Name=MIDI IN
Added Class: Name=Multiplexeur
Added Class: Name=PIC
Added Room: Name=Alimentation
Added Room: Name=Controle du Filtre
Added Room: Name=DAC
Added Room: Name=Display
Added Room: Name=Encodeurs
Added Room: Name=Filtres
Added Room: Name=MIDI IN
Added Room: Name=Multiplexeur
Added Room: Name=PIC
