Added Component: Designator=C11(CAPC1608N)
Added Component: Designator=C12(CAPC1608N)
Added Component: Designator=C13(CAPC1608N)
Added Component: Designator=C14(CAPC1608N)
Added Component: Designator=C15(CAPC1608N)
Added Component: Designator=C16(CAPC1608N)
Added Component: Designator=C17(CAPC1608N)
Added Component: Designator=C18(CAPC1608N)
Added Component: Designator=C19(CAPC1608N)
Added Component: Designator=C20(CAPC1608N)
Added Component: Designator=C21(CAPC1608N)
Added Component: Designator=C22(CAPC1608N)
Added Component: Designator=C23(CAPC1608N)
Added Component: Designator=C24(CAPC1608N)
Added Component: Designator=C25(CAPC1608N)
Added Component: Designator=C26(CAPC1608N)
Added Component: Designator=C27(CAPC1608N)
Added Component: Designator=C28(CAPC1608N)
Added Component: Designator=C29(CAPC1608N)
Added Component: Designator=C30(CAPC1608N)
Added Component: Designator=C31(CAPC1608N)
Added Component: Designator=C32(CAPC1608N)
Added Component: Designator=C33(CAPC1608N)
Added Component: Designator=C34(CAPC1608N)
Added Component: Designator=C35(CAPC1608N)
Added Component: Designator=C36(CAPC1608N)
Added Component: Designator=C37(CAPC1608N)
Added Component: Designator=C38(CAPC1608N)
Added Component: Designator=C39(CAPC1608N)
Added Component: Designator=C40(CAPC1608N)
Added Component: Designator=C41(CAPC1608N)
Added Component: Designator=C42(CAPC1608N)
Added Component: Designator=C43(CAPC1608N)
Added Component: Designator=C44(CAPC1608N)
Added Component: Designator=C45(CAPC1608N)
Added Component: Designator=C46(CAPC1608N)
Added Component: Designator=C47(CAPC1608N)
Added Component: Designator=C48(CAPC1608N)
Added Component: Designator=C49(CAPC1608N)
Added Component: Designator=C50(CAPC1608N)
Added Component: Designator=C51(CAPC1608N)
Added Component: Designator=C52(CAPC1608N)
Added Component: Designator=C53(CAPC1608N)
Added Component: Designator=C54(CAPC1608N)
Added Component: Designator=C55(CAPC1608N)
Added Component: Designator=C56(CAPC1608N)
Added Component: Designator=C57(CAPC1608N)
Added Component: Designator=C58(CAPC1608N)
Added Component: Designator=C59(CAPC1608N)
Added Component: Designator=D2(1N914)
Added Component: Designator=D3(1N914)
Added Component: Designator=Q1(2N3906)
Added Component: Designator=Q2(2N3906)
Added Component: Designator=Q3(2N3906)
Added Component: Designator=Q4(2N3906)
Added Component: Designator=R3(CAPC1608N)
Added Component: Designator=R4(CAPC1608N)
Added Component: Designator=R5(CAPC1608N)
Added Component: Designator=R6(CAPC1608N)
Added Component: Designator=R7(CAPC1608N)
Added Component: Designator=R8(CAPC1608N)
Added Component: Designator=R9(CAPC1608N)
Added Component: Designator=R10(CAPC1608N)
Added Component: Designator=R11(CAPC1608N)
Added Component: Designator=R12(CAPC1608N)
Added Component: Designator=R13(CAPC1608N)
Added Component: Designator=R14(CAPC1608N)
Added Component: Designator=R15(CAPC1608N)
Added Component: Designator=R16(CAPC1608N)
Added Component: Designator=R17(CAPC1608N)
Added Component: Designator=R18(CAPC1608N)
Added Component: Designator=R19(CAPC1608N)
Added Component: Designator=R20(CAPC1608N)
Added Component: Designator=R21(CAPC1608N)
Added Component: Designator=R22(CAPC1608N)
Added Component: Designator=R23(CAPC1608N)
Added Component: Designator=R24(CAPC1608N)
Added Component: Designator=R25(CAPC1608N)
Added Component: Designator=R26(CAPC1608N)
Added Component: Designator=R27(CAPC1608N)
Added Component: Designator=R28(CAPC1608N)
Added Component: Designator=R29(CAPC1608N)
Added Component: Designator=R30(CAPC1608N)
Added Component: Designator=R31(CAPC1608N)
Added Component: Designator=R32(CAPC1608N)
Added Component: Designator=R33(CAPC1608N)
Added Component: Designator=R34(CAPC1608N)
Added Component: Designator=R35(CAPC1608N)
Added Component: Designator=R36(CAPC1608N)
Added Component: Designator=R37(CAPC1608N)
Added Component: Designator=R38(CAPC1608N)
Added Component: Designator=R39(CAPC1608N)
Added Component: Designator=R40(CAPC1608N)
Added Component: Designator=R41(CAPC1608N)
Added Component: Designator=R42(CAPC1608N)
Added Component: Designator=R43(CAPC1608N)
Added Component: Designator=R44(CAPC1608N)
Added Component: Designator=R45(CAPC1608N)
Added Component: Designator=R46(CAPC1608N)
Added Component: Designator=R47(CAPC1608N)
Added Component: Designator=R48(CAPC1608N)
Added Component: Designator=R49(CAPC1608N)
Added Component: Designator=R50(CAPC1608N)
Added Component: Designator=R51(CAPC1608N)
Added Component: Designator=R52(CAPC1608N)
Added Component: Designator=R53(CAPC1608N)
Added Component: Designator=R54(CAPC1608N)
Added Component: Designator=R55(CAPC1608N)
Added Component: Designator=R56(CAPC1608N)
Added Component: Designator=R57(CAPC1608N)
Added Component: Designator=R58(CAPC1608N)
Added Component: Designator=R59(CAPC1608N)
Added Component: Designator=R60(CAPC1608N)
Added Component: Designator=R61(CAPC1608N)
Added Component: Designator=R62(CAPC1608N)
Added Component: Designator=R63(CAPC1608N)
Added Component: Designator=R64(CAPC1608N)
Added Component: Designator=R65(CAPC1608N)
Added Component: Designator=R66(CAPC1608N)
Added Component: Designator=R67(CAPC1608N)
Added Component: Designator=R68(CAPC1608N)
Added Component: Designator=R69(CAPC1608N)
Added Component: Designator=R70(CAPC1608N)
Added Component: Designator=R71(CAPC1608N)
Added Component: Designator=R72(CAPC1608N)
Added Component: Designator=R73(CAPC1608N)
Added Component: Designator=R74(CAPC1608N)
Added Component: Designator=R75(CAPC1608N)
Added Component: Designator=R76(CAPC1608N)
Added Component: Designator=R77(CAPC1608N)
Added Component: Designator=R78(CAPC1608N)
Added Component: Designator=R79(CAPC1608N)
Added Component: Designator=R80(CAPC1608N)
Added Component: Designator=R81(CAPC1608N)
Added Component: Designator=R82(CAPC1608N)
Added Component: Designator=R83(CAPC1608N)
Added Component: Designator=R84(CAPC1608N)
Added Component: Designator=R85(CAPC1608N)
Added Component: Designator=R86(CAPC1608N)
Added Component: Designator=R87(CAPC1608N)
Added Component: Designator=R88(CAPC1608N)
Added Component: Designator=R89(CAPC1608N)
Added Component: Designator=R90(CAPC1608N)
Added Component: Designator=R91(CAPC1608N)
Added Component: Designator=R92(CAPC1608N)
Added Component: Designator=R93(CAPC1608N)
Added Component: Designator=R94(CAPC1608N)
Added Component: Designator=R95(CAPC1608N)
Added Component: Designator=R96(CAPC1608N)
Added Component: Designator=R97(CAPC1608N)
Added Component: Designator=R98(CAPC1608N)
Added Component: Designator=R99(CAPC1608N)
Added Component: Designator=R100(CAPC1608N)
Added Component: Designator=R101(CAPC1608N)
Added Component: Designator=R102(CAPC1608N)
Added Component: Designator=R103(CAPC1608N)
Added Component: Designator=R104(CAPC1608N)
Added Component: Designator=R105(CAPC1608N)
Added Component: Designator=R106(CAPC1608N)
Added Component: Designator=R107(CAPC1608N)
Added Component: Designator=R108(CAPC1608N)
Added Component: Designator=R109(CAPC1608N)
Added Component: Designator=R110(CAPC1608N)
Added Component: Designator=R111(CAPC1608N)
Added Component: Designator=R112(CAPC1608N)
Added Component: Designator=R113(CAPC1608N)
Added Component: Designator=R114(CAPC1608N)
Added Component: Designator=R115(CAPC1608N)
Added Component: Designator=R116(CAPC1608N)
Added Component: Designator=U3(PCM1781)
Added Component: Designator=U4(TL084_3PADS)
Added Component: Designator=U5(TL084_3PADS)
Added Component: Designator=U6(TL084_3PADS)
Added Component: Designator=U7(TL084_3PADS)
Added Component: Designator=U8(LM13700_5PADS)
Added Component: Designator=U9(LM13700_5PADS)
Added Component: Designator=U10(TL084_3PADS)
Added Component: Designator=U11(LM13700_2PADS)
Added Component: Designator=U12(LM13700_5PADS)
Added Component: Designator=U13(TL084_3PADS)
Added Component: Designator=U14(TL084_3PADS)
Added Component: Designator=U15(TL084_3PADS)
Added Component: Designator=U16(TL084_3PADS)
Added Component: Designator=U17(TL084_3PADS)
Added Component: Designator=U18(TL084_3PADS)
Added Component: Designator=U19(TL084_3PADS)
Added Component: Designator=U20(TL084_3PADS)
Added Component: Designator=U21(ADG704)
Added Component: Designator=U22(TL084_3PADS)
Added Component: Designator=U23(TL084_3PADS)
Added Component: Designator=U24(TL084_3PADS)
Added Component: Designator=U25(TL084_ALIM)
Added Component: Designator=U26(TL084_ALIM)
Added Component: Designator=U27(LM13700_ALIM)
Added Component: Designator=U28(LM13700_ALIM)
Added Component: Designator=U29(TL084_ALIM)
Added Component: Designator=U30(TL084_ALIM)
Added Component: Designator=U31(TL084_ALIM)
Added Component: Designator=Y1(Xtal)
Added Pin To Net: NetName=GND Pin=C11-1
Added Pin To Net: NetName=NetC11_2 Pin=C11-2
Added Pin To Net: NetName=GND Pin=C12-1
Added Pin To Net: NetName=NetC12_2 Pin=C12-2
Added Pin To Net: NetName=GND Pin=C13-1
Added Pin To Net: NetName=NetC13_2 Pin=C13-2
Added Pin To Net: NetName=GND Pin=C14-1
Added Pin To Net: NetName=3,3V Pin=C14-2
Added Pin To Net: NetName=GND Pin=C15-1
Added Pin To Net: NetName=3,3V Pin=C15-2
Added Pin To Net: NetName=GND Pin=C16-1
Added Pin To Net: NetName=3,3V Pin=C16-2
Added Pin To Net: NetName=GND Pin=C17-1
Added Pin To Net: NetName=3,3V Pin=C17-2
Added Pin To Net: NetName=GND Pin=C18-1
Added Pin To Net: NetName=3,3V Pin=C18-2
Added Pin To Net: NetName=NetC19_1 Pin=C19-1
Added Pin To Net: NetName=NetC19_2 Pin=C19-2
Added Pin To Net: NetName=NetC20_1 Pin=C20-1
Added Pin To Net: NetName=+5V Pin=C21-1
Added Pin To Net: NetName=+5V Pin=C22-2
Added Pin To Net: NetName=NetC23_1 Pin=C23-1
Added Pin To Net: NetName=NetC23_2 Pin=C23-2
Added Pin To Net: NetName=NetC24_1 Pin=C24-1
Added Pin To Net: NetName=NetC24_2 Pin=C24-2
Added Pin To Net: NetName=NetC25_1 Pin=C25-1
Added Pin To Net: NetName=NetC25_2 Pin=C25-2
Added Pin To Net: NetName=GND Pin=C26-1
Added Pin To Net: NetName=NetC26_2 Pin=C26-2
Added Pin To Net: NetName=GND Pin=C27-1
Added Pin To Net: NetName=NetC27_2 Pin=C27-2
Added Pin To Net: NetName=NetC28_1 Pin=C28-1
Added Pin To Net: NetName=NetC28_2 Pin=C28-2
Added Pin To Net: NetName=GND Pin=C29-1
Added Pin To Net: NetName=NetC29_2 Pin=C29-2
Added Pin To Net: NetName=GND Pin=C30-1
Added Pin To Net: NetName=NetC30_2 Pin=C30-2
Added Pin To Net: NetName=GND Pin=C31-1
Added Pin To Net: NetName=NetC31_2 Pin=C31-2
Added Pin To Net: NetName=GND Pin=C32-1
Added Pin To Net: NetName=NetC32_2 Pin=C32-2
Added Pin To Net: NetName=GND Pin=C33-1
Added Pin To Net: NetName=NetC33_2 Pin=C33-2
Added Pin To Net: NetName=GND Pin=C34-1
Added Pin To Net: NetName=NetC34_2 Pin=C34-2
Added Pin To Net: NetName=NetC35_1 Pin=C35-1
Added Pin To Net: NetName=NetC35_2 Pin=C35-2
Added Pin To Net: NetName=NetC36_1 Pin=C36-1
Added Pin To Net: NetName=NetC35_1 Pin=C36-2
Added Pin To Net: NetName=NetC37_1 Pin=C37-1
Added Pin To Net: NetName=NetC37_2 Pin=C37-2
Added Pin To Net: NetName=GND Pin=C38-1
Added Pin To Net: NetName=NetC38_2 Pin=C38-2
Added Pin To Net: NetName=GND Pin=C39-1
Added Pin To Net: NetName=NetC39_2 Pin=C39-2
Added Pin To Net: NetName=GND Pin=C40-1
Added Pin To Net: NetName=NetC40_2 Pin=C40-2
Added Pin To Net: NetName=GND Pin=C41-1
Added Pin To Net: NetName=NetC41_2 Pin=C41-2
Added Pin To Net: NetName=GND Pin=C42-1
Added Pin To Net: NetName=NetC42_2 Pin=C42-2
Added Pin To Net: NetName=GND Pin=C43-1
Added Pin To Net: NetName=NetC43_2 Pin=C43-2
Added Pin To Net: NetName=GND Pin=C44-1
Added Pin To Net: NetName=NetC44_2 Pin=C44-2
Added Pin To Net: NetName=GND Pin=C45-1
Added Pin To Net: NetName=NetC45_2 Pin=C45-2
Added Pin To Net: NetName=+9V Pin=C46-1
Added Pin To Net: NetName=GND Pin=C46-2
Added Pin To Net: NetName=+9V Pin=C47-1
Added Pin To Net: NetName=GND Pin=C47-2
Added Pin To Net: NetName=GND Pin=C48-1
Added Pin To Net: NetName=-9V Pin=C48-2
Added Pin To Net: NetName=GND Pin=C49-1
Added Pin To Net: NetName=-9V Pin=C49-2
Added Pin To Net: NetName=+9V Pin=C50-1
Added Pin To Net: NetName=GND Pin=C50-2
Added Pin To Net: NetName=GND Pin=C51-1
Added Pin To Net: NetName=-9V Pin=C51-2
Added Pin To Net: NetName=+9V Pin=C52-1
Added Pin To Net: NetName=GND Pin=C52-2
Added Pin To Net: NetName=GND Pin=C53-1
Added Pin To Net: NetName=-9V Pin=C53-2
Added Pin To Net: NetName=+9V Pin=C54-1
Added Pin To Net: NetName=GND Pin=C54-2
Added Pin To Net: NetName=GND Pin=C55-1
Added Pin To Net: NetName=-9V Pin=C55-2
Added Pin To Net: NetName=+9V Pin=C56-1
Added Pin To Net: NetName=GND Pin=C56-2
Added Pin To Net: NetName=GND Pin=C57-1
Added Pin To Net: NetName=-9V Pin=C57-2
Added Pin To Net: NetName=+9V Pin=C58-1
Added Pin To Net: NetName=GND Pin=C58-2
Added Pin To Net: NetName=GND Pin=C59-1
Added Pin To Net: NetName=-9V Pin=C59-2
Added Pin To Net: NetName=NetD2_1 Pin=D2-1
Added Pin To Net: NetName=NetD2_2 Pin=D2-2
Added Pin To Net: NetName=NetD3_1 Pin=D3-1
Added Pin To Net: NetName=NetD3_2 Pin=D3-2
Added Pin To Net: NetName=GND Pin=Q1-1
Added Pin To Net: NetName=NetQ1_2 Pin=Q1-2
Added Pin To Net: NetName=NetQ1_3 Pin=Q1-3
Added Pin To Net: NetName=GND Pin=Q2-1
Added Pin To Net: NetName=NetQ1_2 Pin=Q2-2
Added Pin To Net: NetName=NetQ2_3 Pin=Q2-3
Added Pin To Net: NetName=NetQ3_1 Pin=Q3-1
Added Pin To Net: NetName=GND Pin=Q3-2
Added Pin To Net: NetName=NetQ1_2 Pin=Q3-3
Added Pin To Net: NetName=NetQ3_1 Pin=Q4-1
Added Pin To Net: NetName=NetD3_1 Pin=Q4-2
Added Pin To Net: NetName=NetC28_1 Pin=Q4-3
Added Pin To Net: NetName=NetJ2_1 Pin=R3-1
Added Pin To Net: NetName=3,3V Pin=R3-2
Added Pin To Net: NetName=3,3V Pin=R4-1
Added Pin To Net: NetName=3,3V Pin=R4-2
Added Pin To Net: NetName=NetJ4_4 Pin=R5-1
Added Pin To Net: NetName=+5V Pin=R5-2
Added Pin To Net: NetName=NetJ3_4 Pin=R6-1
Added Pin To Net: NetName=NetD2_2 Pin=R6-2
Added Pin To Net: NetName=NetR7_1 Pin=R7-1
Added Pin To Net: NetName=+5V Pin=R7-2
Added Pin To Net: NetName=NetJ4_5 Pin=R8-1
Added Pin To Net: NetName=NetR7_1 Pin=R8-2
Added Pin To Net: NetName=GND Pin=R9-1
Added Pin To Net: NetName=NetR9_2 Pin=R9-2
Added Pin To Net: NetName=NetR10_1 Pin=R10-1
Added Pin To Net: NetName=NetR10_2 Pin=R10-2
Added Pin To Net: NetName=NetR11_1 Pin=R11-1
Added Pin To Net: NetName=NetR11_2 Pin=R11-2
Added Pin To Net: NetName=NetR12_1 Pin=R12-1
Added Pin To Net: NetName=NetR12_2 Pin=R12-2
Added Pin To Net: NetName=NetR13_1 Pin=R13-1
Added Pin To Net: NetName=NetR13_2 Pin=R13-2
Added Pin To Net: NetName=NetR14_1 Pin=R14-1
Added Pin To Net: NetName=NetR14_2 Pin=R14-2
Added Pin To Net: NetName=NetR14_2 Pin=R15-1
Added Pin To Net: NetName=NetR15_2 Pin=R15-2
Added Pin To Net: NetName=NetC25_2 Pin=R16-1
Added Pin To Net: NetName=NetR16_2 Pin=R16-2
Added Pin To Net: NetName=NetC19_2 Pin=R17-1
Added Pin To Net: NetName=NetR14_1 Pin=R17-2
Added Pin To Net: NetName=NetR14_2 Pin=R18-1
Added Pin To Net: NetName=NetR18_2 Pin=R18-2
Added Pin To Net: NetName=NetR18_2 Pin=R19-1
Added Pin To Net: NetName=NetC23_1 Pin=R19-2
Added Pin To Net: NetName=NetR14_1 Pin=R20-1
Added Pin To Net: NetName=NetC24_1 Pin=R20-2
Added Pin To Net: NetName=NetC25_1 Pin=R21-1
Added Pin To Net: NetName=NetC25_2 Pin=R21-2
Added Pin To Net: NetName=NetC23_2 Pin=R22-1
Added Pin To Net: NetName=GND Pin=R22-2
Added Pin To Net: NetName=NetR23_1 Pin=R23-1
Added Pin To Net: NetName=NetR23_2 Pin=R23-2
Added Pin To Net: NetName=NetC25_1 Pin=R24-1
Added Pin To Net: NetName=GND Pin=R24-2
Added Pin To Net: NetName=NetC24_2 Pin=R25-1
Added Pin To Net: NetName=GND Pin=R25-2
Added Pin To Net: NetName=NetR26_1 Pin=R26-1
Added Pin To Net: NetName=NetR23_1 Pin=R26-2
Added Pin To Net: NetName=NetR26_1 Pin=R27-1
Added Pin To Net: NetName=GND Pin=R27-2
Added Pin To Net: NetName=NetR28_1 Pin=R28-1
Added Pin To Net: NetName=NetR28_2 Pin=R28-2
Added Pin To Net: NetName=NetR28_1 Pin=R29-1
Added Pin To Net: NetName=NetC25_2 Pin=R29-2
Added Pin To Net: NetName=NetR30_1 Pin=R30-1
Added Pin To Net: NetName=-9V Pin=R30-2
Added Pin To Net: NetName=NetR30_1 Pin=R31-1
Added Pin To Net: NetName=GND Pin=R31-2
Added Pin To Net: NetName=NetR18_2 Pin=R32-1
Added Pin To Net: NetName=GND Pin=R32-2
Added Pin To Net: NetName=NetR18_2 Pin=R33-1
Added Pin To Net: NetName=-9V Pin=R33-2
Added Pin To Net: NetName=NetR18_2 Pin=R34-1
Added Pin To Net: NetName=NetR34_2 Pin=R34-2
Added Pin To Net: NetName=NetR28_2 Pin=R35-1
Added Pin To Net: NetName=NetR35_2 Pin=R35-2
Added Pin To Net: NetName=NetR30_1 Pin=R36-1
Added Pin To Net: NetName=NetC23_1 Pin=R36-2
Added Pin To Net: NetName=NetC24_1 Pin=R37-1
Added Pin To Net: NetName=NetR30_1 Pin=R37-2
Added Pin To Net: NetName=+9V Pin=R38-1
Added Pin To Net: NetName=NetR38_2 Pin=R38-2
Added Pin To Net: NetName=+9V Pin=R39-1
Added Pin To Net: NetName=NetR39_2 Pin=R39-2
Added Pin To Net: NetName=-9V Pin=R40-1
Added Pin To Net: NetName=NetR34_2 Pin=R40-2
Added Pin To Net: NetName=NetR35_2 Pin=R41-1
Added Pin To Net: NetName=GND Pin=R41-2
Added Pin To Net: NetName=NetR42_1 Pin=R42-1
Added Pin To Net: NetName=GND Pin=R42-2
Added Pin To Net: NetName=-9V Pin=R43-1
Added Pin To Net: NetName=NetP3_2 Pin=R43-2
Added Pin To Net: NetName=NetP3_1 Pin=R44-1
Added Pin To Net: NetName=+9V Pin=R44-2
Added Pin To Net: NetName=NetP3_3 Pin=R45-1
Added Pin To Net: NetName=NetR45_2 Pin=R45-2
Added Pin To Net: NetName=NetR45_2 Pin=R46-1
Added Pin To Net: NetName=NetR46_2 Pin=R46-2
Added Pin To Net: NetName=NetR47_1 Pin=R47-1
Added Pin To Net: NetName=NetR47_2 Pin=R47-2
Added Pin To Net: NetName=NetR48_1 Pin=R48-1
Added Pin To Net: NetName=NetR47_2 Pin=R48-2
Added Pin To Net: NetName=NetR49_1 Pin=R49-1
Added Pin To Net: NetName=NetR45_2 Pin=R49-2
Added Pin To Net: NetName=NetR46_2 Pin=R50-1
Added Pin To Net: NetName=NetR48_1 Pin=R50-2
Added Pin To Net: NetName=NetQ1_3 Pin=R51-1
Added Pin To Net: NetName=NetR51_2 Pin=R51-2
Added Pin To Net: NetName=NetQ2_3 Pin=R52-1
Added Pin To Net: NetName=NetR52_2 Pin=R52-2
Added Pin To Net: NetName=NetR53_1 Pin=R53-1
Added Pin To Net: NetName=NetP4_1 Pin=R53-2
Added Pin To Net: NetName=NetR54_1 Pin=R54-1
Added Pin To Net: NetName=NetR53_1 Pin=R54-2
Added Pin To Net: NetName=-9V Pin=R55-1
Added Pin To Net: NetName=NetR55_2 Pin=R55-2
Added Pin To Net: NetName=NetR55_2 Pin=R56-1
Added Pin To Net: NetName=GND Pin=R56-2
Added Pin To Net: NetName=+9V Pin=R57-1
Added Pin To Net: NetName=NetC28_1 Pin=R57-2
Added Pin To Net: NetName=NetR58_1 Pin=R58-1
Added Pin To Net: NetName=NetR53_1 Pin=R58-2
Added Pin To Net: NetName=-9V Pin=R59-1
Added Pin To Net: NetName=NetP5_2 Pin=R59-2
Added Pin To Net: NetName=NetP5_1 Pin=R60-1
Added Pin To Net: NetName=+9V Pin=R60-2
Added Pin To Net: NetName=NetP6_1 Pin=R61-1
Added Pin To Net: NetName=NetD3_2 Pin=R61-2
Added Pin To Net: NetName=NetP5_3 Pin=R62-1
Added Pin To Net: NetName=NetR53_1 Pin=R62-2
Added Pin To Net: NetName=NetP4_2 Pin=R63-1
Added Pin To Net: NetName=GND Pin=R63-2
Added Pin To Net: NetName=NetC28_2 Pin=R64-1
Added Pin To Net: NetName=NetQ3_1 Pin=R64-2
Added Pin To Net: NetName=-9V Pin=R65-1
Added Pin To Net: NetName=NetR65_2 Pin=R65-2
Added Pin To Net: NetName=NetR66_1 Pin=R66-1
Added Pin To Net: NetName=NetC29_2 Pin=R66-2
Added Pin To Net: NetName=NetC29_2 Pin=R67-1
Added Pin To Net: NetName=NetC30_2 Pin=R67-2
Added Pin To Net: NetName=NetC30_2 Pin=R68-1
Added Pin To Net: NetName=NetR65_2 Pin=R68-2
Added Pin To Net: NetName=NetR69_1 Pin=R69-1
Added Pin To Net: NetName=GND Pin=R69-2
Added Pin To Net: NetName=NetR58_1 Pin=R70-1
Added Pin To Net: NetName=NetR69_1 Pin=R70-2
Added Pin To Net: NetName=-9V Pin=R71-1
Added Pin To Net: NetName=NetR71_2 Pin=R71-2
Added Pin To Net: NetName=NetR72_1 Pin=R72-1
Added Pin To Net: NetName=NetC31_2 Pin=R72-2
Added Pin To Net: NetName=NetC31_2 Pin=R73-1
Added Pin To Net: NetName=NetC32_2 Pin=R73-2
Added Pin To Net: NetName=NetC32_2 Pin=R74-1
Added Pin To Net: NetName=NetR71_2 Pin=R74-2
Added Pin To Net: NetName=NetR75_1 Pin=R75-1
Added Pin To Net: NetName=GND Pin=R75-2
Added Pin To Net: NetName=NetR49_1 Pin=R76-1
Added Pin To Net: NetName=NetR75_1 Pin=R76-2
Added Pin To Net: NetName=NetR77_1 Pin=R77-1
Added Pin To Net: NetName=NetC33_2 Pin=R77-2
Added Pin To Net: NetName=NetC33_2 Pin=R78-1
Added Pin To Net: NetName=NetC34_2 Pin=R78-2
Added Pin To Net: NetName=NetR54_1 Pin=R79-1
Added Pin To Net: NetName=NetP7_2 Pin=R79-2
Added Pin To Net: NetName=NetP7_1 Pin=R80-1
Added Pin To Net: NetName=GND Pin=R80-2
Added Pin To Net: NetName=NetC37_1 Pin=R81-1
Added Pin To Net: NetName=NetP8_2 Pin=R81-2
Added Pin To Net: NetName=NetR82_1 Pin=R82-1
Added Pin To Net: NetName=NetJ5_4 Pin=R82-2
Added Pin To Net: NetName=NetC37_1 Pin=R83-1
Added Pin To Net: NetName=NetC35_2 Pin=R83-2
Added Pin To Net: NetName=NetC37_2 Pin=R84-1
Added Pin To Net: NetName=NetR82_1 Pin=R84-2
Added Pin To Net: NetName=NetJ5_2 Pin=R85-1
Added Pin To Net: NetName=NetR85_2 Pin=R85-2
Added Pin To Net: NetName=NetR85_2 Pin=R86-1
Added Pin To Net: NetName=GND Pin=R86-2
Added Pin To Net: NetName=NetR87_1 Pin=R87-1
Added Pin To Net: NetName=NetD4_1 Pin=R87-2
Added Pin To Net: NetName=NetR88_1 Pin=R88-1
Added Pin To Net: NetName=NetD5_1 Pin=R88-2
Added Pin To Net: NetName=NetR89_1 Pin=R89-1
Added Pin To Net: NetName=NetD6_1 Pin=R89-2
Added Pin To Net: NetName=NetR90_1 Pin=R90-1
Added Pin To Net: NetName=+3.3V Pin=R90-2
Added Pin To Net: NetName=NetR91_1 Pin=R91-1
Added Pin To Net: NetName=+3.3V Pin=R91-2
Added Pin To Net: NetName=NetR92_1 Pin=R92-1
Added Pin To Net: NetName=+3.3V Pin=R92-2
Added Pin To Net: NetName=NetR93_1 Pin=R93-1
Added Pin To Net: NetName=+3.3V Pin=R93-2
Added Pin To Net: NetName=NetR94_1 Pin=R94-1
Added Pin To Net: NetName=+3.3V Pin=R94-2
Added Pin To Net: NetName=NetR95_1 Pin=R95-1
Added Pin To Net: NetName=NetD7_1 Pin=R95-2
Added Pin To Net: NetName=NetR96_1 Pin=R96-1
Added Pin To Net: NetName=NetD8_1 Pin=R96-2
Added Pin To Net: NetName=NetR97_1 Pin=R97-1
Added Pin To Net: NetName=NetD9_1 Pin=R97-2
Added Pin To Net: NetName=NetR98_1 Pin=R98-1
Added Pin To Net: NetName=NetD10_1 Pin=R98-2
Added Pin To Net: NetName=NetR99_1 Pin=R99-1
Added Pin To Net: NetName=NetD11_1 Pin=R99-2
Added Pin To Net: NetName=NetR100_1 Pin=R100-1
Added Pin To Net: NetName=NetD12_1 Pin=R100-2
Added Pin To Net: NetName=VCC Pin=R101-1
Added Pin To Net: NetName=NetC38_2 Pin=R101-2
Added Pin To Net: NetName=NetC39_2 Pin=R102-1
Added Pin To Net: NetName=VCC Pin=R102-2
Added Pin To Net: NetName=VCC Pin=R103-1
Added Pin To Net: NetName=NetC40_2 Pin=R103-2
Added Pin To Net: NetName=NetC41_2 Pin=R104-1
Added Pin To Net: NetName=VCC Pin=R104-2
Added Pin To Net: NetName=VCC Pin=R105-1
Added Pin To Net: NetName=NetC42_2 Pin=R105-2
Added Pin To Net: NetName=NetC43_2 Pin=R106-1
Added Pin To Net: NetName=VCC Pin=R106-2
Added Pin To Net: NetName=VCC Pin=R107-1
Added Pin To Net: NetName=NetC44_2 Pin=R107-2
Added Pin To Net: NetName=NetC45_2 Pin=R108-1
Added Pin To Net: NetName=VCC Pin=R108-2
Added Pin To Net: NetName=NetR109_1 Pin=R109-1
Added Pin To Net: NetName=NetC38_2 Pin=R109-2
Added Pin To Net: NetName=NetR110_1 Pin=R110-1
Added Pin To Net: NetName=NetC39_2 Pin=R110-2
Added Pin To Net: NetName=NetR111_1 Pin=R111-1
Added Pin To Net: NetName=NetC40_2 Pin=R111-2
Added Pin To Net: NetName=NetR112_1 Pin=R112-1
Added Pin To Net: NetName=NetC41_2 Pin=R112-2
Added Pin To Net: NetName=NetR113_1 Pin=R113-1
Added Pin To Net: NetName=NetC42_2 Pin=R113-2
Added Pin To Net: NetName=NetR114_1 Pin=R114-1
Added Pin To Net: NetName=NetC43_2 Pin=R114-2
Added Pin To Net: NetName=NetR115_1 Pin=R115-1
Added Pin To Net: NetName=NetC44_2 Pin=R115-2
Added Pin To Net: NetName=NetR116_1 Pin=R116-1
Added Pin To Net: NetName=NetC45_2 Pin=R116-2
Added Pin To Net: NetName=NetR10_2 Pin=U3-5
Added Pin To Net: NetName=NetR11_2 Pin=U3-6
Added Pin To Net: NetName=NetR12_2 Pin=U3-7
Added Pin To Net: NetName=NetR13_2 Pin=U3-8
Added Pin To Net: NetName=+5V Pin=U3-11
Added Pin To Net: NetName=NetC20_1 Pin=U3-13
Added Pin To Net: NetName=NetC19_1 Pin=U3-15
Added Pin To Net: NetName=NetC25_2 Pin=U4-1
Added Pin To Net: NetName=NetC25_1 Pin=U4-2
Added Pin To Net: NetName=NetC23_2 Pin=U4-3
Added Pin To Net: NetName=NetR14_2 Pin=U5-1
Added Pin To Net: NetName=GND Pin=U5-2
Added Pin To Net: NetName=NetR14_1 Pin=U5-3
Added Pin To Net: NetName=NetR23_1 Pin=U6-1
Added Pin To Net: NetName=NetR26_1 Pin=U6-2
Added Pin To Net: NetName=NetC24_2 Pin=U6-3
Added Pin To Net: NetName=NetR28_2 Pin=U7-1
Added Pin To Net: NetName=NetR28_1 Pin=U7-2
Added Pin To Net: NetName=GND Pin=U7-3
Added Pin To Net: NetName=NetR52_2 Pin=U8-1
Added Pin To Net: NetName=NetR38_2 Pin=U8-2
Added Pin To Net: NetName=GND Pin=U8-3
Added Pin To Net: NetName=NetR18_2 Pin=U8-4
Added Pin To Net: NetName=NetC27_2 Pin=U8-5
Added Pin To Net: NetName=NetR51_2 Pin=U9-1
Added Pin To Net: NetName=NetR39_2 Pin=U9-2
Added Pin To Net: NetName=GND Pin=U9-3
Added Pin To Net: NetName=NetR30_1 Pin=U9-4
Added Pin To Net: NetName=NetC26_2 Pin=U9-5
Added Pin To Net: NetName=NetC24_1 Pin=U10-1
Added Pin To Net: NetName=NetC24_1 Pin=U10-2
Added Pin To Net: NetName=NetC26_2 Pin=U10-3
Added Pin To Net: NetName=NetR42_1 Pin=U11-1
Added Pin To Net: NetName=NetR34_2 Pin=U11-2
Added Pin To Net: NetName=NetR47_1 Pin=U12-1
Added Pin To Net: NetName=GND Pin=U12-3
Added Pin To Net: NetName=NetR35_2 Pin=U12-4
Added Pin To Net: NetName=NetR42_1 Pin=U12-5
Added Pin To Net: NetName=NetC23_1 Pin=U13-1
Added Pin To Net: NetName=NetC23_1 Pin=U13-2
Added Pin To Net: NetName=NetC27_2 Pin=U13-3
Added Pin To Net: NetName=NetR46_2 Pin=U14-1
Added Pin To Net: NetName=NetR45_2 Pin=U14-2
Added Pin To Net: NetName=GND Pin=U14-3
Added Pin To Net: NetName=NetR47_2 Pin=U15-1
Added Pin To Net: NetName=NetR48_1 Pin=U15-2
Added Pin To Net: NetName=NetR55_2 Pin=U15-3
Added Pin To Net: NetName=NetP4_1 Pin=U16-1
Added Pin To Net: NetName=NetR53_1 Pin=U16-2
Added Pin To Net: NetName=GND Pin=U16-3
Added Pin To Net: NetName=NetC28_2 Pin=U17-1
Added Pin To Net: NetName=NetC28_1 Pin=U17-2
Added Pin To Net: NetName=GND Pin=U17-3
Added Pin To Net: NetName=NetR58_1 Pin=U18-1
Added Pin To Net: NetName=NetR69_1 Pin=U18-2
Added Pin To Net: NetName=NetR65_2 Pin=U18-3
Added Pin To Net: NetName=NetR49_1 Pin=U19-1
Added Pin To Net: NetName=NetR75_1 Pin=U19-2
Added Pin To Net: NetName=NetR71_2 Pin=U19-3
Added Pin To Net: NetName=NetR54_1 Pin=U20-1
Added Pin To Net: NetName=NetP7_2 Pin=U20-2
Added Pin To Net: NetName=NetC34_2 Pin=U20-3
Added Pin To Net: NetName=NetU1_48 Pin=U21-1
Added Pin To Net: NetName=NetC19_2 Pin=U21-2
Added Pin To Net: NetName=GND Pin=U21-3
Added Pin To Net: NetName=NetR23_2 Pin=U21-4
Added Pin To Net: NetName=+5V Pin=U21-5
Added Pin To Net: NetName=+5V Pin=U21-6
Added Pin To Net: NetName=NetR16_2 Pin=U21-7
Added Pin To Net: NetName=NetP9_2 Pin=U21-8
Added Pin To Net: NetName=NetR15_2 Pin=U21-9
Added Pin To Net: NetName=NetU1_47 Pin=U21-10
Added Pin To Net: NetName=NetC35_2 Pin=U22-1
Added Pin To Net: NetName=GND Pin=U22-2
Added Pin To Net: NetName=NetC35_1 Pin=U22-3
Added Pin To Net: NetName=NetJ5_4 Pin=U23-1
Added Pin To Net: NetName=GND Pin=U23-2
Added Pin To Net: NetName=NetR82_1 Pin=U23-3
Added Pin To Net: NetName=NetJ5_2 Pin=U24-1
Added Pin To Net: NetName=NetR85_2 Pin=U24-2
Added Pin To Net: NetName=NetC37_2 Pin=U24-3
Added Pin To Net: NetName=-9V Pin=U25-1
Added Pin To Net: NetName=+9V Pin=U25-2
Added Pin To Net: NetName=-9V Pin=U26-1
Added Pin To Net: NetName=+9V Pin=U26-2
Added Pin To Net: NetName=+9V Pin=U27-1
Added Pin To Net: NetName=+9V Pin=U28-1
Added Pin To Net: NetName=-9V Pin=U29-1
Added Pin To Net: NetName=+9V Pin=U29-2
Added Pin To Net: NetName=-9V Pin=U30-1
Added Pin To Net: NetName=+9V Pin=U30-2
Added Pin To Net: NetName=-9V Pin=U31-1
Added Pin To Net: NetName=+9V Pin=U31-2
Added Pin To Net: NetName=NetC12_2 Pin=Y1-1
Added Pin To Net: NetName=NetC11_2 Pin=Y1-2
