Added Component: Designator=J2(RJ11)
Added Pin To Net: NetName=NetC39_2 Pin=EA1-1
Added Pin To Net: NetName=NetC38_2 Pin=EA1-2
Added Pin To Net: NetName=GND Pin=EA1-3
Added Pin To Net: NetName=NetC41_2 Pin=EB1-1
Added Pin To Net: NetName=NetC40_2 Pin=EB1-2
Added Pin To Net: NetName=GND Pin=EB1-3
Added Pin To Net: NetName=NetC43_2 Pin=EC1-1
Added Pin To Net: NetName=NetC42_2 Pin=EC1-2
Added Pin To Net: NetName=GND Pin=EC1-3
Added Pin To Net: NetName=NetC45_2 Pin=ED1-1
Added Pin To Net: NetName=NetC44_2 Pin=ED1-2
Added Pin To Net: NetName=GND Pin=ED1-3
Added Pin To Net: NetName=NetD1_1 Pin=J1-1
Added Pin To Net: NetName=GND Pin=J1-2
Added Pin To Net: NetName=NetD1_2 Pin=J1-3
Added Pin To Net: NetName=NetJ2_1 Pin=J2-1
Added Pin To Net: NetName=3,3V Pin=J2-2
Added Pin To Net: NetName=GND Pin=J2-3
Added Pin To Net: NetName=NetJ2_4 Pin=J2-4
Added Pin To Net: NetName=NetJ2_5 Pin=J2-5
Added Pin To Net: NetName=NetJ3_4 Pin=J3-4
Added Pin To Net: NetName=NetD2_1 Pin=J3-5
Added Pin To Net: NetName=GND Pin=J4-2
Added Pin To Net: NetName=NetJ4_4 Pin=J4-4
Added Pin To Net: NetName=NetJ4_5 Pin=J4-5
Added Pin To Net: NetName=GND Pin=J5-1
Added Pin To Net: NetName=NetJ5_2 Pin=J5-2
Added Pin To Net: NetName=NetJ5_4 Pin=J5-4
