Added Component: Designator=C1(CAPC1608N)
Added Component: Designator=C2(CAPC1608N)
Added Component: Designator=C3(CAPC1608N)
Added Component: Designator=C4(CAPC1608N)
Added Component: Designator=C5(Condo electro 13)
Added Component: Designator=C6(CAPC1608N)
Added Component: Designator=C7(CAPC1608N)
Added Component: Designator=C8(Condo electro 13)
Added Component: Designator=C9(CAPC1608N)
Added Component: Designator=C10(CAPC1608N)
Added Component: Designator=C11(CAPC1608N)
Added Component: Designator=C12(CAPC1608N)
Added Component: Designator=C13(CAPC1608N)
Added Component: Designator=C14(CAPC1608N)
Added Component: Designator=C15(CAPC1608N)
Added Component: Designator=C16(CAPC1608N)
Added Component: Designator=C17(CAPC1608N)
Added Component: Designator=C18(CAPC1608N)
Added Component: Designator=C19(CAPC1608N)
Added Component: Designator=C20(CAPC1608N)
Added Component: Designator=C21(CAPC1608N)
Added Component: Designator=C22(CAPC1608N)
Added Component: Designator=C23(CAPC1608N)
Added Component: Designator=C24(CAPC1608N)
Added Component: Designator=C25(CAPC1608N)
Added Component: Designator=C26(CAPC1608N)
Added Component: Designator=C27(CAPC1608N)
Added Component: Designator=C28(CAPC1608N)
Added Component: Designator=C29(CAPC1608N)
Added Component: Designator=C30(CAPC1608N)
Added Component: Designator=C31(CAPC1608N)
Added Component: Designator=C32(CAPC1608N)
Added Component: Designator=C33(CAPC1608N)
Added Component: Designator=C34(CAPC1608N)
Added Component: Designator=C35(CAPC1608N)
Added Component: Designator=C36(CAPC1608N)
Added Component: Designator=C37(CAPC1608N)
Added Component: Designator=C38(CAPC1608N)
Added Component: Designator=C39(CAPC1608N)
Added Component: Designator=C40(CAPC1608N)
Added Component: Designator=C41(CAPC1608N)
Added Component: Designator=C42(CAPC1608N)
Added Component: Designator=C43(CAPC1608N)
Added Component: Designator=C44(CAPC1608N)
Added Component: Designator=C45(CAPC1608N)
Added Component: Designator=C46(CAPC1608N)
Added Component: Designator=C47(CAPC1608N)
Added Component: Designator=C48(CAPC1608N)
Added Component: Designator=C49(CAPC1608N)
Added Component: Designator=C50(CAPC1608N)
Added Component: Designator=C51(CAPC1608N)
Added Component: Designator=C52(CAPC1608N)
Added Component: Designator=C53(CAPC1608N)
Added Component: Designator=C54(CAPC1608N)
Added Component: Designator=C55(CAPC1608N)
Added Component: Designator=C56(CAPC1608N)
Added Component: Designator=C57(CAPC1608N)
Added Component: Designator=D1(MB8S)
Added Component: Designator=D2(1N914)
Added Component: Designator=D3(1N914)
Added Component: Designator=D4(LED)
Added Component: Designator=D5(LED)
Added Component: Designator=D6(LED)
Added Component: Designator=D7(LED)
Added Component: Designator=D8(LED)
Added Component: Designator=D9(LED)
Added Component: Designator=D10(LED)
Added Component: Designator=D11(LED)
Added Component: Designator=D12(LED)
Added Component: Designator=Display1(Display)
Added Component: Designator=EA(EC12E)
Added Component: Designator=EB(EC12E)
Added Component: Designator=EC(EC12E)
Added Component: Designator=ED(EC12E)
Added Component: Designator=J1(RJ11)
Added Component: Designator=J2(SOCKET MIDI)
Added Component: Designator=J3(SOCKET MIDI)
Added Component: Designator=J4(Header 3)
Added Component: Designator=P1(BOURNS Trim pot)
Added Component: Designator=P2(BOURNS Trim pot)
Added Component: Designator=P3(BOURNS Trim pot)
Added Component: Designator=P4(BOURNS Trim pot)
Added Component: Designator=P5(BOURNS Trim pot)
Added Component: Designator=P6(BOURNS Trim pot)
Added Component: Designator=P7(CAPC1608N)
Added Component: Designator=P8(BOURNS Trim pot)
Added Component: Designator=P9(ALPS Potentiometer)
Added Component: Designator=P10(BOURNS Trim pot)
Added Component: Designator=Power(Header 3)
Added Component: Designator=Q1(2N3906)
Added Component: Designator=Q2(2N3906)
Added Component: Designator=Q3(2N3906)
Added Component: Designator=Q4(2N3906)
Added Component: Designator=R1(CAPC1608N)
Added Component: Designator=R2(CAPC1608N)
Added Component: Designator=R3(CAPC1608N)
Added Component: Designator=R4(CAPC1608N)
Added Component: Designator=R5(CAPC1608N)
Added Component: Designator=R6(CAPC1608N)
Added Component: Designator=R7(CAPC1608N)
Added Component: Designator=R8(CAPC1608N)
Added Component: Designator=R9(CAPC1608N)
Added Component: Designator=R10(CAPC1608N)
Added Component: Designator=R11(CAPC1608N)
Added Component: Designator=R12(CAPC1608N)
Added Component: Designator=R13(CAPC1608N)
Added Component: Designator=R14(CAPC1608N)
Added Component: Designator=R15(CAPC1608N)
Added Component: Designator=R16(CAPC1608N)
Added Component: Designator=R17(CAPC1608N)
Added Component: Designator=R18(CAPC1608N)
Added Component: Designator=R19(CAPC1608N)
Added Component: Designator=R20(CAPC1608N)
Added Component: Designator=R21(CAPC1608N)
Added Component: Designator=R22(CAPC1608N)
Added Component: Designator=R23(CAPC1608N)
Added Component: Designator=R24(CAPC1608N)
Added Component: Designator=R25(CAPC1608N)
Added Component: Designator=R26(CAPC1608N)
Added Component: Designator=R27(CAPC1608N)
Added Component: Designator=R28(CAPC1608N)
Added Component: Designator=R29(CAPC1608N)
Added Component: Designator=R30(CAPC1608N)
Added Component: Designator=R31(CAPC1608N)
Added Component: Designator=R32(CAPC1608N)
Added Component: Designator=R33(CAPC1608N)
Added Component: Designator=R34(CAPC1608N)
Added Component: Designator=R35(CAPC1608N)
Added Component: Designator=R36(CAPC1608N)
Added Component: Designator=R37(CAPC1608N)
Added Component: Designator=R38(CAPC1608N)
Added Component: Designator=R39(CAPC1608N)
Added Component: Designator=R40(CAPC1608N)
Added Component: Designator=R41(CAPC1608N)
Added Component: Designator=R42(CAPC1608N)
Added Component: Designator=R43(CAPC1608N)
Added Component: Designator=R44(CAPC1608N)
Added Component: Designator=R45(CAPC1608N)
Added Component: Designator=R46(CAPC1608N)
Added Component: Designator=R47(CAPC1608N)
Added Component: Designator=R48(CAPC1608N)
Added Component: Designator=R49(CAPC1608N)
Added Component: Designator=R50(CAPC1608N)
Added Component: Designator=R51(CAPC1608N)
Added Component: Designator=R52(CAPC1608N)
Added Component: Designator=R53(CAPC1608N)
Added Component: Designator=R54(CAPC1608N)
Added Component: Designator=R55(CAPC1608N)
Added Component: Designator=R56(CAPC1608N)
Added Component: Designator=R57(CAPC1608N)
Added Component: Designator=R58(CAPC1608N)
Added Component: Designator=R59(CAPC1608N)
Added Component: Designator=R60(CAPC1608N)
Added Component: Designator=R61(CAPC1608N)
Added Component: Designator=R62(CAPC1608N)
Added Component: Designator=R63(CAPC1608N)
Added Component: Designator=R64(CAPC1608N)
Added Component: Designator=R65(CAPC1608N)
Added Component: Designator=R66(CAPC1608N)
Added Component: Designator=R67(CAPC1608N)
Added Component: Designator=R68(CAPC1608N)
Added Component: Designator=R69(CAPC1608N)
Added Component: Designator=R70(CAPC1608N)
Added Component: Designator=R71(CAPC1608N)
Added Component: Designator=R72(CAPC1608N)
Added Component: Designator=R73(CAPC1608N)
Added Component: Designator=R74(CAPC1608N)
Added Component: Designator=R75(CAPC1608N)
Added Component: Designator=R76(CAPC1608N)
Added Component: Designator=R77(CAPC1608N)
Added Component: Designator=R78(CAPC1608N)
Added Component: Designator=R79(CAPC1608N)
Added Component: Designator=R80(CAPC1608N)
Added Component: Designator=R81(CAPC1608N)
Added Component: Designator=R82(CAPC1608N)
Added Component: Designator=R83(CAPC1608N)
Added Component: Designator=R84(CAPC1608N)
Added Component: Designator=R85(CAPC1608N)
Added Component: Designator=R86(CAPC1608N)
Added Component: Designator=R87(CAPC1608N)
Added Component: Designator=R88(CAPC1608N)
Added Component: Designator=R89(CAPC1608N)
Added Component: Designator=R90(CAPC1608N)
Added Component: Designator=R91(CAPC1608N)
Added Component: Designator=R92(CAPC1608N)
Added Component: Designator=R93(CAPC1608N)
Added Component: Designator=R94(CAPC1608N)
Added Component: Designator=R95(CAPC1608N)
Added Component: Designator=R96(CAPC1608N)
Added Component: Designator=R97(CAPC1608N)
Added Component: Designator=R98(CAPC1608N)
Added Component: Designator=R99(CAPC1608N)
Added Component: Designator=R100(CAPC1608N)
Added Component: Designator=R101(CAPC1608N)
Added Component: Designator=R102(CAPC1608N)
Added Component: Designator=R103(CAPC1608N)
Added Component: Designator=R104(CAPC1608N)
Added Component: Designator=R105(CAPC1608N)
Added Component: Designator=R106(CAPC1608N)
Added Component: Designator=R107(CAPC1608N)
Added Component: Designator=R108(CAPC1608N)
Added Component: Designator=R109(CAPC1608N)
Added Component: Designator=R110(CAPC1608N)
Added Component: Designator=R111(CAPC1608N)
Added Component: Designator=R112(CAPC1608N)
Added Component: Designator=R113(CAPC1608N)
Added Component: Designator=R114(CAPC1608N)
Added Component: Designator=R115(CAPC1608N)
Added Component: Designator=R116(CAPC1608N)
Added Component: Designator=S1(PUSH BUTTON)
Added Component: Designator=S2(PUSH BUTTON)
Added Component: Designator=S3(PUSH BUTTON)
Added Component: Designator=S4(PUSH BUTTON)
Added Component: Designator=S5(PUSH BUTTON)
Added Component: Designator=U2(PCM1781)
Added Component: Designator=U3A(TL084 - 3pads)
Added Component: Designator=U3B(TL084 - 3pads)
Added Component: Designator=U3C(TL084 - 3pads)
Added Component: Designator=U3D(TL084 - 3pads)
Added Component: Designator=U3(TL084 - Alim)
Added Component: Designator=U4A(TL084 - 3pads)
Added Component: Designator=U4B(TL084 - 3pads)
Added Component: Designator=U4C(TL084 - 3pads)
Added Component: Designator=U4D(TL084 - 3pads)
Added Component: Designator=U4(TL084 - Alim)
Added Component: Designator=U5A(TL084 - 3pads)
Added Component: Designator=U5B(TL084 - 3pads)
Added Component: Designator=U5C(TL084 - 3pads)
Added Component: Designator=U5D(TL084 - 3pads)
Added Component: Designator=U5(TL084 - Alim)
Added Component: Designator=U6A(TL084 - 3pads)
Added Component: Designator=U6B(TL084 - 3pads)
Added Component: Designator=U6C(TL084 - 3pads)
Added Component: Designator=U6D(TL084 - 3pads)
Added Component: Designator=U6(TL084 - Alim)
Added Component: Designator=U7A(LM13700 - A)
Added Component: Designator=U7B(LM13700 - B)
Added Component: Designator=U7(LM13700 - Alim)
Added Component: Designator=U8A(LM13700 - A)
Added Component: Designator=U8C(LM13700 - C)
Added Component: Designator=U8(LM13700 - Alim)
Added Component: Designator=U9(ADG704)
Added Component: Designator=U10(6N139)
Added Component: Designator=VR1(LM1117-SOT)
Added Component: Designator=VR2(LM1117-SOT)
Added Component: Designator=VR3(LM1117-SOT)
Added Component: Designator=VR4(LM337L)
Added Component: Designator=Y1(Xtal)
Added Pin To Net: NetName=+3.3V Pin=C2-1
Added Pin To Net: NetName=+3.3V Pin=R90-2
Added Pin To Net: NetName=+3.3V Pin=R91-2
Added Pin To Net: NetName=+3.3V Pin=R92-2
Added Pin To Net: NetName=+3.3V Pin=R93-2
Added Pin To Net: NetName=+3.3V Pin=R94-2
Added Pin To Net: NetName=+3.3V Pin=VR1-3
Added Net: Name=+3.3V
Added Pin To Net: NetName=+5V Pin=C4-1
Added Pin To Net: NetName=+5V Pin=C21-1
Added Pin To Net: NetName=+5V Pin=C22-2
Added Pin To Net: NetName=+5V Pin=Display1-2
Added Pin To Net: NetName=+5V Pin=Display1-16
Added Pin To Net: NetName=+5V Pin=P10-2
Added Pin To Net: NetName=+5V Pin=R5-2
Added Pin To Net: NetName=+5V Pin=R7-2
Added Pin To Net: NetName=+5V Pin=U2-11
Added Pin To Net: NetName=+5V Pin=U9-5
Added Pin To Net: NetName=+5V Pin=U9-6
Added Pin To Net: NetName=+5V Pin=U10-8
Added Pin To Net: NetName=+5V Pin=VR2-3
Added Net: Name=+5V
Added Pin To Net: NetName=+9V Pin=C7-1
Added Pin To Net: NetName=+9V Pin=C24-1
Added Pin To Net: NetName=+9V Pin=C26-1
Added Pin To Net: NetName=+9V Pin=C30-1
Added Pin To Net: NetName=+9V Pin=C32-1
Added Pin To Net: NetName=+9V Pin=C37-1
Added Pin To Net: NetName=+9V Pin=C45-1
Added Pin To Net: NetName=+9V Pin=R1-2
Added Pin To Net: NetName=+9V Pin=R38-1
Added Pin To Net: NetName=+9V Pin=R39-1
Added Pin To Net: NetName=+9V Pin=R44-2
Added Pin To Net: NetName=+9V Pin=R57-1
Added Pin To Net: NetName=+9V Pin=R60-2
Added Pin To Net: NetName=+9V Pin=U3-2
Added Pin To Net: NetName=+9V Pin=U4-2
Added Pin To Net: NetName=+9V Pin=U5-2
Added Pin To Net: NetName=+9V Pin=U6-2
Added Pin To Net: NetName=+9V Pin=U7-1
Added Pin To Net: NetName=+9V Pin=U8-1
Added Pin To Net: NetName=+9V Pin=VR3-3
Added Net: Name=+9V
Added Pin To Net: NetName=-9V Pin=C10-2
Added Pin To Net: NetName=-9V Pin=C27-2
Added Pin To Net: NetName=-9V Pin=C29-2
Added Pin To Net: NetName=-9V Pin=C31-2
Added Pin To Net: NetName=-9V Pin=C35-2
Added Pin To Net: NetName=-9V Pin=C38-2
Added Pin To Net: NetName=-9V Pin=C46-2
Added Pin To Net: NetName=-9V Pin=R2-1
Added Pin To Net: NetName=-9V Pin=R30-2
Added Pin To Net: NetName=-9V Pin=R33-2
Added Pin To Net: NetName=-9V Pin=R40-1
Added Pin To Net: NetName=-9V Pin=R43-1
Added Pin To Net: NetName=-9V Pin=R55-1
Added Pin To Net: NetName=-9V Pin=R59-1
Added Pin To Net: NetName=-9V Pin=R65-1
Added Pin To Net: NetName=-9V Pin=R71-1
Added Pin To Net: NetName=-9V Pin=U3-1
Added Pin To Net: NetName=-9V Pin=U4-1
Added Pin To Net: NetName=-9V Pin=U5-1
Added Pin To Net: NetName=-9V Pin=U6-1
Added Pin To Net: NetName=-9V Pin=U7-2
Added Pin To Net: NetName=-9V Pin=U8-2
Added Pin To Net: NetName=-9V Pin=VR4-3
Added Net: Name=-9V
Added Pin To Net: NetName=3,3V Pin=C14-2
Added Pin To Net: NetName=3,3V Pin=C15-2
Added Pin To Net: NetName=3,3V Pin=C16-2
Added Pin To Net: NetName=3,3V Pin=C17-2
Added Pin To Net: NetName=3,3V Pin=C18-2
Added Pin To Net: NetName=3,3V Pin=J1-2
Added Pin To Net: NetName=3,3V Pin=R3-2
Added Pin To Net: NetName=3,3V Pin=R4-1
Added Pin To Net: NetName=3,3V Pin=R4-2
Added Net: Name=3,3V
Added Pin To Net: NetName=GND Pin=C1-2
Added Pin To Net: NetName=GND Pin=C2-2
Added Pin To Net: NetName=GND Pin=C3-2
Added Pin To Net: NetName=GND Pin=C4-2
Added Pin To Net: NetName=GND Pin=C5-2
Added Pin To Net: NetName=GND Pin=C6-2
Added Pin To Net: NetName=GND Pin=C7-2
Added Pin To Net: NetName=GND Pin=C8-1
Added Pin To Net: NetName=GND Pin=C9-1
Added Pin To Net: NetName=GND Pin=C10-1
Added Pin To Net: NetName=GND Pin=C11-1
Added Pin To Net: NetName=GND Pin=C12-1
Added Pin To Net: NetName=GND Pin=C13-1
Added Pin To Net: NetName=GND Pin=C14-1
Added Pin To Net: NetName=GND Pin=C15-1
Added Pin To Net: NetName=GND Pin=C16-1
Added Pin To Net: NetName=GND Pin=C17-1
Added Pin To Net: NetName=GND Pin=C18-1
Added Pin To Net: NetName=GND Pin=C24-2
Added Pin To Net: NetName=GND Pin=C26-2
Added Pin To Net: NetName=GND Pin=C27-1
Added Pin To Net: NetName=GND Pin=C29-1
Added Pin To Net: NetName=GND Pin=C30-2
Added Pin To Net: NetName=GND Pin=C31-1
Added Pin To Net: NetName=GND Pin=C32-2
Added Pin To Net: NetName=GND Pin=C33-1
Added Pin To Net: NetName=GND Pin=C34-1
Added Pin To Net: NetName=GND Pin=C35-1
Added Pin To Net: NetName=GND Pin=C37-2
Added Pin To Net: NetName=GND Pin=C38-1
Added Pin To Net: NetName=GND Pin=C39-1
Added Pin To Net: NetName=GND Pin=C40-1
Added Pin To Net: NetName=GND Pin=C41-1
Added Pin To Net: NetName=GND Pin=C42-1
Added Pin To Net: NetName=GND Pin=C43-1
Added Pin To Net: NetName=GND Pin=C44-1
Added Pin To Net: NetName=GND Pin=C45-2
Added Pin To Net: NetName=GND Pin=C46-1
Added Pin To Net: NetName=GND Pin=C50-1
Added Pin To Net: NetName=GND Pin=C51-1
Added Pin To Net: NetName=GND Pin=C52-1
Added Pin To Net: NetName=GND Pin=C53-1
Added Pin To Net: NetName=GND Pin=C54-1
Added Pin To Net: NetName=GND Pin=C55-1
Added Pin To Net: NetName=GND Pin=C56-1
Added Pin To Net: NetName=GND Pin=C57-1
Added Pin To Net: NetName=GND Pin=D4-2
Added Pin To Net: NetName=GND Pin=D5-2
Added Pin To Net: NetName=GND Pin=D6-2
Added Pin To Net: NetName=GND Pin=D7-2
Added Pin To Net: NetName=GND Pin=D8-2
Added Pin To Net: NetName=GND Pin=D9-2
Added Pin To Net: NetName=GND Pin=D10-2
Added Pin To Net: NetName=GND Pin=D11-2
Added Pin To Net: NetName=GND Pin=D12-2
Added Pin To Net: NetName=GND Pin=Display1-1
Added Pin To Net: NetName=GND Pin=Display1-5
Added Pin To Net: NetName=GND Pin=EA-3
Added Pin To Net: NetName=GND Pin=EB-3
Added Pin To Net: NetName=GND Pin=EC-3
Added Pin To Net: NetName=GND Pin=ED-3
Added Pin To Net: NetName=GND Pin=J1-3
Added Pin To Net: NetName=GND Pin=J3-2
Added Pin To Net: NetName=GND Pin=P1-1
Added Pin To Net: NetName=GND Pin=P1-3
Added Pin To Net: NetName=GND Pin=P2-2
Added Pin To Net: NetName=GND Pin=P2-3
Added Pin To Net: NetName=GND Pin=P9-1
Added Pin To Net: NetName=GND Pin=Power-2
Added Pin To Net: NetName=GND Pin=Power-2
Added Pin To Net: NetName=GND Pin=Power-2
Added Pin To Net: NetName=GND Pin=Q1-1
Added Pin To Net: NetName=GND Pin=Q2-1
Added Pin To Net: NetName=GND Pin=Q3-2
Added Pin To Net: NetName=GND Pin=R9-1
Added Pin To Net: NetName=GND Pin=R22-2
Added Pin To Net: NetName=GND Pin=R24-2
Added Pin To Net: NetName=GND Pin=R25-2
Added Pin To Net: NetName=GND Pin=R27-2
Added Pin To Net: NetName=GND Pin=R31-2
Added Pin To Net: NetName=GND Pin=R32-2
Added Pin To Net: NetName=GND Pin=R41-2
Added Pin To Net: NetName=GND Pin=R42-2
Added Pin To Net: NetName=GND Pin=R56-2
Added Pin To Net: NetName=GND Pin=R63-2
Added Pin To Net: NetName=GND Pin=R69-2
Added Pin To Net: NetName=GND Pin=R75-2
Added Pin To Net: NetName=GND Pin=R80-2
Added Pin To Net: NetName=GND Pin=R86-2
Added Pin To Net: NetName=GND Pin=S1-2
Added Pin To Net: NetName=GND Pin=S2-2
Added Pin To Net: NetName=GND Pin=S3-2
Added Pin To Net: NetName=GND Pin=S4-2
Added Pin To Net: NetName=GND Pin=S5-2
Added Pin To Net: NetName=GND Pin=U3B-2
Added Pin To Net: NetName=GND Pin=U3D-3
Added Pin To Net: NetName=GND Pin=U4C-3
Added Pin To Net: NetName=GND Pin=U5A-3
Added Pin To Net: NetName=GND Pin=U5B-3
Added Pin To Net: NetName=GND Pin=U6B-2
Added Pin To Net: NetName=GND Pin=U6C-2
Added Pin To Net: NetName=GND Pin=U7A-3
Added Pin To Net: NetName=GND Pin=U7B-3
Added Pin To Net: NetName=GND Pin=U8A-3
Added Pin To Net: NetName=GND Pin=U9-3
Added Pin To Net: NetName=GND Pin=U10-5
Added Pin To Net: NetName=GND Pin=VR1-2
Added Pin To Net: NetName=GND Pin=VR2-2
Added Net: Name=GND
Added Pin To Net: NetName=NetC1_1 Pin=C1-1
Added Pin To Net: NetName=NetC1_1 Pin=C3-1
Added Pin To Net: NetName=NetC1_1 Pin=C5-1
Added Pin To Net: NetName=NetC1_1 Pin=C6-1
Added Pin To Net: NetName=NetC1_1 Pin=D1-4
Added Pin To Net: NetName=NetC1_1 Pin=VR1-1
Added Pin To Net: NetName=NetC1_1 Pin=VR2-1
Added Pin To Net: NetName=NetC1_1 Pin=VR3-1
Added Net: Name=NetC1_1
Added Pin To Net: NetName=NetC8_2 Pin=C8-2
Added Pin To Net: NetName=NetC8_2 Pin=C9-2
Added Pin To Net: NetName=NetC8_2 Pin=D1-3
Added Pin To Net: NetName=NetC8_2 Pin=VR4-1
Added Net: Name=NetC8_2
Added Pin To Net: NetName=NetC11_2 Pin=C11-2
Added Pin To Net: NetName=NetC11_2 Pin=Y1-2
Added Net: Name=NetC11_2
Added Pin To Net: NetName=NetC12_2 Pin=C12-2
Added Pin To Net: NetName=NetC12_2 Pin=Y1-1
Added Net: Name=NetC12_2
Added Pin To Net: NetName=NetC13_2 Pin=C13-2
Added Net: Name=NetC13_2
Added Pin To Net: NetName=NetC19_1 Pin=C19-1
Added Pin To Net: NetName=NetC19_1 Pin=U2-15
Added Net: Name=NetC19_1
Added Pin To Net: NetName=NetC19_2 Pin=C19-2
Added Pin To Net: NetName=NetC19_2 Pin=R17-1
Added Pin To Net: NetName=NetC19_2 Pin=U9-2
Added Net: Name=NetC19_2
Added Pin To Net: NetName=NetC20_1 Pin=C20-1
Added Pin To Net: NetName=NetC20_1 Pin=U2-13
Added Net: Name=NetC20_1
Added Pin To Net: NetName=NetC23_1 Pin=C23-1
Added Pin To Net: NetName=NetC23_1 Pin=R19-2
Added Pin To Net: NetName=NetC23_1 Pin=R36-2
Added Pin To Net: NetName=NetC23_1 Pin=U4B-1
Added Pin To Net: NetName=NetC23_1 Pin=U4B-2
Added Net: Name=NetC23_1
Added Pin To Net: NetName=NetC23_2 Pin=C23-2
Added Pin To Net: NetName=NetC23_2 Pin=R22-1
Added Pin To Net: NetName=NetC23_2 Pin=U3C-3
Added Net: Name=NetC23_2
Added Pin To Net: NetName=NetC25_1 Pin=C25-1
Added Pin To Net: NetName=NetC25_1 Pin=R20-2
Added Pin To Net: NetName=NetC25_1 Pin=R37-1
Added Pin To Net: NetName=NetC25_1 Pin=U4A-1
Added Pin To Net: NetName=NetC25_1 Pin=U4A-2
Added Net: Name=NetC25_1
Added Pin To Net: NetName=NetC25_2 Pin=C25-2
Added Pin To Net: NetName=NetC25_2 Pin=R25-1
Added Pin To Net: NetName=NetC25_2 Pin=U3A-3
Added Net: Name=NetC25_2
Added Pin To Net: NetName=NetC28_1 Pin=C28-1
Added Pin To Net: NetName=NetC28_1 Pin=R21-1
Added Pin To Net: NetName=NetC28_1 Pin=R24-1
Added Pin To Net: NetName=NetC28_1 Pin=U3C-2
Added Net: Name=NetC28_1
Added Pin To Net: NetName=NetC28_2 Pin=C28-2
Added Pin To Net: NetName=NetC28_2 Pin=R16-1
Added Pin To Net: NetName=NetC28_2 Pin=R21-2
Added Pin To Net: NetName=NetC28_2 Pin=R29-2
Added Pin To Net: NetName=NetC28_2 Pin=U3C-1
Added Net: Name=NetC28_2
Added Pin To Net: NetName=NetC33_2 Pin=C33-2
Added Pin To Net: NetName=NetC33_2 Pin=U4A-3
Added Pin To Net: NetName=NetC33_2 Pin=U7A-5
Added Net: Name=NetC33_2
Added Pin To Net: NetName=NetC34_2 Pin=C34-2
Added Pin To Net: NetName=NetC34_2 Pin=U4B-3
Added Pin To Net: NetName=NetC34_2 Pin=U7B-5
Added Net: Name=NetC34_2
Added Pin To Net: NetName=NetC36_1 Pin=C36-1
Added Pin To Net: NetName=NetC36_1 Pin=Q4-3
Added Pin To Net: NetName=NetC36_1 Pin=R57-2
Added Pin To Net: NetName=NetC36_1 Pin=U5B-2
Added Net: Name=NetC36_1
Added Pin To Net: NetName=NetC36_2 Pin=C36-2
Added Pin To Net: NetName=NetC36_2 Pin=P6-2
Added Pin To Net: NetName=NetC36_2 Pin=P6-3
Added Pin To Net: NetName=NetC36_2 Pin=R64-1
Added Pin To Net: NetName=NetC36_2 Pin=U5B-1
Added Net: Name=NetC36_2
Added Pin To Net: NetName=NetC39_2 Pin=C39-2
Added Pin To Net: NetName=NetC39_2 Pin=R66-2
Added Pin To Net: NetName=NetC39_2 Pin=R67-1
Added Net: Name=NetC39_2
Added Pin To Net: NetName=NetC40_2 Pin=C40-2
Added Pin To Net: NetName=NetC40_2 Pin=R67-2
Added Pin To Net: NetName=NetC40_2 Pin=R68-1
Added Net: Name=NetC40_2
Added Pin To Net: NetName=NetC41_2 Pin=C41-2
Added Pin To Net: NetName=NetC41_2 Pin=R72-2
Added Pin To Net: NetName=NetC41_2 Pin=R73-1
Added Net: Name=NetC41_2
Added Pin To Net: NetName=NetC42_2 Pin=C42-2
Added Pin To Net: NetName=NetC42_2 Pin=R73-2
Added Pin To Net: NetName=NetC42_2 Pin=R74-1
Added Net: Name=NetC42_2
Added Pin To Net: NetName=NetC43_2 Pin=C43-2
Added Pin To Net: NetName=NetC43_2 Pin=R77-2
Added Pin To Net: NetName=NetC43_2 Pin=R78-1
Added Net: Name=NetC43_2
Added Pin To Net: NetName=NetC44_2 Pin=C44-2
Added Pin To Net: NetName=NetC44_2 Pin=R78-2
Added Pin To Net: NetName=NetC44_2 Pin=U6A-3
Added Net: Name=NetC44_2
Added Pin To Net: NetName=NetC47_1 Pin=C47-1
Added Pin To Net: NetName=NetC47_1 Pin=C48-2
Added Pin To Net: NetName=NetC47_1 Pin=P8-1
Added Pin To Net: NetName=NetC47_1 Pin=U6B-3
Added Net: Name=NetC47_1
Added Pin To Net: NetName=NetC47_2 Pin=C47-2
Added Pin To Net: NetName=NetC47_2 Pin=R83-2
Added Pin To Net: NetName=NetC47_2 Pin=U6B-1
Added Net: Name=NetC47_2
Added Pin To Net: NetName=NetC48_1 Pin=C48-1
Added Pin To Net: NetName=NetC48_1 Pin=P9-3
Added Net: Name=NetC48_1
Added Pin To Net: NetName=NetC49_1 Pin=C49-1
Added Pin To Net: NetName=NetC49_1 Pin=R81-1
Added Pin To Net: NetName=NetC49_1 Pin=R83-1
Added Net: Name=NetC49_1
Added Pin To Net: NetName=NetC49_2 Pin=C49-2
Added Pin To Net: NetName=NetC49_2 Pin=R84-1
Added Pin To Net: NetName=NetC49_2 Pin=U6D-3
Added Net: Name=NetC49_2
Added Pin To Net: NetName=NetC50_2 Pin=C50-2
Added Pin To Net: NetName=NetC50_2 Pin=EA-2
Added Pin To Net: NetName=NetC50_2 Pin=R101-2
Added Pin To Net: NetName=NetC50_2 Pin=R109-2
Added Net: Name=NetC50_2
Added Pin To Net: NetName=NetC51_2 Pin=C51-2
Added Pin To Net: NetName=NetC51_2 Pin=EA-1
Added Pin To Net: NetName=NetC51_2 Pin=R102-1
Added Pin To Net: NetName=NetC51_2 Pin=R110-2
Added Net: Name=NetC51_2
Added Pin To Net: NetName=NetC52_2 Pin=C52-2
Added Pin To Net: NetName=NetC52_2 Pin=EB-2
Added Pin To Net: NetName=NetC52_2 Pin=R103-2
Added Pin To Net: NetName=NetC52_2 Pin=R111-2
Added Net: Name=NetC52_2
Added Pin To Net: NetName=NetC53_2 Pin=C53-2
Added Pin To Net: NetName=NetC53_2 Pin=EB-1
Added Pin To Net: NetName=NetC53_2 Pin=R104-1
Added Pin To Net: NetName=NetC53_2 Pin=R112-2
Added Net: Name=NetC53_2
Added Pin To Net: NetName=NetC54_2 Pin=C54-2
Added Pin To Net: NetName=NetC54_2 Pin=EC-2
Added Pin To Net: NetName=NetC54_2 Pin=R105-2
Added Pin To Net: NetName=NetC54_2 Pin=R113-2
Added Net: Name=NetC54_2
Added Pin To Net: NetName=NetC55_2 Pin=C55-2
Added Pin To Net: NetName=NetC55_2 Pin=EC-1
Added Pin To Net: NetName=NetC55_2 Pin=R106-1
Added Pin To Net: NetName=NetC55_2 Pin=R114-2
Added Net: Name=NetC55_2
Added Pin To Net: NetName=NetC56_2 Pin=C56-2
Added Pin To Net: NetName=NetC56_2 Pin=ED-2
Added Pin To Net: NetName=NetC56_2 Pin=R107-2
Added Pin To Net: NetName=NetC56_2 Pin=R115-2
Added Net: Name=NetC56_2
Added Pin To Net: NetName=NetC57_2 Pin=C57-2
Added Pin To Net: NetName=NetC57_2 Pin=ED-1
Added Pin To Net: NetName=NetC57_2 Pin=R108-1
Added Pin To Net: NetName=NetC57_2 Pin=R116-2
Added Net: Name=NetC57_2
Added Pin To Net: NetName=NetD1_1 Pin=D1-1
Added Net: Name=NetD1_1
Added Pin To Net: NetName=NetD1_2 Pin=D1-2
Added Net: Name=NetD1_2
Added Pin To Net: NetName=NetD2_1 Pin=D2-1
Added Pin To Net: NetName=NetD2_1 Pin=J2-5
Added Pin To Net: NetName=NetD2_1 Pin=U10-3
Added Net: Name=NetD2_1
Added Pin To Net: NetName=NetD2_2 Pin=D2-2
Added Pin To Net: NetName=NetD2_2 Pin=R6-2
Added Pin To Net: NetName=NetD2_2 Pin=U10-2
Added Net: Name=NetD2_2
Added Pin To Net: NetName=NetD3_1 Pin=D3-1
Added Pin To Net: NetName=NetD3_1 Pin=P4-3
Added Pin To Net: NetName=NetD3_1 Pin=Q4-2
Added Net: Name=NetD3_1
Added Pin To Net: NetName=NetD3_2 Pin=D3-2
Added Pin To Net: NetName=NetD3_2 Pin=R61-2
Added Net: Name=NetD3_2
Added Pin To Net: NetName=NetD4_1 Pin=D4-1
Added Pin To Net: NetName=NetD4_1 Pin=R87-2
Added Net: Name=NetD4_1
Added Pin To Net: NetName=NetD5_1 Pin=D5-1
Added Pin To Net: NetName=NetD5_1 Pin=R88-2
Added Net: Name=NetD5_1
Added Pin To Net: NetName=NetD6_1 Pin=D6-1
Added Pin To Net: NetName=NetD6_1 Pin=R89-2
Added Net: Name=NetD6_1
Added Pin To Net: NetName=NetD7_1 Pin=D7-1
Added Pin To Net: NetName=NetD7_1 Pin=R95-2
Added Net: Name=NetD7_1
Added Pin To Net: NetName=NetD8_1 Pin=D8-1
Added Pin To Net: NetName=NetD8_1 Pin=R96-2
Added Net: Name=NetD8_1
Added Pin To Net: NetName=NetD9_1 Pin=D9-1
Added Pin To Net: NetName=NetD9_1 Pin=R97-2
Added Net: Name=NetD9_1
Added Pin To Net: NetName=NetD10_1 Pin=D10-1
Added Pin To Net: NetName=NetD10_1 Pin=R98-2
Added Net: Name=NetD10_1
Added Pin To Net: NetName=NetD11_1 Pin=D11-1
Added Pin To Net: NetName=NetD11_1 Pin=R99-2
Added Net: Name=NetD11_1
Added Pin To Net: NetName=NetD12_1 Pin=D12-1
Added Pin To Net: NetName=NetD12_1 Pin=R100-2
Added Net: Name=NetD12_1
Added Pin To Net: NetName=NetDisplay1_3 Pin=Display1-3
Added Pin To Net: NetName=NetDisplay1_3 Pin=P10-3
Added Net: Name=NetDisplay1_3
Added Pin To Net: NetName=NetDisplay1_4 Pin=Display1-4
Added Net: Name=NetDisplay1_4
Added Pin To Net: NetName=NetDisplay1_6 Pin=Display1-6
Added Net: Name=NetDisplay1_6
Added Pin To Net: NetName=NetDisplay1_7 Pin=Display1-7
Added Net: Name=NetDisplay1_7
Added Pin To Net: NetName=NetDisplay1_8 Pin=Display1-8
Added Net: Name=NetDisplay1_8
Added Pin To Net: NetName=NetDisplay1_9 Pin=Display1-9
Added Net: Name=NetDisplay1_9
Added Pin To Net: NetName=NetDisplay1_10 Pin=Display1-10
Added Net: Name=NetDisplay1_10
Added Pin To Net: NetName=NetDisplay1_15 Pin=Display1-15
Added Pin To Net: NetName=NetDisplay1_15 Pin=P10-1
Added Net: Name=NetDisplay1_15
Added Pin To Net: NetName=NetJ1_1 Pin=J1-1
Added Pin To Net: NetName=NetJ1_1 Pin=R3-1
Added Net: Name=NetJ1_1
Added Pin To Net: NetName=NetJ1_4 Pin=J1-4
Added Net: Name=NetJ1_4
Added Pin To Net: NetName=NetJ1_5 Pin=J1-5
Added Net: Name=NetJ1_5
Added Pin To Net: NetName=NetJ2_4 Pin=J2-4
Added Pin To Net: NetName=NetJ2_4 Pin=R6-1
Added Net: Name=NetJ2_4
Added Pin To Net: NetName=NetJ3_4 Pin=J3-4
Added Pin To Net: NetName=NetJ3_4 Pin=R5-1
Added Net: Name=NetJ3_4
Added Pin To Net: NetName=NetJ3_5 Pin=J3-5
Added Pin To Net: NetName=NetJ3_5 Pin=R8-1
Added Net: Name=NetJ3_5
Added Pin To Net: NetName=NetJ4_2 Pin=J4-2
Added Pin To Net: NetName=NetJ4_2 Pin=J4-2
Added Pin To Net: NetName=NetJ4_2 Pin=J4-2
Added Pin To Net: NetName=NetJ4_2 Pin=R85-1
Added Pin To Net: NetName=NetJ4_2 Pin=U6D-1
Added Net: Name=NetJ4_2
Added Pin To Net: NetName=NetJ4_4 Pin=R82-2
Added Pin To Net: NetName=NetJ4_4 Pin=U6C-1
Added Net: Name=NetJ4_4
Added Pin To Net: NetName=NetP1_2 Pin=P1-2
Added Pin To Net: NetName=NetP1_2 Pin=R1-1
Added Pin To Net: NetName=NetP1_2 Pin=VR3-2
Added Net: Name=NetP1_2
Added Pin To Net: NetName=NetP2_1 Pin=P2-1
Added Pin To Net: NetName=NetP2_1 Pin=R2-2
Added Pin To Net: NetName=NetP2_1 Pin=VR4-2
Added Net: Name=NetP2_1
Added Pin To Net: NetName=NetP3_1 Pin=P3-1
Added Pin To Net: NetName=NetP3_1 Pin=R44-1
Added Net: Name=NetP3_1
Added Pin To Net: NetName=NetP3_2 Pin=P3-2
Added Pin To Net: NetName=NetP3_2 Pin=R43-2
Added Net: Name=NetP3_2
Added Pin To Net: NetName=NetP3_3 Pin=P3-3
Added Pin To Net: NetName=NetP3_3 Pin=R45-1
Added Net: Name=NetP3_3
Added Pin To Net: NetName=NetP4_1 Pin=P4-1
Added Pin To Net: NetName=NetP4_1 Pin=R53-2
Added Pin To Net: NetName=NetP4_1 Pin=U5A-1
Added Net: Name=NetP4_1
Added Pin To Net: NetName=NetP4_2 Pin=P4-2
Added Pin To Net: NetName=NetP4_2 Pin=R63-1
Added Net: Name=NetP4_2
Added Pin To Net: NetName=NetP5_1 Pin=P5-1
Added Pin To Net: NetName=NetP5_1 Pin=R60-1
Added Net: Name=NetP5_1
Added Pin To Net: NetName=NetP5_2 Pin=P5-2
Added Pin To Net: NetName=NetP5_2 Pin=R59-2
Added Net: Name=NetP5_2
Added Pin To Net: NetName=NetP5_3 Pin=P5-3
Added Pin To Net: NetName=NetP5_3 Pin=R62-1
Added Net: Name=NetP5_3
Added Pin To Net: NetName=NetP6_1 Pin=P6-1
Added Pin To Net: NetName=NetP6_1 Pin=R61-1
Added Net: Name=NetP6_1
Added Pin To Net: NetName=NetP7_1 Pin=P7-1
Added Pin To Net: NetName=NetP7_1 Pin=R80-1
Added Net: Name=NetP7_1
Added Pin To Net: NetName=NetP7_2 Pin=P7-2
Added Pin To Net: NetName=NetP7_2 Pin=R79-2
Added Pin To Net: NetName=NetP7_2 Pin=U6A-2
Added Net: Name=NetP7_2
Added Pin To Net: NetName=NetP8_2 Pin=P8-2
Added Pin To Net: NetName=NetP8_2 Pin=P8-3
Added Pin To Net: NetName=NetP8_2 Pin=R81-2
Added Net: Name=NetP8_2
Added Pin To Net: NetName=NetP9_2 Pin=P9-2
Added Pin To Net: NetName=NetP9_2 Pin=U9-8
Added Net: Name=NetP9_2
Added Pin To Net: NetName=NetQ1_2 Pin=Q1-2
Added Pin To Net: NetName=NetQ1_2 Pin=Q2-2
Added Pin To Net: NetName=NetQ1_2 Pin=Q3-3
Added Net: Name=NetQ1_2
Added Pin To Net: NetName=NetQ1_3 Pin=Q1-3
Added Pin To Net: NetName=NetQ1_3 Pin=R51-1
Added Net: Name=NetQ1_3
Added Pin To Net: NetName=NetQ2_3 Pin=Q2-3
Added Pin To Net: NetName=NetQ2_3 Pin=R52-1
Added Net: Name=NetQ2_3
Added Pin To Net: NetName=NetQ3_1 Pin=Q3-1
Added Pin To Net: NetName=NetQ3_1 Pin=Q4-1
Added Pin To Net: NetName=NetQ3_1 Pin=R64-2
Added Net: Name=NetQ3_1
Added Pin To Net: NetName=NetR7_1 Pin=R7-1
Added Pin To Net: NetName=NetR7_1 Pin=R8-2
Added Pin To Net: NetName=NetR7_1 Pin=U10-6
Added Net: Name=NetR7_1
Added Pin To Net: NetName=NetR9_2 Pin=R9-2
Added Pin To Net: NetName=NetR9_2 Pin=U10-7
Added Net: Name=NetR9_2
Added Pin To Net: NetName=NetR10_1 Pin=R10-1
Added Net: Name=NetR10_1
Added Pin To Net: NetName=NetR10_2 Pin=R10-2
Added Pin To Net: NetName=NetR10_2 Pin=U2-5
Added Net: Name=NetR10_2
Added Pin To Net: NetName=NetR11_1 Pin=R11-1
Added Net: Name=NetR11_1
Added Pin To Net: NetName=NetR11_2 Pin=R11-2
Added Pin To Net: NetName=NetR11_2 Pin=U2-6
Added Net: Name=NetR11_2
Added Pin To Net: NetName=NetR12_1 Pin=R12-1
Added Net: Name=NetR12_1
Added Pin To Net: NetName=NetR12_2 Pin=R12-2
Added Pin To Net: NetName=NetR12_2 Pin=U2-7
Added Net: Name=NetR12_2
Added Pin To Net: NetName=NetR13_1 Pin=R13-1
Added Net: Name=NetR13_1
Added Pin To Net: NetName=NetR13_2 Pin=R13-2
Added Pin To Net: NetName=NetR13_2 Pin=U2-8
Added Net: Name=NetR13_2
Added Pin To Net: NetName=NetR14_1 Pin=R14-1
Added Pin To Net: NetName=NetR14_1 Pin=R17-2
Added Pin To Net: NetName=NetR14_1 Pin=R20-1
Added Pin To Net: NetName=NetR14_1 Pin=U3B-3
Added Net: Name=NetR14_1
Added Pin To Net: NetName=NetR14_2 Pin=R14-2
Added Pin To Net: NetName=NetR14_2 Pin=R15-1
Added Pin To Net: NetName=NetR14_2 Pin=R18-1
Added Pin To Net: NetName=NetR14_2 Pin=U3B-1
Added Net: Name=NetR14_2
Added Pin To Net: NetName=NetR15_2 Pin=R15-2
Added Pin To Net: NetName=NetR15_2 Pin=U9-9
Added Net: Name=NetR15_2
Added Pin To Net: NetName=NetR16_2 Pin=R16-2
Added Pin To Net: NetName=NetR16_2 Pin=U9-7
Added Net: Name=NetR16_2
Added Pin To Net: NetName=NetR18_2 Pin=R18-2
Added Pin To Net: NetName=NetR18_2 Pin=R19-1
Added Pin To Net: NetName=NetR18_2 Pin=R32-1
Added Pin To Net: NetName=NetR18_2 Pin=R33-1
Added Pin To Net: NetName=NetR18_2 Pin=R34-1
Added Pin To Net: NetName=NetR18_2 Pin=U7B-4
Added Net: Name=NetR18_2
Added Pin To Net: NetName=NetR23_1 Pin=R23-1
Added Pin To Net: NetName=NetR23_1 Pin=R26-2
Added Pin To Net: NetName=NetR23_1 Pin=U3A-1
Added Net: Name=NetR23_1
Added Pin To Net: NetName=NetR23_2 Pin=R23-2
Added Pin To Net: NetName=NetR23_2 Pin=U9-4
Added Net: Name=NetR23_2
Added Pin To Net: NetName=NetR26_1 Pin=R26-1
Added Pin To Net: NetName=NetR26_1 Pin=R27-1
Added Pin To Net: NetName=NetR26_1 Pin=U3A-2
Added Net: Name=NetR26_1
Added Pin To Net: NetName=NetR28_1 Pin=R28-1
Added Pin To Net: NetName=NetR28_1 Pin=R29-1
Added Pin To Net: NetName=NetR28_1 Pin=U3D-2
Added Net: Name=NetR28_1
Added Pin To Net: NetName=NetR28_2 Pin=R28-2
Added Pin To Net: NetName=NetR28_2 Pin=R35-1
Added Pin To Net: NetName=NetR28_2 Pin=U3D-1
Added Net: Name=NetR28_2
Added Pin To Net: NetName=NetR30_1 Pin=R30-1
Added Pin To Net: NetName=NetR30_1 Pin=R31-1
Added Pin To Net: NetName=NetR30_1 Pin=R36-1
Added Pin To Net: NetName=NetR30_1 Pin=R37-2
Added Pin To Net: NetName=NetR30_1 Pin=U7A-4
Added Net: Name=NetR30_1
Added Pin To Net: NetName=NetR34_2 Pin=R34-2
Added Pin To Net: NetName=NetR34_2 Pin=R40-2
Added Pin To Net: NetName=NetR34_2 Pin=U8C-2
Added Net: Name=NetR34_2
Added Pin To Net: NetName=NetR35_2 Pin=R35-2
Added Pin To Net: NetName=NetR35_2 Pin=R41-1
Added Pin To Net: NetName=NetR35_2 Pin=U8A-4
Added Net: Name=NetR35_2
Added Pin To Net: NetName=NetR38_2 Pin=R38-2
Added Pin To Net: NetName=NetR38_2 Pin=U7B-2
Added Net: Name=NetR38_2
Added Pin To Net: NetName=NetR39_2 Pin=R39-2
Added Pin To Net: NetName=NetR39_2 Pin=U7A-2
Added Net: Name=NetR39_2
Added Pin To Net: NetName=NetR42_1 Pin=R42-1
Added Pin To Net: NetName=NetR42_1 Pin=U8A-5
Added Pin To Net: NetName=NetR42_1 Pin=U8C-1
Added Net: Name=NetR42_1
Added Pin To Net: NetName=NetR45_2 Pin=R45-2
Added Pin To Net: NetName=NetR45_2 Pin=R46-1
Added Pin To Net: NetName=NetR45_2 Pin=R49-2
Added Pin To Net: NetName=NetR45_2 Pin=U4C-2
Added Net: Name=NetR45_2
Added Pin To Net: NetName=NetR46_2 Pin=R46-2
Added Pin To Net: NetName=NetR46_2 Pin=R50-1
Added Pin To Net: NetName=NetR46_2 Pin=U4C-1
Added Net: Name=NetR46_2
Added Pin To Net: NetName=NetR47_1 Pin=R47-1
Added Pin To Net: NetName=NetR47_1 Pin=U8A-1
Added Net: Name=NetR47_1
Added Pin To Net: NetName=NetR47_2 Pin=R47-2
Added Pin To Net: NetName=NetR47_2 Pin=R48-2
Added Pin To Net: NetName=NetR47_2 Pin=U4D-1
Added Net: Name=NetR47_2
Added Pin To Net: NetName=NetR48_1 Pin=R48-1
Added Pin To Net: NetName=NetR48_1 Pin=R50-2
Added Pin To Net: NetName=NetR48_1 Pin=U4D-2
Added Net: Name=NetR48_1
Added Pin To Net: NetName=NetR49_1 Pin=R49-1
Added Pin To Net: NetName=NetR49_1 Pin=R76-1
Added Pin To Net: NetName=NetR49_1 Pin=U5D-1
Added Net: Name=NetR49_1
Added Pin To Net: NetName=NetR51_2 Pin=R51-2
Added Pin To Net: NetName=NetR51_2 Pin=U7A-1
Added Net: Name=NetR51_2
Added Pin To Net: NetName=NetR52_2 Pin=R52-2
Added Pin To Net: NetName=NetR52_2 Pin=U7B-1
Added Net: Name=NetR52_2
Added Pin To Net: NetName=NetR53_1 Pin=R53-1
Added Pin To Net: NetName=NetR53_1 Pin=R54-2
Added Pin To Net: NetName=NetR53_1 Pin=R58-2
Added Pin To Net: NetName=NetR53_1 Pin=R62-2
Added Pin To Net: NetName=NetR53_1 Pin=U5A-2
Added Net: Name=NetR53_1
Added Pin To Net: NetName=NetR54_1 Pin=R54-1
Added Pin To Net: NetName=NetR54_1 Pin=R79-1
Added Pin To Net: NetName=NetR54_1 Pin=U6A-1
Added Net: Name=NetR54_1
Added Pin To Net: NetName=NetR55_2 Pin=R55-2
Added Pin To Net: NetName=NetR55_2 Pin=R56-1
Added Pin To Net: NetName=NetR55_2 Pin=U4D-3
Added Net: Name=NetR55_2
Added Pin To Net: NetName=NetR58_1 Pin=R58-1
Added Pin To Net: NetName=NetR58_1 Pin=R70-1
Added Pin To Net: NetName=NetR58_1 Pin=U5C-1
Added Net: Name=NetR58_1
Added Pin To Net: NetName=NetR65_2 Pin=R65-2
Added Pin To Net: NetName=NetR65_2 Pin=R68-2
Added Pin To Net: NetName=NetR65_2 Pin=U5C-3
Added Net: Name=NetR65_2
Added Pin To Net: NetName=NetR66_1 Pin=R66-1
Added Net: Name=NetR66_1
Added Pin To Net: NetName=NetR69_1 Pin=R69-1
Added Pin To Net: NetName=NetR69_1 Pin=R70-2
Added Pin To Net: NetName=NetR69_1 Pin=U5C-2
Added Net: Name=NetR69_1
Added Pin To Net: NetName=NetR71_2 Pin=R71-2
Added Pin To Net: NetName=NetR71_2 Pin=R74-2
Added Pin To Net: NetName=NetR71_2 Pin=U5D-3
Added Net: Name=NetR71_2
Added Pin To Net: NetName=NetR72_1 Pin=R72-1
Added Net: Name=NetR72_1
Added Pin To Net: NetName=NetR75_1 Pin=R75-1
Added Pin To Net: NetName=NetR75_1 Pin=R76-2
Added Pin To Net: NetName=NetR75_1 Pin=U5D-2
Added Net: Name=NetR75_1
Added Pin To Net: NetName=NetR77_1 Pin=R77-1
Added Net: Name=NetR77_1
Added Pin To Net: NetName=NetR82_1 Pin=R82-1
Added Pin To Net: NetName=NetR82_1 Pin=R84-2
Added Pin To Net: NetName=NetR82_1 Pin=U6C-3
Added Net: Name=NetR82_1
Added Pin To Net: NetName=NetR85_2 Pin=R85-2
Added Pin To Net: NetName=NetR85_2 Pin=R86-1
Added Pin To Net: NetName=NetR85_2 Pin=U6D-2
Added Net: Name=NetR85_2
Added Pin To Net: NetName=NetR87_1 Pin=R87-1
Added Net: Name=NetR87_1
Added Pin To Net: NetName=NetR88_1 Pin=R88-1
Added Net: Name=NetR88_1
Added Pin To Net: NetName=NetR89_1 Pin=R89-1
Added Net: Name=NetR89_1
Added Pin To Net: NetName=NetR90_1 Pin=R90-1
Added Pin To Net: NetName=NetR90_1 Pin=S5-1
Added Net: Name=NetR90_1
Added Pin To Net: NetName=NetR91_1 Pin=R91-1
Added Pin To Net: NetName=NetR91_1 Pin=S4-1
Added Net: Name=NetR91_1
Added Pin To Net: NetName=NetR92_1 Pin=R92-1
Added Pin To Net: NetName=NetR92_1 Pin=S3-1
Added Net: Name=NetR92_1
Added Pin To Net: NetName=NetR93_1 Pin=R93-1
Added Pin To Net: NetName=NetR93_1 Pin=S2-1
Added Net: Name=NetR93_1
Added Pin To Net: NetName=NetR94_1 Pin=R94-1
Added Pin To Net: NetName=NetR94_1 Pin=S1-1
Added Net: Name=NetR94_1
Added Pin To Net: NetName=NetR95_1 Pin=R95-1
Added Net: Name=NetR95_1
Added Pin To Net: NetName=NetR96_1 Pin=R96-1
Added Net: Name=NetR96_1
Added Pin To Net: NetName=NetR97_1 Pin=R97-1
Added Net: Name=NetR97_1
Added Pin To Net: NetName=NetR98_1 Pin=R98-1
Added Net: Name=NetR98_1
Added Pin To Net: NetName=NetR99_1 Pin=R99-1
Added Net: Name=NetR99_1
Added Pin To Net: NetName=NetR100_1 Pin=R100-1
Added Net: Name=NetR100_1
Added Pin To Net: NetName=NetR109_1 Pin=R109-1
Added Net: Name=NetR109_1
Added Pin To Net: NetName=NetR110_1 Pin=R110-1
Added Net: Name=NetR110_1
Added Pin To Net: NetName=NetR111_1 Pin=R111-1
Added Net: Name=NetR111_1
Added Pin To Net: NetName=NetR112_1 Pin=R112-1
Added Net: Name=NetR112_1
Added Pin To Net: NetName=NetR113_1 Pin=R113-1
Added Net: Name=NetR113_1
Added Pin To Net: NetName=NetR114_1 Pin=R114-1
Added Net: Name=NetR114_1
Added Pin To Net: NetName=NetR115_1 Pin=R115-1
Added Net: Name=NetR115_1
Added Pin To Net: NetName=NetR116_1 Pin=R116-1
Added Net: Name=NetR116_1
Added Pin To Net: NetName=NetU1_47 Pin=U9-10
Added Net: Name=NetU1_47
Added Pin To Net: NetName=NetU1_48 Pin=U9-1
Added Net: Name=NetU1_48
Added Pin To Net: NetName=VCC Pin=R101-1
Added Pin To Net: NetName=VCC Pin=R102-2
Added Pin To Net: NetName=VCC Pin=R103-1
Added Pin To Net: NetName=VCC Pin=R104-2
Added Pin To Net: NetName=VCC Pin=R105-1
Added Pin To Net: NetName=VCC Pin=R106-2
Added Pin To Net: NetName=VCC Pin=R107-1
Added Pin To Net: NetName=VCC Pin=R108-2
Added Net: Name=VCC
Added Class: Name=Alimentation
Added Class: Name=Controle du Filtre
Added Class: Name=DAC
Added Class: Name=Display
Added Class: Name=Encodeurs
Added Class: Name=Filtres
Added Class: Name=MIDI IN
Added Class: Name=Multiplexeur
Added Class: Name=PIC
