Added Component: Designator=C1(CAPC1608N)
Added Component: Designator=C2(CAPC1608N)
Added Component: Designator=C3(CAPC1608N)
Added Component: Designator=C4(CAPC1608N)
Added Component: Designator=C5(Condo electro 13)
Added Component: Designator=C6(CAPC1608N)
Added Component: Designator=C7(CAPC1608N)
Added Component: Designator=C8(Condo electro 13)
Added Component: Designator=C9(CAPC1608N)
Added Component: Designator=C10(CAPC1608N)
Added Component: Designator=C11(CAPC1608N)
Added Component: Designator=C12(CAPC1608N)
Added Component: Designator=C13(RAD-0.3)
Added Component: Designator=C14(CAPC1608N)
Added Component: Designator=C15(CAPC1608N)
Added Component: Designator=C16(CAPC1608N)
Added Component: Designator=C17(CAPC1608N)
Added Component: Designator=C18(CAPC1608N)
Added Component: Designator=C19(CAPC1608N)
Added Component: Designator=C20(CAPC1608N)
Added Component: Designator=C21(CAPC1608N)
Added Component: Designator=C22(CAPC1608N)
Added Component: Designator=C23(CAPC1608N)
Added Component: Designator=C24(CAPC1608N)
Added Component: Designator=C25(CAPC1608N)
Added Component: Designator=C26(RB7.6-15)
Added Component: Designator=C27(CAPC1608N)
Added Component: Designator=C28(CAPC1608N)
Added Component: Designator=C29(CAPC1608N)
Added Component: Designator=C30(RB7.6-15)
Added Component: Designator=C31(CAPC1608N)
Added Component: Designator=C32(CAPC1608N)
Added Component: Designator=C33(CAPC1608N)
Added Component: Designator=C34(CAPC1608N)
Added Component: Designator=C35(CAPC1608N)
Added Component: Designator=C36(CAPC1608N)
Added Component: Designator=C37(CAPC1608N)
Added Component: Designator=C38(CAPC1608N)
Added Component: Designator=C39(CAPC1608N)
Added Component: Designator=C40(CAPC1608N)
Added Component: Designator=C41(CAPC1608N)
Added Component: Designator=C42(CAPC1608N)
Added Component: Designator=C43(CAPC1608N)
Added Component: Designator=C44(CAPC1608N)
Added Component: Designator=C45(CAPC1608N)
Added Component: Designator=C46(CAPC1608N)
Added Component: Designator=C47(CAPC1608N)
Added Component: Designator=C48(CAPC1608N)
Added Component: Designator=C49(CAPC1608N)
Added Component: Designator=C50(CAPC1608N)
Added Component: Designator=C51(CAPC1608N)
Added Component: Designator=C52(CAPC1608N)
Added Component: Designator=C53(CAPC1608N)
Added Component: Designator=D1(MB8S)
Added Component: Designator=D2(1N914)
Added Component: Designator=D3(1N914)
Added Component: Designator=D4(LED)
Added Component: Designator=D5(LED)
Added Component: Designator=D6(LED)
Added Component: Designator=D7(LED)
Added Component: Designator=D8(LED)
Added Component: Designator=D9(LED)
Added Component: Designator=D10(LED)
Added Component: Designator=D11(LED)
Added Component: Designator=D12(LED)
Added Component: Designator=Display1(Display)
Added Component: Designator=EA1(EC12E)
Added Component: Designator=EB1(EC12E)
Added Component: Designator=EC1(EC12E)
Added Component: Designator=ED1(EC12E)
Added Component: Designator=J1(HDR1X3)
Added Component: Designator=J2(RJ11)
Added Component: Designator=J3(SOCKET MIDI)
Added Component: Designator=J4(SOCKET MIDI)
Added Component: Designator=J5(ST-3150-5N)
Added Component: Designator=P1(BOURNS Trim pot)
Added Component: Designator=P2(BOURNS Trim pot)
Added Component: Designator=P3(BOURNS Trim pot)
Added Component: Designator=P4(BOURNS Trim pot)
Added Component: Designator=P5(BOURNS Trim pot)
Added Component: Designator=P6(BOURNS Trim pot)
Added Component: Designator=P7(AXIAL-0.7)
Added Component: Designator=P8(BOURNS Trim pot)
Added Component: Designator=P9(ALPS Potentiometer)
Added Component: Designator=P10(BOURNS Trim pot)
Added Component: Designator=Q1(2N3906)
Added Component: Designator=Q2(2N3906)
Added Component: Designator=Q3(2N3906)
Added Component: Designator=Q4(2N3906)
Added Component: Designator=R1(CAPC1608N)
Added Component: Designator=R2(CAPC1608N)
Added Component: Designator=R3(CAPC1608N)
Added Component: Designator=R4(CAPC1608N)
Added Component: Designator=R5(CAPC1608N)
Added Component: Designator=R6(CAPC1608N)
Added Component: Designator=R7(CAPC1608N)
Added Component: Designator=R8(CAPC1608N)
Added Component: Designator=R9(CAPC1608N)
Added Component: Designator=R10(CAPC1608N)
Added Component: Designator=R11(CAPC1608N)
Added Component: Designator=R12(CAPC1608N)
Added Component: Designator=R13(CAPC1608N)
Added Component: Designator=R14(CAPC1608N)
Added Component: Designator=R15(CAPC1608N)
Added Component: Designator=R16(CAPC1608N)
Added Component: Designator=R17(CAPC1608N)
Added Component: Designator=R18(CAPC1608N)
Added Component: Designator=R19(CAPC1608N)
Added Component: Designator=R20(CAPC1608N)
Added Component: Designator=R21(CAPC1608N)
Added Component: Designator=R22(CAPC1608N)
Added Component: Designator=R23(CAPC1608N)
Added Component: Designator=R24(CAPC1608N)
Added Component: Designator=R25(CAPC1608N)
Added Component: Designator=R26(CAPC1608N)
Added Component: Designator=R27(CAPC1608N)
Added Component: Designator=R28(CAPC1608N)
Added Component: Designator=R29(CAPC1608N)
Added Component: Designator=R30(CAPC1608N)
Added Component: Designator=R31(CAPC1608N)
Added Component: Designator=R32(CAPC1608N)
Added Component: Designator=R33(CAPC1608N)
Added Component: Designator=R34(CAPC1608N)
Added Component: Designator=R35(CAPC1608N)
Added Component: Designator=R36(CAPC1608N)
Added Component: Designator=R37(CAPC1608N)
Added Component: Designator=R38(CAPC1608N)
Added Component: Designator=R39(CAPC1608N)
Added Component: Designator=R40(CAPC1608N)
Added Component: Designator=R41(CAPC1608N)
Added Component: Designator=R42(CAPC1608N)
Added Component: Designator=R43(CAPC1608N)
Added Component: Designator=R44(CAPC1608N)
Added Component: Designator=R45(CAPC1608N)
Added Component: Designator=R46(CAPC1608N)
Added Component: Designator=R47(CAPC1608N)
Added Component: Designator=R48(CAPC1608N)
Added Component: Designator=R49(CAPC1608N)
Added Component: Designator=R50(CAPC1608N)
Added Component: Designator=R51(CAPC1608N)
Added Component: Designator=R52(CAPC1608N)
Added Component: Designator=R53(CAPC1608N)
Added Component: Designator=R54(CAPC1608N)
Added Component: Designator=R55(CAPC1608N)
Added Component: Designator=R56(CAPC1608N)
Added Component: Designator=R57(CAPC1608N)
Added Component: Designator=R58(CAPC1608N)
Added Component: Designator=R59(CAPC1608N)
Added Component: Designator=R60(CAPC1608N)
Added Component: Designator=R61(CAPC1608N)
Added Component: Designator=R62(CAPC1608N)
Added Component: Designator=R63(CAPC1608N)
Added Component: Designator=R64(CAPC1608N)
Added Component: Designator=R65(CAPC1608N)
Added Component: Designator=R66(CAPC1608N)
Added Component: Designator=R67(CAPC1608N)
Added Component: Designator=R68(CAPC1608N)
Added Component: Designator=R69(CAPC1608N)
Added Component: Designator=R70(CAPC1608N)
Added Component: Designator=R71(CAPC1608N)
Added Component: Designator=R72(CAPC1608N)
Added Component: Designator=R73(CAPC1608N)
Added Component: Designator=R74(CAPC1608N)
Added Component: Designator=R75(CAPC1608N)
Added Component: Designator=R76(CAPC1608N)
Added Component: Designator=R77(CAPC1608N)
Added Component: Designator=R78(CAPC1608N)
Added Component: Designator=R79(CAPC1608N)
Added Component: Designator=R80(CAPC1608N)
Added Component: Designator=R81(CAPC1608N)
Added Component: Designator=R82(CAPC1608N)
Added Component: Designator=R83(CAPC1608N)
Added Component: Designator=R84(CAPC1608N)
Added Component: Designator=R85(J1-0603)
Added Component: Designator=R86(RESC6332)
Added Component: Designator=R87(CAPC1608N)
Added Component: Designator=R88(CAPC1608N)
Added Component: Designator=R89(CAPC1608N)
Added Component: Designator=R90(CAPC1608N)
Added Component: Designator=R91(CAPC1608N)
Added Component: Designator=R92(CAPC1608N)
Added Component: Designator=R93(CAPC1608N)
Added Component: Designator=R94(CAPC1608N)
Added Component: Designator=R95(CAPC1608N)
Added Component: Designator=R96(CAPC1608N)
Added Component: Designator=R97(CAPC1608N)
Added Component: Designator=R98(CAPC1608N)
Added Component: Designator=R99(CAPC1608N)
Added Component: Designator=R100(CAPC1608N)
Added Component: Designator=R101(CAPC1608N)
Added Component: Designator=R102(CAPC1608N)
Added Component: Designator=R103(CAPC1608N)
Added Component: Designator=R104(CAPC1608N)
Added Component: Designator=R105(CAPC1608N)
Added Component: Designator=R106(CAPC1608N)
Added Component: Designator=R107(CAPC1608N)
Added Component: Designator=R108(CAPC1608N)
Added Component: Designator=R109(CAPC1608N)
Added Component: Designator=R110(CAPC1608N)
Added Component: Designator=R111(CAPC1608N)
Added Component: Designator=R112(CAPC1608N)
Added Component: Designator=R113(CAPC1608N)
Added Component: Designator=R114(CAPC1608N)
Added Component: Designator=R115(CAPC1608N)
Added Component: Designator=R116(CAPC1608N)
Added Component: Designator=S1(PUSH BUTTON)
Added Component: Designator=S2(PUSH BUTTON)
Added Component: Designator=S3(PUSH BUTTON)
Added Component: Designator=S4(PUSH BUTTON)
Added Component: Designator=S5(PUSH BUTTON)
Added Component: Designator=U1(PIC32)
Added Component: Designator=U2(6N139)
Added Component: Designator=U3(PCM1781)
Added Component: Designator=U4(TL084_3PADS+ALIM)
Added Component: Designator=U5(TL084_3PADS+ALIM)
Added Component: Designator=U6(TL084_3PADS)
Added Component: Designator=U7(TL084_3PADS)
Added Component: Designator=U8(LM13700_5PADS+ALIM)
Added Component: Designator=U9(LM13700_5PADS+ALIM)
Added Component: Designator=U10(TL084_3PADS+ALIM)
Added Component: Designator=U11(TL084_3PADS+ALIM)
Added Component: Designator=U13(LM13700_5PADS+ALIM)
Added Component: Designator=U14(TL084_3PADS+ALIM)
Added Component: Designator=U15(TL084_3PADS)
Added Component: Designator=U16(TL084_3PADS+ALIM)
Added Component: Designator=U18(LM13700)
Added Component: Designator=U19(TL084_3PADS)
Added Component: Designator=U20(TL084_3PADS+ALIM)
Added Component: Designator=U21(TL084_3PADS+ALIM)
Added Component: Designator=U22(TL084_3PADS)
Added Component: Designator=U23(ADG704)
Added Component: Designator=U24(TL084_3PADS+ALIM)
Added Component: Designator=U25(TL084_3PADS+ALIM)
Added Component: Designator=U26(TL084_3PADS)
Added Component: Designator=VR1(LM1117-SOT)
Added Component: Designator=VR2(LM1117-SOT)
Added Component: Designator=VR3(LM1117-SOT)
Added Component: Designator=VR4(LM337L)
Added Component: Designator=Y1(Xtal)
Added Pin To Net: NetName=NetC1_1 Pin=C1-1
Added Pin To Net: NetName=GND Pin=C1-2
Added Pin To Net: NetName=+3.3V Pin=C2-1
Added Pin To Net: NetName=GND Pin=C2-2
Added Pin To Net: NetName=NetC1_1 Pin=C3-1
Added Pin To Net: NetName=GND Pin=C3-2
Added Pin To Net: NetName=+5V Pin=C4-1
Added Pin To Net: NetName=GND Pin=C4-2
Added Pin To Net: NetName=NetC1_1 Pin=C5-1
Added Pin To Net: NetName=GND Pin=C5-2
Added Pin To Net: NetName=NetC1_1 Pin=C6-1
Added Pin To Net: NetName=GND Pin=C6-2
Added Pin To Net: NetName=+9V Pin=C7-1
Added Pin To Net: NetName=GND Pin=C7-2
Added Pin To Net: NetName=GND Pin=C8-1
Added Pin To Net: NetName=NetC8_2 Pin=C8-2
Added Pin To Net: NetName=GND Pin=C9-1
Added Pin To Net: NetName=NetC8_2 Pin=C9-2
Added Pin To Net: NetName=GND Pin=C10-1
Added Pin To Net: NetName=-9V Pin=C10-2
Added Pin To Net: NetName=GND Pin=C11-1
Added Pin To Net: NetName=NetC11_2 Pin=C11-2
Added Pin To Net: NetName=GND Pin=C12-1
Added Pin To Net: NetName=NetC12_2 Pin=C12-2
Added Pin To Net: NetName=GND Pin=C13-1
Added Pin To Net: NetName=NetC13_2 Pin=C13-2
Added Pin To Net: NetName=GND Pin=C14-1
Added Pin To Net: NetName=3,3V Pin=C14-2
Added Pin To Net: NetName=GND Pin=C15-1
Added Pin To Net: NetName=3,3V Pin=C15-2
Added Pin To Net: NetName=GND Pin=C16-1
Added Pin To Net: NetName=3,3V Pin=C16-2
Added Pin To Net: NetName=GND Pin=C17-1
Added Pin To Net: NetName=3,3V Pin=C17-2
Added Pin To Net: NetName=GND Pin=C18-1
Added Pin To Net: NetName=3,3V Pin=C18-2
Added Pin To Net: NetName=NetC19_1 Pin=C19-1
Added Pin To Net: NetName=NetC19_2 Pin=C19-2
Added Pin To Net: NetName=NetC20_1 Pin=C20-1
Added Pin To Net: NetName=+5V Pin=C21-1
Added Pin To Net: NetName=+5V Pin=C22-2
Added Pin To Net: NetName=NetC23_1 Pin=C23-1
Added Pin To Net: NetName=NetC23_2 Pin=C23-2
Added Pin To Net: NetName=NetC24_1 Pin=C24-1
Added Pin To Net: NetName=NetC24_2 Pin=C24-2
Added Pin To Net: NetName=NetC25_1 Pin=C25-1
Added Pin To Net: NetName=NetC25_2 Pin=C25-2
Added Pin To Net: NetName=+9V Pin=C26-1
Added Pin To Net: NetName=GND Pin=C26-2
Added Pin To Net: NetName=GND Pin=C27-1
Added Pin To Net: NetName=+9V Pin=C27-2
Added Pin To Net: NetName=NetC28_1 Pin=C28-1
Added Pin To Net: NetName=+9V Pin=C28-2
Added Pin To Net: NetName=NetC29_1 Pin=C29-1
Added Pin To Net: NetName=+9V Pin=C29-2
Added Pin To Net: NetName=GND Pin=C30-1
Added Pin To Net: NetName=-9V Pin=C30-2
Added Pin To Net: NetName=-9V Pin=C31-1
Added Pin To Net: NetName=GND Pin=C31-2
Added Pin To Net: NetName=-9V Pin=C32-1
Added Pin To Net: NetName=NetC28_1 Pin=C32-2
Added Pin To Net: NetName=-9V Pin=C33-1
Added Pin To Net: NetName=NetC29_1 Pin=C33-2
Added Pin To Net: NetName=GND Pin=C34-1
Added Pin To Net: NetName=NetC34_2 Pin=C34-2
Added Pin To Net: NetName=GND Pin=C35-1
Added Pin To Net: NetName=NetC35_2 Pin=C35-2
Added Pin To Net: NetName=NetC36_1 Pin=C36-1
Added Pin To Net: NetName=NetC36_2 Pin=C36-2
Added Pin To Net: NetName=GND Pin=C37-1
Added Pin To Net: NetName=NetC37_2 Pin=C37-2
Added Pin To Net: NetName=GND Pin=C38-1
Added Pin To Net: NetName=NetC38_2 Pin=C38-2
Added Pin To Net: NetName=GND Pin=C39-1
Added Pin To Net: NetName=NetC39_2 Pin=C39-2
Added Pin To Net: NetName=GND Pin=C40-1
Added Pin To Net: NetName=NetC40_2 Pin=C40-2
Added Pin To Net: NetName=GND Pin=C41-1
Added Pin To Net: NetName=NetC41_2 Pin=C41-2
Added Pin To Net: NetName=GND Pin=C42-1
Added Pin To Net: NetName=NetC42_2 Pin=C42-2
Added Pin To Net: NetName=NetC43_1 Pin=C43-1
Added Pin To Net: NetName=NetC43_2 Pin=C43-2
Added Pin To Net: NetName=NetC44_1 Pin=C44-1
Added Pin To Net: NetName=NetC43_1 Pin=C44-2
Added Pin To Net: NetName=NetC45_1 Pin=C45-1
Added Pin To Net: NetName=NetC45_2 Pin=C45-2
Added Pin To Net: NetName=GND Pin=C46-1
Added Pin To Net: NetName=NetC46_2 Pin=C46-2
Added Pin To Net: NetName=GND Pin=C47-1
Added Pin To Net: NetName=NetC47_2 Pin=C47-2
Added Pin To Net: NetName=GND Pin=C48-1
Added Pin To Net: NetName=NetC48_2 Pin=C48-2
Added Pin To Net: NetName=GND Pin=C49-1
Added Pin To Net: NetName=NetC49_2 Pin=C49-2
Added Pin To Net: NetName=GND Pin=C50-1
Added Pin To Net: NetName=NetC50_2 Pin=C50-2
Added Pin To Net: NetName=GND Pin=C51-1
Added Pin To Net: NetName=NetC51_2 Pin=C51-2
Added Pin To Net: NetName=GND Pin=C52-1
Added Pin To Net: NetName=NetC52_2 Pin=C52-2
Added Pin To Net: NetName=GND Pin=C53-1
Added Pin To Net: NetName=NetC53_2 Pin=C53-2
Added Pin To Net: NetName=NetD1_1 Pin=D1-1
Added Pin To Net: NetName=NetD1_2 Pin=D1-2
Added Pin To Net: NetName=NetC8_2 Pin=D1-3
Added Pin To Net: NetName=NetC1_1 Pin=D1-4
Added Pin To Net: NetName=NetD2_1 Pin=D2-1
Added Pin To Net: NetName=NetD2_2 Pin=D2-2
Added Pin To Net: NetName=NetD3_1 Pin=D3-1
Added Pin To Net: NetName=NetD3_2 Pin=D3-2
Added Pin To Net: NetName=NetD4_1 Pin=D4-1
Added Pin To Net: NetName=GND Pin=D4-2
Added Pin To Net: NetName=NetD5_1 Pin=D5-1
Added Pin To Net: NetName=GND Pin=D5-2
Added Pin To Net: NetName=NetD6_1 Pin=D6-1
Added Pin To Net: NetName=GND Pin=D6-2
Added Pin To Net: NetName=NetD7_1 Pin=D7-1
Added Pin To Net: NetName=GND Pin=D7-2
Added Pin To Net: NetName=NetD8_1 Pin=D8-1
Added Pin To Net: NetName=GND Pin=D8-2
Added Pin To Net: NetName=NetD9_1 Pin=D9-1
Added Pin To Net: NetName=GND Pin=D9-2
Added Pin To Net: NetName=NetD10_1 Pin=D10-1
Added Pin To Net: NetName=GND Pin=D10-2
Added Pin To Net: NetName=NetD11_1 Pin=D11-1
Added Pin To Net: NetName=GND Pin=D11-2
Added Pin To Net: NetName=NetD12_1 Pin=D12-1
Added Pin To Net: NetName=GND Pin=D12-2
Added Pin To Net: NetName=GND Pin=Display1-1
Added Pin To Net: NetName=+5V Pin=Display1-2
Added Pin To Net: NetName=NetDisplay1_3 Pin=Display1-3
Added Pin To Net: NetName=NetDisplay1_4 Pin=Display1-4
Added Pin To Net: NetName=GND Pin=Display1-5
Added Pin To Net: NetName=NetDisplay1_6 Pin=Display1-6
Added Pin To Net: NetName=NetDisplay1_7 Pin=Display1-7
Added Pin To Net: NetName=NetDisplay1_8 Pin=Display1-8
Added Pin To Net: NetName=NetDisplay1_9 Pin=Display1-9
Added Pin To Net: NetName=NetDisplay1_10 Pin=Display1-10
Added Pin To Net: NetName=NetDisplay1_15 Pin=Display1-15
Added Pin To Net: NetName=+5V Pin=Display1-16
Added Pin To Net: NetName=NetC47_2 Pin=EA1-1
Added Pin To Net: NetName=NetC46_2 Pin=EA1-2
Added Pin To Net: NetName=GND Pin=EA1-3
Added Pin To Net: NetName=NetC49_2 Pin=EB1-1
Added Pin To Net: NetName=NetC48_2 Pin=EB1-2
Added Pin To Net: NetName=GND Pin=EB1-3
Added Pin To Net: NetName=NetC51_2 Pin=EC1-1
Added Pin To Net: NetName=NetC50_2 Pin=EC1-2
Added Pin To Net: NetName=GND Pin=EC1-3
Added Pin To Net: NetName=NetC53_2 Pin=ED1-1
Added Pin To Net: NetName=NetC52_2 Pin=ED1-2
Added Pin To Net: NetName=GND Pin=ED1-3
Added Pin To Net: NetName=NetD1_1 Pin=J1-1
Added Pin To Net: NetName=GND Pin=J1-2
Added Pin To Net: NetName=NetD1_2 Pin=J1-3
Added Pin To Net: NetName=NetJ2_1 Pin=J2-1
Added Pin To Net: NetName=3,3V Pin=J2-2
Added Pin To Net: NetName=GND Pin=J2-3
Added Pin To Net: NetName=NetJ2_4 Pin=J2-4
Added Pin To Net: NetName=NetJ2_5 Pin=J2-5
Added Pin To Net: NetName=NetJ3_4 Pin=J3-4
Added Pin To Net: NetName=NetD2_1 Pin=J3-5
Added Pin To Net: NetName=GND Pin=J4-2
Added Pin To Net: NetName=NetJ4_4 Pin=J4-4
Added Pin To Net: NetName=NetJ4_5 Pin=J4-5
Added Pin To Net: NetName=GND Pin=J5-1A
Added Pin To Net: NetName=GND Pin=J5-1B
Added Pin To Net: NetName=GND Pin=J5-1
Added Pin To Net: NetName=NetJ5_2 Pin=J5-2A
Added Pin To Net: NetName=NetJ5_2 Pin=J5-2B
Added Pin To Net: NetName=NetJ5_2 Pin=J5-2
Added Pin To Net: NetName=NetJ5_3 Pin=J5-3A
Added Pin To Net: NetName=NetJ5_3 Pin=J5-3B
Added Pin To Net: NetName=NetJ5_3 Pin=J5-3
Added Pin To Net: NetName=NetJ5_4 Pin=J5-4A
Added Pin To Net: NetName=NetJ5_4 Pin=J5-4B
Added Pin To Net: NetName=NetJ5_4 Pin=J5-4
Added Pin To Net: NetName=NetJ5_5 Pin=J5-5A
Added Pin To Net: NetName=NetJ5_5 Pin=J5-5B
Added Pin To Net: NetName=NetJ5_5 Pin=J5-5
Added Pin To Net: NetName=GND Pin=P1-1
Added Pin To Net: NetName=NetP1_2 Pin=P1-2
Added Pin To Net: NetName=GND Pin=P1-3
Added Pin To Net: NetName=NetP2_1 Pin=P2-1
Added Pin To Net: NetName=GND Pin=P2-2
Added Pin To Net: NetName=GND Pin=P2-3
Added Pin To Net: NetName=NetP3_1 Pin=P3-1
Added Pin To Net: NetName=NetP3_2 Pin=P3-2
Added Pin To Net: NetName=NetP3_3 Pin=P3-3
Added Pin To Net: NetName=NetP4_1 Pin=P4-1
Added Pin To Net: NetName=NetP4_2 Pin=P4-2
Added Pin To Net: NetName=NetD3_1 Pin=P4-3
Added Pin To Net: NetName=NetP5_1 Pin=P5-1
Added Pin To Net: NetName=NetP5_2 Pin=P5-2
Added Pin To Net: NetName=NetP5_3 Pin=P5-3
Added Pin To Net: NetName=NetP6_1 Pin=P6-1
Added Pin To Net: NetName=NetC36_2 Pin=P6-2
Added Pin To Net: NetName=NetC36_2 Pin=P6-3
Added Pin To Net: NetName=NetP7_1 Pin=P7-1
Added Pin To Net: NetName=NetP7_2 Pin=P7-2
Added Pin To Net: NetName=NetC43_1 Pin=P8-1
Added Pin To Net: NetName=NetP8_2 Pin=P8-2
Added Pin To Net: NetName=NetP8_2 Pin=P8-3
Added Pin To Net: NetName=GND Pin=P9-1
Added Pin To Net: NetName=NetP9_2 Pin=P9-2
Added Pin To Net: NetName=NetC44_1 Pin=P9-3
Added Pin To Net: NetName=NetDisplay1_15 Pin=P10-1
Added Pin To Net: NetName=+5V Pin=P10-2
Added Pin To Net: NetName=NetDisplay1_3 Pin=P10-3
Added Pin To Net: NetName=GND Pin=Q1-1
Added Pin To Net: NetName=NetQ1_2 Pin=Q1-2
Added Pin To Net: NetName=NetQ1_3 Pin=Q1-3
Added Pin To Net: NetName=GND Pin=Q2-1
Added Pin To Net: NetName=NetQ1_2 Pin=Q2-2
Added Pin To Net: NetName=NetQ2_3 Pin=Q2-3
Added Pin To Net: NetName=NetQ3_1 Pin=Q3-1
Added Pin To Net: NetName=GND Pin=Q3-2
Added Pin To Net: NetName=NetQ1_2 Pin=Q3-3
Added Pin To Net: NetName=NetQ3_1 Pin=Q4-1
Added Pin To Net: NetName=NetD3_1 Pin=Q4-2
Added Pin To Net: NetName=NetC36_1 Pin=Q4-3
Added Pin To Net: NetName=NetP1_2 Pin=R1-1
Added Pin To Net: NetName=+9V Pin=R1-2
Added Pin To Net: NetName=-9V Pin=R2-1
Added Pin To Net: NetName=NetP2_1 Pin=R2-2
Added Pin To Net: NetName=NetJ2_1 Pin=R3-1
Added Pin To Net: NetName=3,3V Pin=R3-2
Added Pin To Net: NetName=3,3V Pin=R4-1
Added Pin To Net: NetName=3,3V Pin=R4-2
Added Pin To Net: NetName=NetJ4_4 Pin=R5-1
Added Pin To Net: NetName=+5V Pin=R5-2
Added Pin To Net: NetName=NetJ3_4 Pin=R6-1
Added Pin To Net: NetName=NetD2_2 Pin=R6-2
Added Pin To Net: NetName=NetR7_1 Pin=R7-1
Added Pin To Net: NetName=+5V Pin=R7-2
Added Pin To Net: NetName=NetJ4_5 Pin=R8-1
Added Pin To Net: NetName=NetR7_1 Pin=R8-2
Added Pin To Net: NetName=GND Pin=R9-1
Added Pin To Net: NetName=NetR9_2 Pin=R9-2
Added Pin To Net: NetName=NetR10_1 Pin=R10-1
Added Pin To Net: NetName=NetR10_2 Pin=R10-2
Added Pin To Net: NetName=NetR11_1 Pin=R11-1
Added Pin To Net: NetName=NetR11_2 Pin=R11-2
Added Pin To Net: NetName=NetR12_1 Pin=R12-1
Added Pin To Net: NetName=NetR12_2 Pin=R12-2
Added Pin To Net: NetName=NetR13_1 Pin=R13-1
Added Pin To Net: NetName=NetR13_2 Pin=R13-2
Added Pin To Net: NetName=NetR14_1 Pin=R14-1
Added Pin To Net: NetName=NetR14_2 Pin=R14-2
Added Pin To Net: NetName=NetR14_2 Pin=R15-1
Added Pin To Net: NetName=NetR15_2 Pin=R15-2
Added Pin To Net: NetName=NetC25_2 Pin=R16-1
Added Pin To Net: NetName=NetR16_2 Pin=R16-2
Added Pin To Net: NetName=NetC19_2 Pin=R17-1
Added Pin To Net: NetName=NetR14_1 Pin=R17-2
Added Pin To Net: NetName=NetR14_2 Pin=R18-1
Added Pin To Net: NetName=NetR18_2 Pin=R18-2
Added Pin To Net: NetName=NetR18_2 Pin=R19-1
Added Pin To Net: NetName=NetC23_1 Pin=R19-2
Added Pin To Net: NetName=NetR14_1 Pin=R20-1
Added Pin To Net: NetName=NetC24_1 Pin=R20-2
Added Pin To Net: NetName=NetC25_1 Pin=R21-1
Added Pin To Net: NetName=NetC25_2 Pin=R21-2
Added Pin To Net: NetName=NetC23_2 Pin=R22-1
Added Pin To Net: NetName=GND Pin=R22-2
Added Pin To Net: NetName=NetR23_1 Pin=R23-1
Added Pin To Net: NetName=NetR23_2 Pin=R23-2
Added Pin To Net: NetName=NetC25_1 Pin=R24-1
Added Pin To Net: NetName=GND Pin=R24-2
Added Pin To Net: NetName=NetC24_2 Pin=R25-1
Added Pin To Net: NetName=GND Pin=R25-2
Added Pin To Net: NetName=NetR26_1 Pin=R26-1
Added Pin To Net: NetName=NetR23_1 Pin=R26-2
Added Pin To Net: NetName=NetR26_1 Pin=R27-1
Added Pin To Net: NetName=GND Pin=R27-2
Added Pin To Net: NetName=NetR28_1 Pin=R28-1
Added Pin To Net: NetName=NetR28_2 Pin=R28-2
Added Pin To Net: NetName=NetR28_1 Pin=R29-1
Added Pin To Net: NetName=NetC25_2 Pin=R29-2
Added Pin To Net: NetName=NetR30_1 Pin=R30-1
Added Pin To Net: NetName=-9V Pin=R30-2
Added Pin To Net: NetName=NetR30_1 Pin=R31-1
Added Pin To Net: NetName=GND Pin=R31-2
Added Pin To Net: NetName=NetR18_2 Pin=R32-1
Added Pin To Net: NetName=GND Pin=R32-2
Added Pin To Net: NetName=NetR18_2 Pin=R33-1
Added Pin To Net: NetName=-9V Pin=R33-2
Added Pin To Net: NetName=NetR18_2 Pin=R34-1
Added Pin To Net: NetName=NetR34_2 Pin=R34-2
Added Pin To Net: NetName=NetR28_2 Pin=R35-1
Added Pin To Net: NetName=NetR35_2 Pin=R35-2
Added Pin To Net: NetName=NetR30_1 Pin=R36-1
Added Pin To Net: NetName=NetC23_1 Pin=R36-2
Added Pin To Net: NetName=NetC24_1 Pin=R37-1
Added Pin To Net: NetName=NetR30_1 Pin=R37-2
Added Pin To Net: NetName=+9V Pin=R38-1
Added Pin To Net: NetName=NetR38_2 Pin=R38-2
Added Pin To Net: NetName=+9V Pin=R39-1
Added Pin To Net: NetName=NetR39_2 Pin=R39-2
Added Pin To Net: NetName=-9V Pin=R40-1
Added Pin To Net: NetName=NetR34_2 Pin=R40-2
Added Pin To Net: NetName=NetR35_2 Pin=R41-1
Added Pin To Net: NetName=GND Pin=R41-2
Added Pin To Net: NetName=NetR42_1 Pin=R42-1
Added Pin To Net: NetName=GND Pin=R42-2
Added Pin To Net: NetName=-9V Pin=R43-1
Added Pin To Net: NetName=NetP3_2 Pin=R43-2
Added Pin To Net: NetName=NetP3_1 Pin=R44-1
Added Pin To Net: NetName=+9V Pin=R44-2
Added Pin To Net: NetName=NetP3_3 Pin=R45-1
Added Pin To Net: NetName=NetR45_2 Pin=R45-2
Added Pin To Net: NetName=NetR45_2 Pin=R46-1
Added Pin To Net: NetName=NetR46_2 Pin=R46-2
Added Pin To Net: NetName=NetR47_1 Pin=R47-1
Added Pin To Net: NetName=NetR47_2 Pin=R47-2
Added Pin To Net: NetName=NetR48_1 Pin=R48-1
Added Pin To Net: NetName=NetR47_2 Pin=R48-2
Added Pin To Net: NetName=NetR49_1 Pin=R49-1
Added Pin To Net: NetName=NetR45_2 Pin=R49-2
Added Pin To Net: NetName=NetR46_2 Pin=R50-1
Added Pin To Net: NetName=NetR48_1 Pin=R50-2
Added Pin To Net: NetName=NetQ1_3 Pin=R51-1
Added Pin To Net: NetName=NetR51_2 Pin=R51-2
Added Pin To Net: NetName=NetQ2_3 Pin=R52-1
Added Pin To Net: NetName=NetR52_2 Pin=R52-2
Added Pin To Net: NetName=NetR53_1 Pin=R53-1
Added Pin To Net: NetName=NetP4_1 Pin=R53-2
Added Pin To Net: NetName=NetR54_1 Pin=R54-1
Added Pin To Net: NetName=NetR53_1 Pin=R54-2
Added Pin To Net: NetName=-9V Pin=R55-1
Added Pin To Net: NetName=NetR55_2 Pin=R55-2
Added Pin To Net: NetName=NetR55_2 Pin=R56-1
Added Pin To Net: NetName=GND Pin=R56-2
Added Pin To Net: NetName=+9V Pin=R57-1
Added Pin To Net: NetName=NetC36_1 Pin=R57-2
Added Pin To Net: NetName=NetR58_1 Pin=R58-1
Added Pin To Net: NetName=NetR53_1 Pin=R58-2
Added Pin To Net: NetName=-9V Pin=R59-1
Added Pin To Net: NetName=NetP5_2 Pin=R59-2
Added Pin To Net: NetName=NetP5_1 Pin=R60-1
Added Pin To Net: NetName=+9V Pin=R60-2
Added Pin To Net: NetName=NetP6_1 Pin=R61-1
Added Pin To Net: NetName=NetD3_2 Pin=R61-2
Added Pin To Net: NetName=NetP5_3 Pin=R62-1
Added Pin To Net: NetName=NetR53_1 Pin=R62-2
Added Pin To Net: NetName=NetP4_2 Pin=R63-1
Added Pin To Net: NetName=GND Pin=R63-2
Added Pin To Net: NetName=NetC36_2 Pin=R64-1
Added Pin To Net: NetName=NetQ3_1 Pin=R64-2
Added Pin To Net: NetName=-9V Pin=R65-1
Added Pin To Net: NetName=NetR65_2 Pin=R65-2
Added Pin To Net: NetName=NetR66_1 Pin=R66-1
Added Pin To Net: NetName=NetC37_2 Pin=R66-2
Added Pin To Net: NetName=NetC37_2 Pin=R67-1
Added Pin To Net: NetName=NetC38_2 Pin=R67-2
Added Pin To Net: NetName=NetC38_2 Pin=R68-1
Added Pin To Net: NetName=NetR65_2 Pin=R68-2
Added Pin To Net: NetName=NetR69_1 Pin=R69-1
Added Pin To Net: NetName=GND Pin=R69-2
Added Pin To Net: NetName=NetR58_1 Pin=R70-1
Added Pin To Net: NetName=NetR69_1 Pin=R70-2
Added Pin To Net: NetName=-9V Pin=R71-1
Added Pin To Net: NetName=NetR71_2 Pin=R71-2
Added Pin To Net: NetName=NetR72_1 Pin=R72-1
Added Pin To Net: NetName=NetC39_2 Pin=R72-2
Added Pin To Net: NetName=NetC39_2 Pin=R73-1
Added Pin To Net: NetName=NetC40_2 Pin=R73-2
Added Pin To Net: NetName=NetC40_2 Pin=R74-1
Added Pin To Net: NetName=NetR71_2 Pin=R74-2
Added Pin To Net: NetName=NetR75_1 Pin=R75-1
Added Pin To Net: NetName=GND Pin=R75-2
Added Pin To Net: NetName=NetR49_1 Pin=R76-1
Added Pin To Net: NetName=NetR75_1 Pin=R76-2
Added Pin To Net: NetName=NetR77_1 Pin=R77-1
Added Pin To Net: NetName=NetC41_2 Pin=R77-2
Added Pin To Net: NetName=NetC41_2 Pin=R78-1
Added Pin To Net: NetName=NetC42_2 Pin=R78-2
Added Pin To Net: NetName=NetR54_1 Pin=R79-1
Added Pin To Net: NetName=NetP7_2 Pin=R79-2
Added Pin To Net: NetName=NetP7_1 Pin=R80-1
Added Pin To Net: NetName=GND Pin=R80-2
Added Pin To Net: NetName=NetC45_1 Pin=R81-1
Added Pin To Net: NetName=NetP8_2 Pin=R81-2
Added Pin To Net: NetName=NetR82_1 Pin=R82-1
Added Pin To Net: NetName=NetJ5_4 Pin=R82-2
Added Pin To Net: NetName=NetC45_1 Pin=R83-1
Added Pin To Net: NetName=NetC43_2 Pin=R83-2
Added Pin To Net: NetName=NetC45_2 Pin=R84-1
Added Pin To Net: NetName=NetR82_1 Pin=R84-2
Added Pin To Net: NetName=NetJ5_2 Pin=R85-1
Added Pin To Net: NetName=NetR85_2 Pin=R85-2
Added Pin To Net: NetName=NetR85_2 Pin=R86-1
Added Pin To Net: NetName=GND Pin=R86-2
Added Pin To Net: NetName=NetR87_1 Pin=R87-1
Added Pin To Net: NetName=NetD4_1 Pin=R87-2
Added Pin To Net: NetName=NetR88_1 Pin=R88-1
Added Pin To Net: NetName=NetD5_1 Pin=R88-2
Added Pin To Net: NetName=NetR89_1 Pin=R89-1
Added Pin To Net: NetName=NetD6_1 Pin=R89-2
Added Pin To Net: NetName=NetR90_1 Pin=R90-1
Added Pin To Net: NetName=+3.3V Pin=R90-2
Added Pin To Net: NetName=NetR91_1 Pin=R91-1
Added Pin To Net: NetName=+3.3V Pin=R91-2
Added Pin To Net: NetName=NetR92_1 Pin=R92-1
Added Pin To Net: NetName=+3.3V Pin=R92-2
Added Pin To Net: NetName=NetR93_1 Pin=R93-1
Added Pin To Net: NetName=+3.3V Pin=R93-2
Added Pin To Net: NetName=NetR94_1 Pin=R94-1
Added Pin To Net: NetName=+3.3V Pin=R94-2
Added Pin To Net: NetName=NetR95_1 Pin=R95-1
Added Pin To Net: NetName=NetD7_1 Pin=R95-2
Added Pin To Net: NetName=NetR96_1 Pin=R96-1
Added Pin To Net: NetName=NetD8_1 Pin=R96-2
Added Pin To Net: NetName=NetR97_1 Pin=R97-1
Added Pin To Net: NetName=NetD9_1 Pin=R97-2
Added Pin To Net: NetName=NetR98_1 Pin=R98-1
Added Pin To Net: NetName=NetD10_1 Pin=R98-2
Added Pin To Net: NetName=NetR99_1 Pin=R99-1
Added Pin To Net: NetName=NetD11_1 Pin=R99-2
Added Pin To Net: NetName=NetR100_1 Pin=R100-1
Added Pin To Net: NetName=NetD12_1 Pin=R100-2
Added Pin To Net: NetName=VCC Pin=R101-1
Added Pin To Net: NetName=NetC46_2 Pin=R101-2
Added Pin To Net: NetName=NetC47_2 Pin=R102-1
Added Pin To Net: NetName=VCC Pin=R102-2
Added Pin To Net: NetName=VCC Pin=R103-1
Added Pin To Net: NetName=NetC48_2 Pin=R103-2
Added Pin To Net: NetName=NetC49_2 Pin=R104-1
Added Pin To Net: NetName=VCC Pin=R104-2
Added Pin To Net: NetName=VCC Pin=R105-1
Added Pin To Net: NetName=NetC50_2 Pin=R105-2
Added Pin To Net: NetName=NetC51_2 Pin=R106-1
Added Pin To Net: NetName=VCC Pin=R106-2
Added Pin To Net: NetName=VCC Pin=R107-1
Added Pin To Net: NetName=NetC52_2 Pin=R107-2
Added Pin To Net: NetName=NetC53_2 Pin=R108-1
Added Pin To Net: NetName=VCC Pin=R108-2
Added Pin To Net: NetName=NetR109_1 Pin=R109-1
Added Pin To Net: NetName=NetC46_2 Pin=R109-2
Added Pin To Net: NetName=NetR110_1 Pin=R110-1
Added Pin To Net: NetName=NetC47_2 Pin=R110-2
Added Pin To Net: NetName=NetR111_1 Pin=R111-1
Added Pin To Net: NetName=NetC48_2 Pin=R111-2
Added Pin To Net: NetName=NetR112_1 Pin=R112-1
Added Pin To Net: NetName=NetC49_2 Pin=R112-2
Added Pin To Net: NetName=NetR113_1 Pin=R113-1
Added Pin To Net: NetName=NetC50_2 Pin=R113-2
Added Pin To Net: NetName=NetR114_1 Pin=R114-1
Added Pin To Net: NetName=NetC51_2 Pin=R114-2
Added Pin To Net: NetName=NetR115_1 Pin=R115-1
Added Pin To Net: NetName=NetC52_2 Pin=R115-2
Added Pin To Net: NetName=NetR116_1 Pin=R116-1
Added Pin To Net: NetName=NetC53_2 Pin=R116-2
Added Pin To Net: NetName=NetR94_1 Pin=S1-1
Added Pin To Net: NetName=GND Pin=S1-2
Added Pin To Net: NetName=NetR93_1 Pin=S2-1
Added Pin To Net: NetName=GND Pin=S2-2
Added Pin To Net: NetName=NetR92_1 Pin=S3-1
Added Pin To Net: NetName=GND Pin=S3-2
Added Pin To Net: NetName=NetR91_1 Pin=S4-1
Added Pin To Net: NetName=GND Pin=S4-2
Added Pin To Net: NetName=NetR90_1 Pin=S5-1
Added Pin To Net: NetName=GND Pin=S5-2
Added Pin To Net: NetName=NetR92_1 Pin=U1-1
Added Pin To Net: NetName=NetR96_1 Pin=U1-2
Added Pin To Net: NetName=NetR97_1 Pin=U1-3
Added Pin To Net: NetName=NetR12_1 Pin=U1-4
Added Pin To Net: NetName=NetR98_1 Pin=U1-5
Added Pin To Net: NetName=NetR11_1 Pin=U1-6
Added Pin To Net: NetName=NetJ2_1 Pin=U1-7
Added Pin To Net: NetName=NetR99_1 Pin=U1-8
Added Pin To Net: NetName=GND Pin=U1-9
Added Pin To Net: NetName=3,3V Pin=U1-10
Added Pin To Net: NetName=NetR91_1 Pin=U1-11
Added Pin To Net: NetName=NetR113_1 Pin=U1-12
Added Pin To Net: NetName=NetR114_1 Pin=U1-13
Added Pin To Net: NetName=NetR115_1 Pin=U1-14
Added Pin To Net: NetName=NetJ2_5 Pin=U1-15
Added Pin To Net: NetName=NetJ2_4 Pin=U1-16
Added Pin To Net: NetName=NetR116_1 Pin=U1-17
Added Pin To Net: NetName=NetR90_1 Pin=U1-18
Added Pin To Net: NetName=3,3V Pin=U1-19
Added Pin To Net: NetName=GND Pin=U1-20
Added Pin To Net: NetName=NetR7_1 Pin=U1-21
Added Pin To Net: NetName=NetR100_1 Pin=U1-22
Added Pin To Net: NetName=NetDisplay1_7 Pin=U1-23
Added Pin To Net: NetName=NetDisplay1_8 Pin=U1-24
Added Pin To Net: NetName=GND Pin=U1-25
Added Pin To Net: NetName=3,3V Pin=U1-26
Added Pin To Net: NetName=NetDisplay1_9 Pin=U1-27
Added Pin To Net: NetName=NetDisplay1_10 Pin=U1-28
Added Pin To Net: NetName=NetDisplay1_4 Pin=U1-29
Added Pin To Net: NetName=NetDisplay1_6 Pin=U1-30
Added Pin To Net: NetName=3,3V Pin=U1-38
Added Pin To Net: NetName=NetC12_2 Pin=U1-39
Added Pin To Net: NetName=NetC11_2 Pin=U1-40
Added Pin To Net: NetName=GND Pin=U1-41
Added Pin To Net: NetName=NetR66_1 Pin=U1-46
Added Pin To Net: NetName=NetU1_47 Pin=U1-47
Added Pin To Net: NetName=NetU1_48 Pin=U1-48
Added Pin To Net: NetName=NetR72_1 Pin=U1-49
Added Pin To Net: NetName=NetR77_1 Pin=U1-50
Added Pin To Net: NetName=NetR10_1 Pin=U1-51
Added Pin To Net: NetName=NetR13_1 Pin=U1-52
Added Pin To Net: NetName=NetR87_1 Pin=U1-53
Added Pin To Net: NetName=NetR88_1 Pin=U1-54
Added Pin To Net: NetName=NetR89_1 Pin=U1-55
Added Pin To Net: NetName=NetC13_2 Pin=U1-56
Added Pin To Net: NetName=3,3V Pin=U1-57
Added Pin To Net: NetName=NetR95_1 Pin=U1-58
Added Pin To Net: NetName=NetR94_1 Pin=U1-59
Added Pin To Net: NetName=NetR93_1 Pin=U1-60
Added Pin To Net: NetName=NetR109_1 Pin=U1-61
Added Pin To Net: NetName=NetR110_1 Pin=U1-62
Added Pin To Net: NetName=NetR111_1 Pin=U1-63
Added Pin To Net: NetName=NetR112_1 Pin=U1-64
Added Pin To Net: NetName=NetD2_2 Pin=U2-2
Added Pin To Net: NetName=NetD2_1 Pin=U2-3
Added Pin To Net: NetName=GND Pin=U2-5
Added Pin To Net: NetName=NetR7_1 Pin=U2-6
Added Pin To Net: NetName=NetR9_2 Pin=U2-7
Added Pin To Net: NetName=+5V Pin=U2-8
Added Pin To Net: NetName=NetR10_2 Pin=U3-5
Added Pin To Net: NetName=NetR11_2 Pin=U3-6
Added Pin To Net: NetName=NetR12_2 Pin=U3-7
Added Pin To Net: NetName=NetR13_2 Pin=U3-8
Added Pin To Net: NetName=+5V Pin=U3-11
Added Pin To Net: NetName=NetC20_1 Pin=U3-13
Added Pin To Net: NetName=NetC19_1 Pin=U3-15
Added Pin To Net: NetName=NetC25_2 Pin=U4-1
Added Pin To Net: NetName=NetC23_2 Pin=U4-2
Added Pin To Net: NetName=NetC25_1 Pin=U4-3
Added Pin To Net: NetName=-9V Pin=U4-4
Added Pin To Net: NetName=NetR14_2 Pin=U5-1
Added Pin To Net: NetName=NetR14_1 Pin=U5-2
Added Pin To Net: NetName=GND Pin=U5-3
Added Pin To Net: NetName=+9V Pin=U5-4
Added Pin To Net: NetName=NetR23_1 Pin=U6-1
Added Pin To Net: NetName=NetR26_1 Pin=U6-2
Added Pin To Net: NetName=NetC24_2 Pin=U6-3
Added Pin To Net: NetName=NetR28_2 Pin=U7-1
Added Pin To Net: NetName=NetR28_1 Pin=U7-2
Added Pin To Net: NetName=GND Pin=U7-3
Added Pin To Net: NetName=NetR52_2 Pin=U8-1
Added Pin To Net: NetName=NetR38_2 Pin=U8-2
Added Pin To Net: NetName=GND Pin=U8-3
Added Pin To Net: NetName=NetR18_2 Pin=U8-4
Added Pin To Net: NetName=NetC35_2 Pin=U8-5
Added Pin To Net: NetName=+9V Pin=U8-6
Added Pin To Net: NetName=NetR51_2 Pin=U9-1
Added Pin To Net: NetName=NetR39_2 Pin=U9-2
Added Pin To Net: NetName=GND Pin=U9-3
Added Pin To Net: NetName=NetR30_1 Pin=U9-4
Added Pin To Net: NetName=NetC34_2 Pin=U9-5
Added Pin To Net: NetName=-9V Pin=U9-6
Added Pin To Net: NetName=NetC24_1 Pin=U10-1
Added Pin To Net: NetName=NetC24_1 Pin=U10-2
Added Pin To Net: NetName=NetC34_2 Pin=U10-3
Added Pin To Net: NetName=+9V Pin=U10-4
Added Pin To Net: NetName=NetC23_1 Pin=U11-1
Added Pin To Net: NetName=NetC23_1 Pin=U11-2
Added Pin To Net: NetName=NetC35_2 Pin=U11-3
Added Pin To Net: NetName=-9V Pin=U11-4
Added Pin To Net: NetName=NetR47_1 Pin=U13-1
Added Pin To Net: NetName=GND Pin=U13-3
Added Pin To Net: NetName=NetR35_2 Pin=U13-4
Added Pin To Net: NetName=NetR42_1 Pin=U13-5
Added Pin To Net: NetName=-9V Pin=U13-6
Added Pin To Net: NetName=NetR46_2 Pin=U14-1
Added Pin To Net: NetName=NetR45_2 Pin=U14-2
Added Pin To Net: NetName=GND Pin=U14-3
Added Pin To Net: NetName=-9V Pin=U14-4
Added Pin To Net: NetName=NetR47_2 Pin=U15-1
Added Pin To Net: NetName=NetR48_1 Pin=U15-2
Added Pin To Net: NetName=NetR55_2 Pin=U15-3
Added Pin To Net: NetName=NetP4_1 Pin=U16-1
Added Pin To Net: NetName=NetR53_1 Pin=U16-2
Added Pin To Net: NetName=GND Pin=U16-3
Added Pin To Net: NetName=+9V Pin=U16-4
Added Pin To Net: NetName=NetC36_2 Pin=U19-1
Added Pin To Net: NetName=NetC36_1 Pin=U19-2
Added Pin To Net: NetName=GND Pin=U19-3
Added Pin To Net: NetName=NetR58_1 Pin=U20-1
Added Pin To Net: NetName=NetR65_2 Pin=U20-2
Added Pin To Net: NetName=NetR69_1 Pin=U20-3
Added Pin To Net: NetName=+9V Pin=U20-4
Added Pin To Net: NetName=NetR49_1 Pin=U21-1
Added Pin To Net: NetName=NetR71_2 Pin=U21-2
Added Pin To Net: NetName=NetR75_1 Pin=U21-3
Added Pin To Net: NetName=-9V Pin=U21-4
Added Pin To Net: NetName=NetR54_1 Pin=U22-1
Added Pin To Net: NetName=NetP7_2 Pin=U22-2
Added Pin To Net: NetName=NetC42_2 Pin=U22-3
Added Pin To Net: NetName=NetU1_48 Pin=U23-1
Added Pin To Net: NetName=NetC19_2 Pin=U23-2
Added Pin To Net: NetName=GND Pin=U23-3
Added Pin To Net: NetName=NetR23_2 Pin=U23-4
Added Pin To Net: NetName=+5V Pin=U23-5
Added Pin To Net: NetName=+5V Pin=U23-6
Added Pin To Net: NetName=NetR16_2 Pin=U23-7
Added Pin To Net: NetName=NetP9_2 Pin=U23-8
Added Pin To Net: NetName=NetR15_2 Pin=U23-9
Added Pin To Net: NetName=NetU1_47 Pin=U23-10
Added Pin To Net: NetName=NetC43_2 Pin=U24-1
Added Pin To Net: NetName=NetC43_1 Pin=U24-2
Added Pin To Net: NetName=GND Pin=U24-3
Added Pin To Net: NetName=+9V Pin=U24-4
Added Pin To Net: NetName=NetJ5_4 Pin=U25-1
Added Pin To Net: NetName=NetR82_1 Pin=U25-2
Added Pin To Net: NetName=GND Pin=U25-3
Added Pin To Net: NetName=-9V Pin=U25-4
Added Pin To Net: NetName=NetJ5_2 Pin=U26-1
Added Pin To Net: NetName=NetR85_2 Pin=U26-2
Added Pin To Net: NetName=NetC45_2 Pin=U26-3
Added Pin To Net: NetName=NetC1_1 Pin=VR1-1
Added Pin To Net: NetName=GND Pin=VR1-2
Added Pin To Net: NetName=+3.3V Pin=VR1-3
Added Pin To Net: NetName=+3.3V Pin=VR1-3
Added Pin To Net: NetName=NetC1_1 Pin=VR2-1
Added Pin To Net: NetName=GND Pin=VR2-2
Added Pin To Net: NetName=+5V Pin=VR2-3
Added Pin To Net: NetName=+5V Pin=VR2-3
Added Pin To Net: NetName=NetC1_1 Pin=VR3-1
Added Pin To Net: NetName=NetP1_2 Pin=VR3-2
Added Pin To Net: NetName=+9V Pin=VR3-3
Added Pin To Net: NetName=+9V Pin=VR3-3
Added Pin To Net: NetName=NetC8_2 Pin=VR4-1
Added Pin To Net: NetName=NetC8_2 Pin=VR4-1
Added Pin To Net: NetName=NetC8_2 Pin=VR4-1
Added Pin To Net: NetName=NetC8_2 Pin=VR4-1
Added Pin To Net: NetName=NetP2_1 Pin=VR4-2
Added Pin To Net: NetName=-9V Pin=VR4-3
Added Pin To Net: NetName=NetC12_2 Pin=Y1-1
Added Pin To Net: NetName=NetC11_2 Pin=Y1-2
Added Member To Class: ClassName=Alimentation Member=Component C1 10uF
Added Member To Class: ClassName=Alimentation Member=Component C2 100uF
Added Member To Class: ClassName=Alimentation Member=Component C3 10uF
Added Member To Class: ClassName=Alimentation Member=Component C4 100uF
Added Member To Class: ClassName=Alimentation Member=Component C5 2200uF
Added Member To Class: ClassName=Alimentation Member=Component C6 10uF
Added Member To Class: ClassName=Alimentation Member=Component C7 100uF
Added Member To Class: ClassName=Alimentation Member=Component C8 2200uF
Added Member To Class: ClassName=Alimentation Member=Component C9 10uF
Added Member To Class: ClassName=Alimentation Member=Component C10 100uF
Added Member To Class: ClassName=PIC Member=Component C11 20pF
Added Member To Class: ClassName=PIC Member=Component C12 20pF
Added Member To Class: ClassName=PIC Member=Component C13 10uF
Added Member To Class: ClassName=PIC Member=Component C14 0.1uF
Added Member To Class: ClassName=PIC Member=Component C15 0.1uF
Added Member To Class: ClassName=PIC Member=Component C16 0.1uF
Added Member To Class: ClassName=PIC Member=Component C17 0.1uF
Added Member To Class: ClassName=PIC Member=Component C18 0.1uF
Added Member To Class: ClassName=DAC Member=Component C19 10uF
Added Member To Class: ClassName=DAC Member=Component C20 10uF
Added Member To Class: ClassName=DAC Member=Component C21 10uF
Added Member To Class: ClassName=DAC Member=Component C22 0.1uF
Added Member To Class: ClassName=Filtres Member=Component C23 0.1uF
Added Member To Class: ClassName=Filtres Member=Component C24 0.1uF
Added Member To Class: ClassName=Filtres Member=Component C25 22pF
Added Member To Class: ClassName=Filtres Member=Component C26 10uF
Added Member To Class: ClassName=Filtres Member=Component C27 0.1uF
Added Member To Class: ClassName=Filtres Member=Component C28 0.1uF
Added Member To Class: ClassName=Filtres Member=Component C29 0.1uF
Added Member To Class: ClassName=Filtres Member=Component C30 10uF
Added Member To Class: ClassName=Filtres Member=Component C31 0.1uF
Added Member To Class: ClassName=Filtres Member=Component C32 0.1uF
Added Member To Class: ClassName=Filtres Member=Component C33 0.1uF
Added Member To Class: ClassName=Filtres Member=Component C34 220pF
Added Member To Class: ClassName=Filtres Member=Component C35 220pF
Added Member To Class: ClassName=Filtres Member=Component C36 100pF
Added Member To Class: ClassName=Controle du Filtre Member=Component C37 10uF
Added Member To Class: ClassName=Controle du Filtre Member=Component C38 10uF
Added Member To Class: ClassName=Controle du Filtre Member=Component C39 10uF
Added Member To Class: ClassName=Controle du Filtre Member=Component C40 10uF
Added Member To Class: ClassName=Controle du Filtre Member=Component C41 10uF
Added Member To Class: ClassName=Controle du Filtre Member=Component C42 10uF
Added Member To Class: ClassName=Multiplexeur Member=Component C43 47pF
Added Member To Class: ClassName=Multiplexeur Member=Component C44 4.7uF
Added Member To Class: ClassName=Multiplexeur Member=Component C45 4.7uF
Added Member To Class: ClassName=Encodeurs Member=Component C46 Cap
Added Member To Class: ClassName=Encodeurs Member=Component C47 Cap
Added Member To Class: ClassName=Encodeurs Member=Component C48 Cap
Added Member To Class: ClassName=Encodeurs Member=Component C49 Cap
Added Member To Class: ClassName=Encodeurs Member=Component C50 Cap
Added Member To Class: ClassName=Encodeurs Member=Component C51 Cap
Added Member To Class: ClassName=Encodeurs Member=Component C52 Cap
Added Member To Class: ClassName=Encodeurs Member=Component C53 Cap
Added Member To Class: ClassName=Alimentation Member=Component D1 MB8S
Added Member To Class: ClassName=MIDI IN Member=Component D2 1N914
Added Member To Class: ClassName=Filtres Member=Component D3 1N914
Added Member To Class: ClassName=Display Member=Component D4 LED0
Added Member To Class: ClassName=Display Member=Component D5 LED1
Added Member To Class: ClassName=Display Member=Component D6 LED2
Added Member To Class: ClassName=Display Member=Component D7 LED3
Added Member To Class: ClassName=Display Member=Component D8 LED4
Added Member To Class: ClassName=Display Member=Component D9 LED5
Added Member To Class: ClassName=Display Member=Component D10 LED6
Added Member To Class: ClassName=Display Member=Component D11 LED7
Added Member To Class: ClassName=Display Member=Component D12 LED8
Added Member To Class: ClassName=Display Member=Component Display1 16x2 LCD
Added Member To Class: ClassName=Encodeurs Member=Component EA1 EC12E
Added Member To Class: ClassName=Encodeurs Member=Component EB1 EC12E
Added Member To Class: ClassName=Encodeurs Member=Component EC1 EC12E
Added Member To Class: ClassName=Encodeurs Member=Component ED1 EC12E
Added Member To Class: ClassName=Alimentation Member=Component J1 12V AC IN
Added Member To Class: ClassName=PIC Member=Component J2 Program/Debug
Added Member To Class: ClassName=MIDI IN Member=Component J3 Midi IN
Added Member To Class: ClassName=MIDI IN Member=Component J4 Midi THRU
Added Member To Class: ClassName=Multiplexeur Member=Component J5 Audio Out
Added Member To Class: ClassName=Alimentation Member=Component P1 9V ADJ
Added Member To Class: ClassName=Alimentation Member=Component P2 -9V ADJ
Added Member To Class: ClassName=Filtres Member=Component P3 Initial Reso
Added Member To Class: ClassName=Filtres Member=Component P4 V/Oct Trim
Added Member To Class: ClassName=Filtres Member=Component P5 Initial Freq
Added Member To Class: ClassName=Filtres Member=Component P6 Hi compensate
Added Member To Class: ClassName=Controle du Filtre Member=Component P7 Mod amount
Added Member To Class: ClassName=Multiplexeur Member=Component P8 Output trim
Added Member To Class: ClassName=Multiplexeur Member=Component P9 Volume
Added Member To Class: ClassName=Display Member=Component P10 1K lin
Added Member To Class: ClassName=Filtres Member=Component Q1 2N3906
Added Member To Class: ClassName=Filtres Member=Component Q2 2N3906
Added Member To Class: ClassName=Filtres Member=Component Q3 2N3904
Added Member To Class: ClassName=Filtres Member=Component Q4 2N3904
Added Member To Class: ClassName=Alimentation Member=Component R1 120
Added Member To Class: ClassName=Alimentation Member=Component R2 240
Added Member To Class: ClassName=PIC Member=Component R3 10k
Added Member To Class: ClassName=PIC Member=Component R4 10
Added Member To Class: ClassName=MIDI IN Member=Component R5 Res1
Added Member To Class: ClassName=MIDI IN Member=Component R6 Res1
Added Member To Class: ClassName=MIDI IN Member=Component R7 330
Added Member To Class: ClassName=MIDI IN Member=Component R8 Res1
Added Member To Class: ClassName=MIDI IN Member=Component R9 1k
Added Member To Class: ClassName=DAC Member=Component R10 100
Added Member To Class: ClassName=DAC Member=Component R11 100
Added Member To Class: ClassName=DAC Member=Component R12 100
Added Member To Class: ClassName=DAC Member=Component R13 100
Added Member To Class: ClassName=Filtres Member=Component R14 300k
Added Member To Class: ClassName=Filtres Member=Component R15 2k
Added Member To Class: ClassName=Filtres Member=Component R16 2k
Added Member To Class: ClassName=Filtres Member=Component R17 200k
Added Member To Class: ClassName=Filtres Member=Component R18 100k
Added Member To Class: ClassName=Filtres Member=Component R19 100k
Added Member To Class: ClassName=Filtres Member=Component R20 49.9k
Added Member To Class: ClassName=Filtres Member=Component R21 150k
Added Member To Class: ClassName=Filtres Member=Component R22 4.7M
Added Member To Class: ClassName=Filtres Member=Component R23 2k
Added Member To Class: ClassName=Filtres Member=Component R24 180k
Added Member To Class: ClassName=Filtres Member=Component R25 4.7M
Added Member To Class: ClassName=Filtres Member=Component R26 150k
Added Member To Class: ClassName=Filtres Member=Component R27 39k
Added Member To Class: ClassName=Filtres Member=Component R28 300k
Added Member To Class: ClassName=Filtres Member=Component R29 49.9k
Added Member To Class: ClassName=Filtres Member=Component R30 39k
Added Member To Class: ClassName=Filtres Member=Component R31 100
Added Member To Class: ClassName=Filtres Member=Component R32 100
Added Member To Class: ClassName=Filtres Member=Component R33 43k
Added Member To Class: ClassName=Filtres Member=Component R34 150k
Added Member To Class: ClassName=Filtres Member=Component R35 30k
Added Member To Class: ClassName=Filtres Member=Component R36 100k
Added Member To Class: ClassName=Filtres Member=Component R37 100k
Added Member To Class: ClassName=Filtres Member=Component R38 20k
Added Member To Class: ClassName=Filtres Member=Component R39 20k
Added Member To Class: ClassName=Filtres Member=Component R40 4.7k
Added Member To Class: ClassName=Filtres Member=Component R41 100
Added Member To Class: ClassName=Filtres Member=Component R42 30k
Added Member To Class: ClassName=Filtres Member=Component R43 50k
Added Member To Class: ClassName=Filtres Member=Component R44 50k
Added Member To Class: ClassName=Filtres Member=Component R45 100k
Added Member To Class: ClassName=Filtres Member=Component R46 120k
Added Member To Class: ClassName=Filtres Member=Component R47 30k
Added Member To Class: ClassName=Filtres Member=Component R48 100k
Added Member To Class: ClassName=Filtres Member=Component R49 100k
Added Member To Class: ClassName=Filtres Member=Component R50 100k
Added Member To Class: ClassName=Filtres Member=Component R51 7.5k
Added Member To Class: ClassName=Filtres Member=Component R52 7.5k
Added Member To Class: ClassName=Filtres Member=Component R53 2k
Added Member To Class: ClassName=Filtres Member=Component R54 100k
Added Member To Class: ClassName=Filtres Member=Component R55 100k
Added Member To Class: ClassName=Filtres Member=Component R56 30k
Added Member To Class: ClassName=Filtres Member=Component R57 1M
Added Member To Class: ClassName=Filtres Member=Component R58 100k
Added Member To Class: ClassName=Filtres Member=Component R59 33k
Added Member To Class: ClassName=Filtres Member=Component R60 33k
Added Member To Class: ClassName=Filtres Member=Component R61 10k
Added Member To Class: ClassName=Filtres Member=Component R62 100k
Added Member To Class: ClassName=Filtres Member=Component R63 475
Added Member To Class: ClassName=Filtres Member=Component R64 10k
Added Member To Class: ClassName=Controle du Filtre Member=Component R65 18K
Added Member To Class: ClassName=Controle du Filtre Member=Component R66 2k
Added Member To Class: ClassName=Controle du Filtre Member=Component R67 2k
Added Member To Class: ClassName=Controle du Filtre Member=Component R68 3.3k
Added Member To Class: ClassName=Controle du Filtre Member=Component R69 10k
Added Member To Class: ClassName=Controle du Filtre Member=Component R70 10k
Added Member To Class: ClassName=Controle du Filtre Member=Component R71 18K
Added Member To Class: ClassName=Controle du Filtre Member=Component R72 2k
Added Member To Class: ClassName=Controle du Filtre Member=Component R73 2k
Added Member To Class: ClassName=Controle du Filtre Member=Component R74 3.3k
Added Member To Class: ClassName=Controle du Filtre Member=Component R75 10k
Added Member To Class: ClassName=Controle du Filtre Member=Component R76 10k
Added Member To Class: ClassName=Controle du Filtre Member=Component R77 2k
Added Member To Class: ClassName=Controle du Filtre Member=Component R78 2k
Added Member To Class: ClassName=Controle du Filtre Member=Component R79 10k
Added Member To Class: ClassName=Controle du Filtre Member=Component R80 10k
Added Member To Class: ClassName=Multiplexeur Member=Component R81 50k
Added Member To Class: ClassName=Multiplexeur Member=Component R82 10k
Added Member To Class: ClassName=Multiplexeur Member=Component R83 330
Added Member To Class: ClassName=Multiplexeur Member=Component R84 5k
Added Member To Class: ClassName=Multiplexeur Member=Component R85 10k
Added Member To Class: ClassName=Multiplexeur Member=Component R86 10k
Added Member To Class: ClassName=Display Member=Component R87 220
Added Member To Class: ClassName=Display Member=Component R88 220
Added Member To Class: ClassName=Display Member=Component R89 220
Added Member To Class: ClassName=Display Member=Component R90 10K
Added Member To Class: ClassName=Display Member=Component R91 10K
Added Member To Class: ClassName=Display Member=Component R92 10K
Added Member To Class: ClassName=Display Member=Component R93 10K
Added Member To Class: ClassName=Display Member=Component R94 10K
Added Member To Class: ClassName=Display Member=Component R95 220
Added Member To Class: ClassName=Display Member=Component R96 220
Added Member To Class: ClassName=Display Member=Component R97 220
Added Member To Class: ClassName=Display Member=Component R98 220
Added Member To Class: ClassName=Display Member=Component R99 220
Added Member To Class: ClassName=Display Member=Component R100 220
Added Member To Class: ClassName=Encodeurs Member=Component R101 10K
Added Member To Class: ClassName=Encodeurs Member=Component R102 10K
Added Member To Class: ClassName=Encodeurs Member=Component R103 10K
Added Member To Class: ClassName=Encodeurs Member=Component R104 10K
Added Member To Class: ClassName=Encodeurs Member=Component R105 10K
Added Member To Class: ClassName=Encodeurs Member=Component R106 10K
Added Member To Class: ClassName=Encodeurs Member=Component R107 10K
Added Member To Class: ClassName=Encodeurs Member=Component R108 10K
Added Member To Class: ClassName=Encodeurs Member=Component R109 330
Added Member To Class: ClassName=Encodeurs Member=Component R110 330
Added Member To Class: ClassName=Encodeurs Member=Component R111 330
Added Member To Class: ClassName=Encodeurs Member=Component R112 330
Added Member To Class: ClassName=Encodeurs Member=Component R113 330
Added Member To Class: ClassName=Encodeurs Member=Component R114 330
Added Member To Class: ClassName=Encodeurs Member=Component R115 330
Added Member To Class: ClassName=Encodeurs Member=Component R116 330
Added Member To Class: ClassName=Display Member=Component S1 BUT0
Added Member To Class: ClassName=Display Member=Component S2 BUT1
Added Member To Class: ClassName=Display Member=Component S3 BUT2
Added Member To Class: ClassName=Display Member=Component S4 BUT3
Added Member To Class: ClassName=Display Member=Component S5 BUT4
Added Member To Class: ClassName=PIC Member=Component U1 PIC32MX575F512H
Added Member To Class: ClassName=MIDI IN Member=Component U2 6N139
Added Member To Class: ClassName=DAC Member=Component U3 PCM1781
Added Member To Class: ClassName=Filtres Member=Component U4 TL084
Added Member To Class: ClassName=Filtres Member=Component U5 TL084
Added Member To Class: ClassName=Filtres Member=Component U6 TL084
Added Member To Class: ClassName=Filtres Member=Component U7 TL084
Added Member To Class: ClassName=Filtres Member=Component U8 LM13700
Added Member To Class: ClassName=Filtres Member=Component U9 LM13700
Added Member To Class: ClassName=Filtres Member=Component U10 TL082
Added Member To Class: ClassName=Filtres Member=Component U11 TL082
Added Member To Class: ClassName=Filtres Member=Component U13 LM13700
Added Member To Class: ClassName=Filtres Member=Component U14 TL082
Added Member To Class: ClassName=Filtres Member=Component U15 TL082
Added Member To Class: ClassName=Filtres Member=Component U16 TL082
Added Member To Class: ClassName=Filtres Member=Component U18 LM13700
Added Member To Class: ClassName=Filtres Member=Component U19 TL082
Added Member To Class: ClassName=Controle du Filtre Member=Component U20 TL084
Added Member To Class: ClassName=Controle du Filtre Member=Component U21 TL084
Added Member To Class: ClassName=Controle du Filtre Member=Component U22 TL084
Added Member To Class: ClassName=Multiplexeur Member=Component U23 ADG704
Added Member To Class: ClassName=Multiplexeur Member=Component U24 TL082
Added Member To Class: ClassName=Multiplexeur Member=Component U25 TL082
Added Member To Class: ClassName=Multiplexeur Member=Component U26 TL084
Added Member To Class: ClassName=Alimentation Member=Component VR1 LM1117-3.3
Added Member To Class: ClassName=Alimentation Member=Component VR2 LM1117-5.0
Added Member To Class: ClassName=Alimentation Member=Component VR3 LM1117-ADJ
Added Member To Class: ClassName=Alimentation Member=Component VR4 LM337L
Added Member To Class: ClassName=PIC Member=Component Y1 12.288 MHz
