Added Component: Designator=C1(CAPC1608N)
Added Component: Designator=C2(CAPC1608N)
Added Component: Designator=C3(CAPC1608N)
Added Component: Designator=C4(CAPC1608N)
Added Component: Designator=C5(CAPC1608N)
Added Component: Designator=C6(CAPC1608N)
Added Component: Designator=C7(CAPC1608N)
Added Component: Designator=C8(CAPC1608N)
Added Component: Designator=C9(CAPC1608N)
Added Component: Designator=C10(CAPC1608N)
Added Component: Designator=C13(RAD-0.3)
Added Component: Designator=C14(RB7.6-15)
Added Component: Designator=C15(RB7.6-15)
Added Component: Designator=C16(RB7.6-15)
Added Component: Designator=C17(C1206)
Added Component: Designator=C18(CAPC1608N)
Added Component: Designator=C19(CAPC1608N)
Added Component: Designator=C20(CAPC1608N)
Added Component: Designator=C21(RB7.6-15)
Added Component: Designator=C22(CAPC1608N)
Added Component: Designator=C23(CAPC1608N)
Added Component: Designator=C24(CAPC1608N)
Added Component: Designator=C25(RB7.6-15)
Added Component: Designator=C26(CAPC1608N)
Added Component: Designator=C27(CAPC1608N)
Added Component: Designator=C28(CAPC1608N)
Added Component: Designator=C29(CAPC1608N)
Added Component: Designator=C30(CAPC1608N)
Added Component: Designator=C31(CAPC1608N)
Added Component: Designator=C32(C1206)
Added Component: Designator=C33(C1206)
Added Component: Designator=C34(C1206)
Added Component: Designator=C35(C1206)
Added Component: Designator=C36(C1206)
Added Component: Designator=C37(C1206)
Added Component: Designator=D2(SMC)
Added Component: Designator=D3(DO-41)
Added Component: Designator=D4(LED-0)
Added Component: Designator=D5(LED-0)
Added Component: Designator=D6(LED-0)
Added Component: Designator=D7(LED-0)
Added Component: Designator=D8(LED-0)
Added Component: Designator=D9(LED-0)
Added Component: Designator=D10(LED-0)
Added Component: Designator=D11(LED-0)
Added Component: Designator=D12(LED-0)
Added Component: Designator=EA(EC12E)
Added Component: Designator=EB(EC12E)
Added Component: Designator=EC(EC12E)
Added Component: Designator=ED(EC12E)
Added Component: Designator=J4(ST-3150-5N)
Added Component: Designator=P1(HDR1X3)
Added Component: Designator=P2(CAPC1608N)
Added Component: Designator=P3(CAPC1608N)
Added Component: Designator=P4(VR5)
Added Component: Designator=P5(VR5)
Added Component: Designator=P6(VR5)
Added Component: Designator=P7(AXIAL-0.7)
Added Component: Designator=P8(AXIAL-0.7)
Added Component: Designator=P9(AXIAL-0.7)
Added Component: Designator=P10(VR5)
Added Component: Designator=P11(VR5)
Added Component: Designator=Q1(2N3906)
Added Component: Designator=Q2(2N3906)
Added Component: Designator=Q3(TO-92A)
Added Component: Designator=Q4(TO-92A)
Added Component: Designator=R1(CAPC1608N)
Added Component: Designator=R2(CAPC1608N)
Added Component: Designator=R3(AXIAL-0.3)
Added Component: Designator=R4(AXIAL-0.3)
Added Component: Designator=R5(AXIAL-0.3)
Added Component: Designator=R6(AXIAL-0.3)
Added Component: Designator=R7(AXIAL-0.3)
Added Component: Designator=R8(AXIAL-0.3)
Added Component: Designator=R9(J1-0603)
Added Component: Designator=R10(J1-0603)
Added Component: Designator=R11(J1-0603)
Added Component: Designator=R12(J1-0603)
Added Component: Designator=R13(CAPC1608N)
Added Component: Designator=R14(CAPC1608N)
Added Component: Designator=R15(CAPC1608N)
Added Component: Designator=R16(CAPC1608N)
Added Component: Designator=R17(CAPC1608N)
Added Component: Designator=R18(CAPC1608N)
Added Component: Designator=R19(CAPC1608N)
Added Component: Designator=R20(CAPC1608N)
Added Component: Designator=R21(CAPC1608N)
Added Component: Designator=R22(CAPC1608N)
Added Component: Designator=R23(CAPC1608N)
Added Component: Designator=R24(CAPC1608N)
Added Component: Designator=R25(CAPC1608N)
Added Component: Designator=R26(CAPC1608N)
Added Component: Designator=R27(CAPC1608N)
Added Component: Designator=R28(CAPC1608N)
Added Component: Designator=R29(CAPC1608N)
Added Component: Designator=R30(CAPC1608N)
Added Component: Designator=R31(CAPC1608N)
Added Component: Designator=R32(CAPC1608N)
Added Component: Designator=R33(CAPC1608N)
Added Component: Designator=R34(CAPC1608N)
Added Component: Designator=R35(CAPC1608N)
Added Component: Designator=R36(CAPC1608N)
Added Component: Designator=R37(CAPC1608N)
Added Component: Designator=R38(CAPC1608N)
Added Component: Designator=R39(CAPC1608N)
Added Component: Designator=R40(CAPC1608N)
Added Component: Designator=R41(CAPC1608N)
Added Component: Designator=R42(CAPC1608N)
Added Component: Designator=R43(CAPC1608N)
Added Component: Designator=R44(CAPC1608N)
Added Component: Designator=R45(CAPC1608N)
Added Component: Designator=R46(CAPC1608N)
Added Component: Designator=R47(CAPC1608N)
Added Component: Designator=R48(CAPC1608N)
Added Component: Designator=R49(CAPC1608N)
Added Component: Designator=R50(CAPC1608N)
Added Component: Designator=R51(CAPC1608N)
Added Component: Designator=R52(CAPC1608N)
Added Component: Designator=R53(CAPC1608N)
Added Component: Designator=R54(CAPC1608N)
Added Component: Designator=R55(CAPC1608N)
Added Component: Designator=R56(CAPC1608N)
Added Component: Designator=R57(CAPC1608N)
Added Component: Designator=R58(CAPC1608N)
Added Component: Designator=R59(CAPC1608N)
Added Component: Designator=R60(CAPC1608N)
Added Component: Designator=R61(CAPC1608N)
Added Component: Designator=R62(CAPC1608N)
Added Component: Designator=R63(CAPC1608N)
Added Component: Designator=R64(J1-0603)
Added Component: Designator=R65(J1-0603)
Added Component: Designator=R66(J1-0603)
Added Component: Designator=R67(J1-0603)
Added Component: Designator=R68(J1-0603)
Added Component: Designator=R69(J1-0603)
Added Component: Designator=R70(J1-0603)
Added Component: Designator=R71(J1-0603)
Added Component: Designator=R72(J1-0603)
Added Component: Designator=R73(J1-0603)
Added Component: Designator=R74(J1-0603)
Added Component: Designator=R75(J1-0603)
Added Component: Designator=R76(J1-0603)
Added Component: Designator=R77(J1-0603)
Added Component: Designator=R78(J1-0603)
Added Component: Designator=R79(J1-0603)
Added Component: Designator=R84(J1-0603)
Added Component: Designator=R85(RESC6332)
Added Component: Designator=R100(AXIAL-0.3)
Added Component: Designator=R101(AXIAL-0.3)
Added Component: Designator=R102(AXIAL-0.3)
Added Component: Designator=R103(AXIAL-0.3)
Added Component: Designator=R104(AXIAL-0.3)
Added Component: Designator=R105(AXIAL-0.3)
Added Component: Designator=R107(AXIAL-0.3)
Added Component: Designator=R108(AXIAL-0.3)
Added Component: Designator=R109(AXIAL-0.3)
Added Component: Designator=R110(AXIAL-0.3)
Added Component: Designator=R111(AXIAL-0.3)
Added Component: Designator=R112(AXIAL-0.3)
Added Component: Designator=R113(AXIAL-0.3)
Added Component: Designator=R114(AXIAL-0.3)
Added Component: Designator=R115(AXIAL-0.3)
Added Component: Designator=S2(SPST-2)
Added Component: Designator=S3(SPST-2)
Added Component: Designator=S4(SPST-2)
Added Component: Designator=S5(SPST-2)
Added Component: Designator=S6(SPST-2)
Added Component: Designator=U22(ADG704)
Added Pin To Net: NetName=NetC1_1 Pin=C1-1
Added Pin To Net: NetName=GND Pin=C1-2
Added Pin To Net: NetName=+3.3V Pin=C2-1
Added Pin To Net: NetName=GND Pin=C2-2
Added Pin To Net: NetName=NetC1_1 Pin=C3-1
Added Pin To Net: NetName=GND Pin=C3-2
Added Pin To Net: NetName=+5V Pin=C4-1
Added Pin To Net: NetName=GND Pin=C4-2
Added Pin To Net: NetName=NetC1_1 Pin=C5-1
Added Pin To Net: NetName=GND Pin=C5-2
Added Pin To Net: NetName=NetC1_1 Pin=C6-1
Added Pin To Net: NetName=GND Pin=C6-2
Added Pin To Net: NetName=+9V Pin=C7-1
Added Pin To Net: NetName=GND Pin=C7-2
Added Pin To Net: NetName=GND Pin=C8-1
Added Pin To Net: NetName=NetC8_2 Pin=C8-2
Added Pin To Net: NetName=GND Pin=C9-1
Added Pin To Net: NetName=NetC8_2 Pin=C9-2
Added Pin To Net: NetName=GND Pin=C10-1
Added Pin To Net: NetName=-9V Pin=C10-2
Added Pin To Net: NetName=NetC18_1 Pin=C18-1
Added Pin To Net: NetName=NetC18_2 Pin=C18-2
Added Pin To Net: NetName=NetC19_1 Pin=C19-1
Added Pin To Net: NetName=NetC19_2 Pin=C19-2
Added Pin To Net: NetName=NetC20_1 Pin=C20-1
Added Pin To Net: NetName=NetC20_2 Pin=C20-2
Added Pin To Net: NetName=GND Pin=C22-1
Added Pin To Net: NetName=+9V Pin=C22-2
Added Pin To Net: NetName=NetC23_1 Pin=C23-1
Added Pin To Net: NetName=+9V Pin=C23-2
Added Pin To Net: NetName=NetC24_1 Pin=C24-1
Added Pin To Net: NetName=+9V Pin=C24-2
Added Pin To Net: NetName=-9V Pin=C26-1
Added Pin To Net: NetName=GND Pin=C26-2
Added Pin To Net: NetName=-9V Pin=C27-1
Added Pin To Net: NetName=NetC23_1 Pin=C27-2
Added Pin To Net: NetName=-9V Pin=C28-1
Added Pin To Net: NetName=NetC24_1 Pin=C28-2
Added Pin To Net: NetName=GND Pin=C29-1
Added Pin To Net: NetName=NetC29_2 Pin=C29-2
Added Pin To Net: NetName=GND Pin=C30-1
Added Pin To Net: NetName=NetC30_2 Pin=C30-2
Added Pin To Net: NetName=NetC31_1 Pin=C31-1
Added Pin To Net: NetName=NetC31_2 Pin=C31-2
Added Pin To Net: NetName=GND Pin=P2-1
Added Pin To Net: NetName=NetP2_2 Pin=P2-2
Added Pin To Net: NetName=NetP3_1 Pin=P3-1
Added Pin To Net: NetName=GND Pin=P3-2
Added Pin To Net: NetName=GND Pin=Q1-1
Added Pin To Net: NetName=GND Pin=Q1-1
Added Pin To Net: NetName=GND Pin=Q1-1
Added Pin To Net: NetName=GND Pin=Q2-1
Added Pin To Net: NetName=GND Pin=Q2-1
Added Pin To Net: NetName=GND Pin=Q2-1
Added Pin To Net: NetName=NetP2_2 Pin=R1-1
Added Pin To Net: NetName=+9V Pin=R1-2
Added Pin To Net: NetName=-9V Pin=R2-1
Added Pin To Net: NetName=NetP3_1 Pin=R2-2
Added Pin To Net: NetName=NetR13_1 Pin=R13-1
Added Pin To Net: NetName=NetR13_2 Pin=R13-2
Added Pin To Net: NetName=NetR13_2 Pin=R14-1
Added Pin To Net: NetName=NetR14_2 Pin=R14-2
Added Pin To Net: NetName=NetC20_2 Pin=R15-1
Added Pin To Net: NetName=NetR15_2 Pin=R15-2
Added Pin To Net: NetName=NetC14_2 Pin=R16-1
Added Pin To Net: NetName=NetR13_1 Pin=R16-2
Added Pin To Net: NetName=NetR13_2 Pin=R17-1
Added Pin To Net: NetName=NetR17_2 Pin=R17-2
Added Pin To Net: NetName=NetR17_2 Pin=R18-1
Added Pin To Net: NetName=NetC18_1 Pin=R18-2
Added Pin To Net: NetName=NetR13_1 Pin=R19-1
Added Pin To Net: NetName=NetC19_1 Pin=R19-2
Added Pin To Net: NetName=NetC20_1 Pin=R20-1
Added Pin To Net: NetName=NetC20_2 Pin=R20-2
Added Pin To Net: NetName=NetC18_2 Pin=R21-1
Added Pin To Net: NetName=GND Pin=R21-2
Added Pin To Net: NetName=NetR22_1 Pin=R22-1
Added Pin To Net: NetName=NetR22_2 Pin=R22-2
Added Pin To Net: NetName=NetC20_1 Pin=R23-1
Added Pin To Net: NetName=GND Pin=R23-2
Added Pin To Net: NetName=NetC19_2 Pin=R24-1
Added Pin To Net: NetName=GND Pin=R24-2
Added Pin To Net: NetName=NetR25_1 Pin=R25-1
Added Pin To Net: NetName=NetR22_1 Pin=R25-2
Added Pin To Net: NetName=NetR25_1 Pin=R26-1
Added Pin To Net: NetName=GND Pin=R26-2
Added Pin To Net: NetName=GND Pin=R27-1
Added Pin To Net: NetName=NetR27_2 Pin=R27-2
Added Pin To Net: NetName=GND Pin=R28-1
Added Pin To Net: NetName=NetC20_2 Pin=R28-2
Added Pin To Net: NetName=NetR29_1 Pin=R29-1
Added Pin To Net: NetName=-9V Pin=R29-2
Added Pin To Net: NetName=NetR29_1 Pin=R30-1
Added Pin To Net: NetName=GND Pin=R30-2
Added Pin To Net: NetName=NetR17_2 Pin=R31-1
Added Pin To Net: NetName=GND Pin=R31-2
Added Pin To Net: NetName=NetR17_2 Pin=R32-1
Added Pin To Net: NetName=-9V Pin=R32-2
Added Pin To Net: NetName=NetR17_2 Pin=R33-1
Added Pin To Net: NetName=NetR33_2 Pin=R33-2
Added Pin To Net: NetName=NetR27_2 Pin=R34-1
Added Pin To Net: NetName=NetR34_2 Pin=R34-2
Added Pin To Net: NetName=NetR29_1 Pin=R35-1
Added Pin To Net: NetName=NetC18_1 Pin=R35-2
Added Pin To Net: NetName=NetC19_1 Pin=R36-1
Added Pin To Net: NetName=NetR29_1 Pin=R36-2
Added Pin To Net: NetName=+9V Pin=R37-1
Added Pin To Net: NetName=NetR37_2 Pin=R37-2
Added Pin To Net: NetName=+9V Pin=R38-1
Added Pin To Net: NetName=NetR38_2 Pin=R38-2
Added Pin To Net: NetName=-9V Pin=R39-1
Added Pin To Net: NetName=NetR33_2 Pin=R39-2
Added Pin To Net: NetName=NetR34_2 Pin=R40-1
Added Pin To Net: NetName=GND Pin=R40-2
Added Pin To Net: NetName=NetR41_1 Pin=R41-1
Added Pin To Net: NetName=GND Pin=R41-2
Added Pin To Net: NetName=-9V Pin=R42-1
Added Pin To Net: NetName=NetP4_2 Pin=R42-2
Added Pin To Net: NetName=NetP4_1 Pin=R43-1
Added Pin To Net: NetName=+9V Pin=R43-2
Added Pin To Net: NetName=NetP4_3 Pin=R44-1
Added Pin To Net: NetName=NetR44_2 Pin=R44-2
Added Pin To Net: NetName=NetR44_2 Pin=R45-1
Added Pin To Net: NetName=NetR45_2 Pin=R45-2
Added Pin To Net: NetName=NetR46_1 Pin=R46-1
Added Pin To Net: NetName=NetR46_2 Pin=R46-2
Added Pin To Net: NetName=NetR47_1 Pin=R47-1
Added Pin To Net: NetName=NetR46_2 Pin=R47-2
Added Pin To Net: NetName=NetR48_1 Pin=R48-1
Added Pin To Net: NetName=NetR44_2 Pin=R48-2
Added Pin To Net: NetName=NetR45_2 Pin=R49-1
Added Pin To Net: NetName=NetR47_1 Pin=R49-2
Added Pin To Net: NetName=NetQ1_3 Pin=R50-1
Added Pin To Net: NetName=NetR50_2 Pin=R50-2
Added Pin To Net: NetName=NetQ2_3 Pin=R51-1
Added Pin To Net: NetName=NetR51_2 Pin=R51-2
Added Pin To Net: NetName=NetR52_1 Pin=R52-1
Added Pin To Net: NetName=NetP5_1 Pin=R52-2
Added Pin To Net: NetName=NetR53_1 Pin=R53-1
Added Pin To Net: NetName=NetR52_1 Pin=R53-2
Added Pin To Net: NetName=-9V Pin=R54-1
Added Pin To Net: NetName=NetR54_2 Pin=R54-2
Added Pin To Net: NetName=NetR54_2 Pin=R55-1
Added Pin To Net: NetName=GND Pin=R55-2
Added Pin To Net: NetName=+9V Pin=R56-1
Added Pin To Net: NetName=NetC31_1 Pin=R56-2
Added Pin To Net: NetName=NetR57_1 Pin=R57-1
Added Pin To Net: NetName=NetR52_1 Pin=R57-2
Added Pin To Net: NetName=-9V Pin=R58-1
Added Pin To Net: NetName=NetP6_2 Pin=R58-2
Added Pin To Net: NetName=NetP6_1 Pin=R59-1
Added Pin To Net: NetName=+9V Pin=R59-2
Added Pin To Net: NetName=NetP7_2 Pin=R60-1
Added Pin To Net: NetName=NetD3_2 Pin=R60-2
Added Pin To Net: NetName=NetP6_3 Pin=R61-1
Added Pin To Net: NetName=NetR52_1 Pin=R61-2
Added Pin To Net: NetName=NetP5_2 Pin=R62-1
Added Pin To Net: NetName=GND Pin=R62-2
Added Pin To Net: NetName=NetC31_2 Pin=R63-1
Added Pin To Net: NetName=NetQ3_1 Pin=R63-2
Added Pin To Net: NetName=NetU1_48 Pin=U22-1
Added Pin To Net: NetName=NetC14_2 Pin=U22-2
Added Pin To Net: NetName=GND Pin=U22-3
Added Pin To Net: NetName=NetR22_2 Pin=U22-4
Added Pin To Net: NetName=+5V Pin=U22-5
Added Pin To Net: NetName=+5V Pin=U22-6
Added Pin To Net: NetName=NetR15_2 Pin=U22-7
Added Pin To Net: NetName=NetP10_2 Pin=U22-8
Added Pin To Net: NetName=NetR14_2 Pin=U22-9
Added Pin To Net: NetName=NetU1_47 Pin=U22-10
Added Member To Class: ClassName=Alimentation Member=Component C1 10uF
Added Member To Class: ClassName=Alimentation Member=Component C2 100uF
Added Member To Class: ClassName=Alimentation Member=Component C3 10uF
Added Member To Class: ClassName=Alimentation Member=Component C4 100uF
Added Member To Class: ClassName=Alimentation Member=Component C5 2200uF
Added Member To Class: ClassName=Alimentation Member=Component C6 10uF
Added Member To Class: ClassName=Alimentation Member=Component C7 100uF
Added Member To Class: ClassName=Alimentation Member=Component C8 2200uF
Added Member To Class: ClassName=Alimentation Member=Component C9 10uF
Added Member To Class: ClassName=Alimentation Member=Component C10 100uF
Added Member To Class: ClassName=Filtres Member=Component C18 0.1uF
Added Member To Class: ClassName=Filtres Member=Component C19 0.1uF
Added Member To Class: ClassName=Filtres Member=Component C20 22pF
Added Member To Class: ClassName=Filtres Member=Component C22 0.1uF
Added Member To Class: ClassName=Filtres Member=Component C23 0.1uF
Added Member To Class: ClassName=Filtres Member=Component C24 0.1uF
Added Member To Class: ClassName=Filtres Member=Component C26 0.1uF
Added Member To Class: ClassName=Filtres Member=Component C27 0.1uF
Added Member To Class: ClassName=Filtres Member=Component C28 0.1uF
Added Member To Class: ClassName=Filtres Member=Component C29 220pF
Added Member To Class: ClassName=Filtres Member=Component C30 220pF
Added Member To Class: ClassName=Filtres Member=Component C31 100pF
Added Member To Class: ClassName=Encodeurs Member=Component EA EC12E
Added Member To Class: ClassName=Encodeurs Member=Component EB EC12E
Added Member To Class: ClassName=Encodeurs Member=Component EC EC12E
Added Member To Class: ClassName=Encodeurs Member=Component ED EC12E
Added Member To Class: ClassName=Alimentation Member=Component P2 1k
Added Member To Class: ClassName=Alimentation Member=Component P3 1k
Added Member To Class: ClassName=Filtres Member=Component Q1 2N3906
Added Member To Class: ClassName=Filtres Member=Component Q2 2N3906
Added Member To Class: ClassName=Alimentation Member=Component R1 120
Added Member To Class: ClassName=Alimentation Member=Component R2 240
Added Member To Class: ClassName=Filtres Member=Component R13 300k
Added Member To Class: ClassName=Filtres Member=Component R14 2k
Added Member To Class: ClassName=Filtres Member=Component R15 2k
Added Member To Class: ClassName=Filtres Member=Component R16 200k
Added Member To Class: ClassName=Filtres Member=Component R17 100k
Added Member To Class: ClassName=Filtres Member=Component R18 100k
Added Member To Class: ClassName=Filtres Member=Component R19 49.9k
Added Member To Class: ClassName=Filtres Member=Component R20 150k
Added Member To Class: ClassName=Filtres Member=Component R21 4.7M
Added Member To Class: ClassName=Filtres Member=Component R22 2k
Added Member To Class: ClassName=Filtres Member=Component R23 180k
Added Member To Class: ClassName=Filtres Member=Component R24 4.7M
Added Member To Class: ClassName=Filtres Member=Component R25 150k
Added Member To Class: ClassName=Filtres Member=Component R26 39k
Added Member To Class: ClassName=Filtres Member=Component R27 300k
Added Member To Class: ClassName=Filtres Member=Component R28 49.9k
Added Member To Class: ClassName=Filtres Member=Component R29 39k
Added Member To Class: ClassName=Filtres Member=Component R30 100
Added Member To Class: ClassName=Filtres Member=Component R31 100
Added Member To Class: ClassName=Filtres Member=Component R32 43k
Added Member To Class: ClassName=Filtres Member=Component R33 150k
Added Member To Class: ClassName=Filtres Member=Component R34 30k
Added Member To Class: ClassName=Filtres Member=Component R35 100k
Added Member To Class: ClassName=Filtres Member=Component R36 100k
Added Member To Class: ClassName=Filtres Member=Component R37 20k
Added Member To Class: ClassName=Filtres Member=Component R38 20k
Added Member To Class: ClassName=Filtres Member=Component R39 4.7k
Added Member To Class: ClassName=Filtres Member=Component R40 100
Added Member To Class: ClassName=Filtres Member=Component R41 30k
Added Member To Class: ClassName=Filtres Member=Component R42 50k
Added Member To Class: ClassName=Filtres Member=Component R43 50k
Added Member To Class: ClassName=Filtres Member=Component R44 100k
Added Member To Class: ClassName=Filtres Member=Component R45 120k
Added Member To Class: ClassName=Filtres Member=Component R46 30k
Added Member To Class: ClassName=Filtres Member=Component R47 100k
Added Member To Class: ClassName=Filtres Member=Component R48 100k
Added Member To Class: ClassName=Filtres Member=Component R49 100k
Added Member To Class: ClassName=Filtres Member=Component R50 7.5k
Added Member To Class: ClassName=Filtres Member=Component R51 7.5k
Added Member To Class: ClassName=Filtres Member=Component R52 2k
Added Member To Class: ClassName=Filtres Member=Component R53 100k
Added Member To Class: ClassName=Filtres Member=Component R54 100k
Added Member To Class: ClassName=Filtres Member=Component R55 30k
Added Member To Class: ClassName=Filtres Member=Component R56 1M
Added Member To Class: ClassName=Filtres Member=Component R57 100k
Added Member To Class: ClassName=Filtres Member=Component R58 33k
Added Member To Class: ClassName=Filtres Member=Component R59 33k
Added Member To Class: ClassName=Filtres Member=Component R60 10k
Added Member To Class: ClassName=Filtres Member=Component R61 100k
Added Member To Class: ClassName=Filtres Member=Component R62 475
Added Member To Class: ClassName=Filtres Member=Component R63 10k
Added Member To Class: ClassName=Multiplexeur Member=Component U22 ADG704
Added Room: Name=Alimentation
Added Room: Name=Controle du Filtre
Added Room: Name=DAC
Added Room: Name=Display
Added Room: Name=Encodeurs
Added Room: Name=Filtres
Added Room: Name=MIDI IN
Added Room: Name=Multiplexeur
Added Room: Name=PIC
