Change Component Designator: Old Designator=R2 New Designator=R3
Change Component Designator: Old Designator=R2 New Designator=R11
Change Component Designator: Old Designator=R32 New Designator=R31
Change Component Designator: Old Designator=R35 New Designator=R32
Change Component Designator: Old Designator=R36 New Designator=R33
Change Component Designator: Old Designator=R37 New Designator=R34
Change Component Designator: Old Designator=R39 New Designator=R35
Change Component Designator: Old Designator=R40 New Designator=R36
Change Component Designator: Old Designator=R41 New Designator=R37
Change Component Designator: Old Designator=R42 New Designator=R38
Change Component Designator: Old Designator=R45 New Designator=R40
Change Component Designator: Old Designator=R46 New Designator=R41
Change Component Designator: Old Designator=R47 New Designator=R39
Change Component Designator: Old Designator=R47 New Designator=R42
Change Component Designator: Old Designator=R49 New Designator=R43
Change Component Designator: Old Designator=R50 New Designator=R44
Change Component Designator: Old Designator=R52 New Designator=R45
Change Component Designator: Old Designator=R53 New Designator=R46
Change Component Designator: Old Designator=R54 New Designator=R47
Change Component Designator: Old Designator=R55 New Designator=R48
Change Component Designator: Old Designator=U1-A New Designator=U13
Change Component Designator: Old Designator=U1-B New Designator=U16
Change Component Designator: Old Designator=U2 New Designator=U14
Change Component Designator: Old Designator=U2-A New Designator=U6
Change Component Designator: Old Designator=U2-B New Designator=U7
Change Component Designator: Old Designator=U3-A New Designator=U2
Change Component Designator: Old Designator=U3-B New Designator=U1
Change Component Designator: Old Designator=U3-C New Designator=U3
Change Component Designator: Old Designator=U3-D New Designator=U4
Change Component Designator: Old Designator=U4-A New Designator=U8
Change Component Designator: Old Designator=U4-B New Designator=U9
Change Component Designator: Old Designator=U5-A New Designator=U11
Change Component Designator: Old Designator=U5-B New Designator=U12
Change Component Designator: Old Designator=U6 New Designator=U5
Change Component Designator: Old Designator=U6-A New Designator=U10
Change Component Designator: Old Designator=U6-B New Designator=U15
